2025-05-07 00:11:33,912 WARNING database DDL Query made to DB:
ALTER TABLE `tabWorkstation` MODIFY `hour_rate` decimal(21,9) NOT NULL DEFAULT 0.0, MODIFY `hour_rate_consumable` decimal(21,9) NOT NULL DEFAULT 0.0, MODIFY `hour_rate_rent` decimal(21,9) NOT NULL DEFAULT 0.0, MODIFY `production_capacity` int NOT NULL DEFAULT 1, MODIFY `hour_rate_labour` decimal(21,9) NOT NULL DEFAULT 0.0, MODIFY `hour_rate_electricity` decimal(21,9) NOT NULL DEFAULT 0.0, MODIFY `disabled` tinyint NOT NULL DEFAULT 0, MODIFY `total_working_hours` decimal(21,9) NOT NULL DEFAULT 0.0
2025-05-07 00:11:34,932 WARNING database DDL Query made to DB:
ALTER TABLE `tabWorkstation Type` MODIFY `hour_rate` decimal(21,9) NOT NULL DEFAULT 0.0, MODIFY `hour_rate_rent` decimal(21,9) NOT NULL DEFAULT 0.0, MODIFY `hour_rate_electricity` decimal(21,9) NOT NULL DEFAULT 0.0, MODIFY `hour_rate_labour` decimal(21,9) NOT NULL DEFAULT 0.0, MODIFY `hour_rate_consumable` decimal(21,9) NOT NULL DEFAULT 0.0
2025-05-07 00:11:35,278 WARNING database DDL Query made to DB:
ALTER TABLE `tabWorkstation Working Hour` MODIFY `hours` decimal(21,9) NOT NULL DEFAULT 0.0, MODIFY `enabled` tinyint NOT NULL DEFAULT 1
2025-05-07 00:11:36,289 WARNING database DDL Query made to DB:
ALTER TABLE `tabWork Order` MODIFY `additional_operating_cost` decimal(21,9) NOT NULL DEFAULT 0.0, MODIFY `reserve_stock` tinyint NOT NULL DEFAULT 0, MODIFY `track_semi_finished_goods` tinyint NOT NULL DEFAULT 0, MODIFY `total_operating_cost` decimal(21,9) NOT NULL DEFAULT 0.0, MODIFY `has_serial_no` tinyint NOT NULL DEFAULT 0, MODIFY `lead_time` decimal(21,9) NOT NULL DEFAULT 0.0, MODIFY `material_transferred_for_manufacturing` decimal(21,9) NOT NULL DEFAULT 0.0, MODIFY `has_batch_no` tinyint NOT NULL DEFAULT 0, MODIFY `update_consumed_material_cost_in_project` tinyint NOT NULL DEFAULT 1, MODIFY `process_loss_qty` decimal(21,9) NOT NULL DEFAULT 0.0, MODIFY `skip_transfer` tinyint NOT NULL DEFAULT 0, MODIFY `qty` decimal(21,9) NOT NULL DEFAULT 1.0, MODIFY `corrective_operation_cost` decimal(21,9) NOT NULL DEFAULT 0.0, MODIFY `allow_alternative_item` tinyint NOT NULL DEFAULT 0, MODIFY `batch_size` decimal(21,9) NOT NULL DEFAULT 0.0, MODIFY `from_wip_warehouse` tinyint NOT NULL DEFAULT 0, MODIFY `planned_operating_cost` decimal(21,9) NOT NULL DEFAULT 0.0, MODIFY `produced_qty` decimal(21,9) NOT NULL DEFAULT 0.0, MODIFY `use_multi_level_bom` tinyint NOT NULL DEFAULT 1, MODIFY `actual_operating_cost` decimal(21,9) NOT NULL DEFAULT 0.0
2025-05-07 00:11:36,747 WARNING database DDL Query made to DB:
ALTER TABLE `tabWork Order Item` MODIFY `allow_alternative_item` tinyint NOT NULL DEFAULT 0, MODIFY `required_qty` decimal(21,9) NOT NULL DEFAULT 0.0, MODIFY `include_item_in_manufacturing` tinyint NOT NULL DEFAULT 0, MODIFY `available_qty_at_source_warehouse` decimal(21,9) NOT NULL DEFAULT 0.0, MODIFY `stock_reserved_qty` decimal(21,9) NOT NULL DEFAULT 0.0, MODIFY `amount` decimal(21,9) NOT NULL DEFAULT 0.0, MODIFY `transferred_qty` decimal(21,9) NOT NULL DEFAULT 0.0, MODIFY `available_qty_at_wip_warehouse` decimal(21,9) NOT NULL DEFAULT 0.0, MODIFY `rate` decimal(21,9) NOT NULL DEFAULT 0.0, MODIFY `returned_qty` decimal(21,9) NOT NULL DEFAULT 0.0, MODIFY `operation_row_id` int NOT NULL DEFAULT 0, MODIFY `consumed_qty` decimal(21,9) NOT NULL DEFAULT 0.0
2025-05-07 00:11:37,403 WARNING database DDL Query made to DB:
ALTER TABLE `tabWork Order Operation` MODIFY `planned_operating_cost` decimal(21,9) NOT NULL DEFAULT 0.0, MODIFY `time_in_mins` decimal(21,9) NOT NULL DEFAULT 0.0, MODIFY `batch_size` decimal(21,9) NOT NULL DEFAULT 0.0, MODIFY `skip_material_transfer` tinyint NOT NULL DEFAULT 0, MODIFY `backflush_from_wip_warehouse` tinyint NOT NULL DEFAULT 0, MODIFY `actual_operating_cost` decimal(21,9) NOT NULL DEFAULT 0.0, MODIFY `completed_qty` decimal(21,9) NOT NULL DEFAULT 0.0, MODIFY `process_loss_qty` decimal(21,9) NOT NULL DEFAULT 0.0, MODIFY `is_subcontracted` tinyint NOT NULL DEFAULT 0, MODIFY `hour_rate` decimal(21,9) NOT NULL DEFAULT 0.0, MODIFY `actual_operation_time` decimal(21,9) NOT NULL DEFAULT 0.0, MODIFY `sequence_id` int NOT NULL DEFAULT 0
2025-05-07 00:11:39,161 WARNING database DDL Query made to DB:
ALTER TABLE `tabBatch` MODIFY `batch_qty` decimal(21,9) NOT NULL DEFAULT 0.0, MODIFY `qty_to_produce` decimal(21,9) NOT NULL DEFAULT 0.0, MODIFY `produced_qty` decimal(21,9) NOT NULL DEFAULT 0.0, MODIFY `disabled` tinyint NOT NULL DEFAULT 0, MODIFY `use_batchwise_valuation` tinyint NOT NULL DEFAULT 0
2025-05-07 00:11:39,766 WARNING database DDL Query made to DB:
ALTER TABLE `tabBin` MODIFY `indented_qty` decimal(21,9) NOT NULL DEFAULT 0.0, MODIFY `reserved_qty` decimal(21,9) NOT NULL DEFAULT 0.0, MODIFY `planned_qty` decimal(21,9) NOT NULL DEFAULT 0.0, MODIFY `stock_value` decimal(21,9) NOT NULL DEFAULT 0.0, MODIFY `reserved_qty_for_production_plan` decimal(21,9) NOT NULL DEFAULT 0.0, MODIFY `projected_qty` decimal(21,9) NOT NULL DEFAULT 0.0, MODIFY `valuation_rate` decimal(21,9) NOT NULL DEFAULT 0.0, MODIFY `ordered_qty` decimal(21,9) NOT NULL DEFAULT 0.0, MODIFY `reserved_qty_for_sub_contract` decimal(21,9) NOT NULL DEFAULT 0.0, MODIFY `reserved_qty_for_production` decimal(21,9) NOT NULL DEFAULT 0.0, MODIFY `actual_qty` decimal(21,9) NOT NULL DEFAULT 0.0, MODIFY `reserved_stock` decimal(21,9) NOT NULL DEFAULT 0.0
2025-05-07 00:11:41,438 WARNING database DDL Query made to DB:
ALTER TABLE `tabDelivery Note` MODIFY `group_same_items` tinyint NOT NULL DEFAULT 0, MODIFY `commission_rate` decimal(21,9) NOT NULL DEFAULT 0.0, MODIFY `total_qty` decimal(21,9) NOT NULL DEFAULT 0.0, MODIFY `issue_credit_note` tinyint NOT NULL DEFAULT 0, MODIFY `base_rounding_adjustment` decimal(21,9) NOT NULL DEFAULT 0.0, MODIFY `additional_discount_percentage` decimal(21,9) NOT NULL DEFAULT 0.0, MODIFY `plc_conversion_rate` decimal(21,9) NOT NULL DEFAULT 0.0, MODIFY `per_billed` decimal(21,9) NOT NULL DEFAULT 0.0, MODIFY `discount_amount` decimal(21,9) NOT NULL DEFAULT 0.0, MODIFY `base_rounded_total` decimal(21,9) NOT NULL DEFAULT 0.0, MODIFY `net_total` decimal(21,9) NOT NULL DEFAULT 0.0, MODIFY `conversion_rate` decimal(21,9) NOT NULL DEFAULT 0.0, MODIFY `print_without_amount` tinyint NOT NULL DEFAULT 0, MODIFY `rounding_adjustment` decimal(21,9) NOT NULL DEFAULT 0.0, MODIFY `per_returned` decimal(21,9) NOT NULL DEFAULT 0.0, MODIFY `base_grand_total` decimal(21,9) NOT NULL DEFAULT 0.0, MODIFY `is_internal_customer` tinyint NOT NULL DEFAULT 0, MODIFY `rounded_total` decimal(21,9) NOT NULL DEFAULT 0.0, MODIFY `total_commission` decimal(21,9) NOT NULL DEFAULT 0.0, MODIFY `base_total_taxes_and_charges` decimal(21,9) NOT NULL DEFAULT 0.0, MODIFY `ignore_pricing_rule` tinyint NOT NULL DEFAULT 0, MODIFY `total` decimal(21,9) NOT NULL DEFAULT 0.0, MODIFY `disable_rounded_total` tinyint NOT NULL DEFAULT 0, MODIFY `total_taxes_and_charges` decimal(21,9) NOT NULL DEFAULT 0.0, MODIFY `amount_eligible_for_commission` decimal(21,9) NOT NULL DEFAULT 0.0, MODIFY `set_posting_time` tinyint NOT NULL DEFAULT 0, MODIFY `base_net_total` decimal(21,9) NOT NULL DEFAULT 0.0, MODIFY `base_discount_amount` decimal(21,9) NOT NULL DEFAULT 0.0, MODIFY `grand_total` decimal(21,9) NOT NULL DEFAULT 0.0, MODIFY `is_return` tinyint NOT NULL DEFAULT 0, MODIFY `base_total` decimal(21,9) NOT NULL DEFAULT 0.0, MODIFY `total_net_weight` decimal(21,9) NOT NULL DEFAULT 0.0, MODIFY `per_installed` decimal(21,9) NOT NULL DEFAULT 0.0
2025-05-07 00:11:42,405 WARNING database DDL Query made to DB:
ALTER TABLE `tabDelivery Note Item` MODIFY `incoming_rate` decimal(21,9) NOT NULL DEFAULT 0.0, MODIFY `returned_qty` decimal(21,9) NOT NULL DEFAULT 0.0, MODIFY `rate_with_margin` decimal(21,9) NOT NULL DEFAULT 0.0, MODIFY `base_net_rate` decimal(21,9) NOT NULL DEFAULT 0.0, MODIFY `base_amount` decimal(21,9) NOT NULL DEFAULT 0.0, MODIFY `rate` decimal(21,9) NOT NULL DEFAULT 0.0, MODIFY `installed_qty` decimal(21,9) NOT NULL DEFAULT 0.0, MODIFY `distributed_discount_amount` decimal(21,9) NOT NULL DEFAULT 0.0, MODIFY `stock_uom_rate` decimal(21,9) NOT NULL DEFAULT 0.0, MODIFY `billed_amt` decimal(21,9) NOT NULL DEFAULT 0.0, MODIFY `stock_qty` decimal(21,9) NOT NULL DEFAULT 0.0, MODIFY `net_rate` decimal(21,9) NOT NULL DEFAULT 0.0, MODIFY `base_rate` decimal(21,9) NOT NULL DEFAULT 0.0, MODIFY `actual_batch_qty` decimal(21,9) NOT NULL DEFAULT 0.0, MODIFY `received_qty` decimal(21,9) NOT NULL DEFAULT 0.0, MODIFY `margin_rate_or_amount` decimal(21,9) NOT NULL DEFAULT 0.0, MODIFY `base_net_amount` decimal(21,9) NOT NULL DEFAULT 0.0, MODIFY `grant_commission` tinyint NOT NULL DEFAULT 0, MODIFY `page_break` tinyint NOT NULL DEFAULT 0, MODIFY `qty` decimal(21,9) NOT NULL DEFAULT 0.0, MODIFY `discount_amount` decimal(21,9) NOT NULL DEFAULT 0.0, MODIFY `conversion_factor` decimal(21,9) NOT NULL DEFAULT 0.0, MODIFY `base_price_list_rate` decimal(21,9) NOT NULL DEFAULT 0.0, MODIFY `use_serial_batch_fields` tinyint NOT NULL DEFAULT 0, MODIFY `total_weight` decimal(21,9) NOT NULL DEFAULT 0.0, MODIFY `company_total_stock` decimal(21,9) NOT NULL DEFAULT 0.0, MODIFY `has_item_scanned` tinyint NOT NULL DEFAULT 0, MODIFY `price_list_rate` decimal(21,9) NOT NULL DEFAULT 0.0, MODIFY `net_amount` decimal(21,9) NOT NULL DEFAULT 0.0, MODIFY `discount_percentage` decimal(21,9) NOT NULL DEFAULT 0.0, MODIFY `base_rate_with_margin` decimal(21,9) NOT NULL DEFAULT 0.0, MODIFY `allow_zero_valuation_rate` tinyint NOT NULL DEFAULT 0, MODIFY `actual_qty` decimal(21,9) NOT NULL DEFAULT 0.0, MODIFY `is_free_item` tinyint NOT NULL DEFAULT 0, MODIFY `packed_qty` decimal(21,9) NOT NULL DEFAULT 0.0, MODIFY `weight_per_unit` decimal(21,9) NOT NULL DEFAULT 0.0, MODIFY `amount` decimal(21,9) NOT NULL DEFAULT 0.0
2025-05-07 00:11:43,674 WARNING database DDL Query made to DB:
ALTER TABLE `tabDelivery Stop` MODIFY `locked` tinyint NOT NULL DEFAULT 0, MODIFY `lng` decimal(21,9) NOT NULL DEFAULT 0.0, MODIFY `grand_total` decimal(21,9) NOT NULL DEFAULT 0.0, MODIFY `visited` tinyint NOT NULL DEFAULT 0, MODIFY `distance` decimal(21,9) NOT NULL DEFAULT 0.0, MODIFY `lat` decimal(21,9) NOT NULL DEFAULT 0.0
2025-05-07 00:11:44,348 WARNING database DDL Query made to DB:
ALTER TABLE `tabDelivery Trip` MODIFY `total_distance` decimal(21,9) NOT NULL DEFAULT 0.0, MODIFY `email_notification_sent` tinyint NOT NULL DEFAULT 0
2025-05-07 00:11:45,224 WARNING database DDL Query made to DB:
ALTER TABLE `tabInventory Dimension` MODIFY `istable` tinyint NOT NULL DEFAULT 0, MODIFY `disabled` tinyint NOT NULL DEFAULT 0, MODIFY `validate_negative_stock` tinyint NOT NULL DEFAULT 0, MODIFY `reqd` tinyint NOT NULL DEFAULT 0, MODIFY `apply_to_all_doctypes` tinyint NOT NULL DEFAULT 1
2025-05-07 00:11:46,709 WARNING database DDL Query made to DB:
ALTER TABLE `tabItem` MODIFY `is_fixed_asset` tinyint NOT NULL DEFAULT 0, MODIFY `lead_time_days` int NOT NULL DEFAULT 0, MODIFY `disabled` tinyint NOT NULL DEFAULT 0, MODIFY `safety_stock` decimal(21,9) NOT NULL DEFAULT 0.0, MODIFY `retain_sample` tinyint NOT NULL DEFAULT 0, MODIFY `max_discount` decimal(21,9) NOT NULL DEFAULT 0.0, MODIFY `enable_deferred_expense` tinyint NOT NULL DEFAULT 0, MODIFY `has_expiry_date` tinyint NOT NULL DEFAULT 0, MODIFY `enable_deferred_revenue` tinyint NOT NULL DEFAULT 0, MODIFY `is_stock_item` tinyint NOT NULL DEFAULT 1, MODIFY `is_purchase_item` tinyint NOT NULL DEFAULT 1, MODIFY `opening_stock` decimal(21,9) NOT NULL DEFAULT 0.0, MODIFY `min_order_qty` decimal(21,9) NOT NULL DEFAULT 0.0, MODIFY `is_customer_provided_item` tinyint NOT NULL DEFAULT 0, MODIFY `auto_create_assets` tinyint NOT NULL DEFAULT 0, MODIFY `no_of_months` int NOT NULL DEFAULT 0, MODIFY `no_of_months_exp` int NOT NULL DEFAULT 0, MODIFY `grant_commission` tinyint NOT NULL DEFAULT 1, MODIFY `valuation_rate` decimal(21,9) NOT NULL DEFAULT 0.0, MODIFY `delivered_by_supplier` tinyint NOT NULL DEFAULT 0, MODIFY `has_batch_no` tinyint NOT NULL DEFAULT 0, MODIFY `over_delivery_receipt_allowance` decimal(21,9) NOT NULL DEFAULT 0.0, MODIFY `total_projected_qty` decimal(21,9) NOT NULL DEFAULT 0.0, MODIFY `standard_rate` decimal(21,9) NOT NULL DEFAULT 0.0, MODIFY `last_purchase_rate` decimal(21,9) NOT NULL DEFAULT 0.0, MODIFY `allow_alternative_item` tinyint NOT NULL DEFAULT 0, MODIFY `weight_per_unit` decimal(21,9) NOT NULL DEFAULT 0.0, MODIFY `has_serial_no` tinyint NOT NULL DEFAULT 0, MODIFY `inspection_required_before_purchase` tinyint NOT NULL DEFAULT 0, MODIFY `inspection_required_before_delivery` tinyint NOT NULL DEFAULT 0, MODIFY `has_variants` tinyint NOT NULL DEFAULT 0, MODIFY `create_new_batch` tinyint NOT NULL DEFAULT 0, MODIFY `allow_negative_stock` tinyint NOT NULL DEFAULT 0, MODIFY `sample_quantity` int NOT NULL DEFAULT 0, MODIFY `is_sub_contracted_item` tinyint NOT NULL DEFAULT 0, MODIFY `shelf_life_in_days` int NOT NULL DEFAULT 0, MODIFY `over_billing_allowance` decimal(21,9) NOT NULL DEFAULT 0.0, MODIFY `include_item_in_manufacturing` tinyint NOT NULL DEFAULT 1, MODIFY `is_sales_item` tinyint NOT NULL DEFAULT 1, MODIFY `is_grouped_asset` tinyint NOT NULL DEFAULT 0
2025-05-07 00:11:47,618 WARNING database DDL Query made to DB:
ALTER TABLE `tabItem Alternative` MODIFY `two_way` tinyint NOT NULL DEFAULT 0
2025-05-07 00:11:48,444 WARNING database DDL Query made to DB:
ALTER TABLE `tabItem Attribute` MODIFY `numeric_values` tinyint NOT NULL DEFAULT 0, MODIFY `disabled` tinyint NOT NULL DEFAULT 0, MODIFY `to_range` decimal(21,9) NOT NULL DEFAULT 0.0, MODIFY `from_range` decimal(21,9) NOT NULL DEFAULT 0.0, MODIFY `increment` decimal(21,9) NOT NULL DEFAULT 0.0
2025-05-07 00:11:53,435 WARNING database DDL Query made to DB:
ALTER TABLE `tabItem Manufacturer` MODIFY `is_default` tinyint NOT NULL DEFAULT 0
2025-05-07 00:11:54,072 WARNING database DDL Query made to DB:
ALTER TABLE `tabItem Price` MODIFY `buying` tinyint NOT NULL DEFAULT 0, MODIFY `lead_time_days` int NOT NULL DEFAULT 0, MODIFY `price_list_rate` decimal(21,9) NOT NULL DEFAULT 0.0, MODIFY `packing_unit` int NOT NULL DEFAULT 0, MODIFY `selling` tinyint NOT NULL DEFAULT 0
2025-05-07 00:11:54,752 WARNING database DDL Query made to DB:
ALTER TABLE `tabItem Quality Inspection Parameter` MODIFY `formula_based_criteria` tinyint NOT NULL DEFAULT 0, MODIFY `max_value` decimal(21,9) NOT NULL DEFAULT 0.0, MODIFY `numeric` tinyint NOT NULL DEFAULT 1, MODIFY `min_value` decimal(21,9) NOT NULL DEFAULT 0.0
2025-05-07 00:11:55,285 WARNING database DDL Query made to DB:
ALTER TABLE `tabItem Reorder` MODIFY `warehouse_reorder_qty` decimal(21,9) NOT NULL DEFAULT 0.0, MODIFY `warehouse_reorder_level` decimal(21,9) NOT NULL DEFAULT 0.0
2025-05-07 00:11:56,057 WARNING database DDL Query made to DB:
ALTER TABLE `tabItem Tax` MODIFY `minimum_net_rate` decimal(21,9) NOT NULL DEFAULT 0.0, MODIFY `maximum_net_rate` decimal(21,9) NOT NULL DEFAULT 0.0
2025-05-07 00:11:57,018 WARNING database DDL Query made to DB:
ALTER TABLE `tabItem Variant Attribute` MODIFY `disabled` tinyint NOT NULL DEFAULT 0, MODIFY `from_range` decimal(21,9) NOT NULL DEFAULT 0.0, MODIFY `numeric_values` tinyint NOT NULL DEFAULT 0, MODIFY `to_range` decimal(21,9) NOT NULL DEFAULT 0.0, MODIFY `increment` decimal(21,9) NOT NULL DEFAULT 0.0
2025-05-07 00:11:58,738 WARNING database DDL Query made to DB:
ALTER TABLE `tabLanded Cost Item` MODIFY `amount` decimal(21,9) NOT NULL DEFAULT 0.0, MODIFY `is_fixed_asset` tinyint NOT NULL DEFAULT 0, MODIFY `qty` decimal(21,9) NOT NULL DEFAULT 0.0, MODIFY `applicable_charges` decimal(21,9) NOT NULL DEFAULT 0.0, MODIFY `rate` decimal(21,9) NOT NULL DEFAULT 0.0
2025-05-07 00:11:59,520 WARNING database DDL Query made to DB:
ALTER TABLE `tabLanded Cost Purchase Receipt` MODIFY `grand_total` decimal(21,9) NOT NULL DEFAULT 0.0
2025-05-07 00:12:00,061 WARNING database DDL Query made to DB:
ALTER TABLE `tabLanded Cost Taxes and Charges` MODIFY `base_amount` decimal(21,9) NOT NULL DEFAULT 0.0, MODIFY `has_corrective_cost` tinyint NOT NULL DEFAULT 0, MODIFY `exchange_rate` decimal(21,9) NOT NULL DEFAULT 0.0, MODIFY `amount` decimal(21,9) NOT NULL DEFAULT 0.0
2025-05-07 00:12:01,115 WARNING database DDL Query made to DB:
ALTER TABLE `tabLanded Cost Voucher` MODIFY `total_taxes_and_charges` decimal(21,9) NOT NULL DEFAULT 0.0
2025-05-07 00:12:02,489 WARNING database DDL Query made to DB:
ALTER TABLE `tabMaterial Request` MODIFY `per_ordered` decimal(21,9) NOT NULL DEFAULT 0.0, MODIFY `per_received` decimal(21,9) NOT NULL DEFAULT 0.0
2025-05-07 00:12:03,230 WARNING database DDL Query made to DB:
ALTER TABLE `tabMaterial Request Item` MODIFY `price_list_rate` decimal(21,9) NOT NULL DEFAULT 0.0, MODIFY `rate` decimal(21,9) NOT NULL DEFAULT 0.0, MODIFY `conversion_factor` decimal(21,9) NOT NULL DEFAULT 0.0, MODIFY `ordered_qty` decimal(21,9) NOT NULL DEFAULT 0.0, MODIFY `stock_qty` decimal(21,9) NOT NULL DEFAULT 0.0, MODIFY `actual_qty` decimal(21,9) NOT NULL DEFAULT 0.0, MODIFY `received_qty` decimal(21,9) NOT NULL DEFAULT 0.0, MODIFY `min_order_qty` decimal(21,9) NOT NULL DEFAULT 0.0, MODIFY `amount` decimal(21,9) NOT NULL DEFAULT 0.0, MODIFY `projected_qty` decimal(21,9) NOT NULL DEFAULT 0.0, MODIFY `qty` decimal(21,9) NOT NULL DEFAULT 0.0, MODIFY `page_break` tinyint NOT NULL DEFAULT 0
2025-05-07 00:12:04,044 WARNING database DDL Query made to DB:
ALTER TABLE `tabPacked Item` MODIFY `packed_qty` decimal(21,9) NOT NULL DEFAULT 0.0, MODIFY `qty` decimal(21,9) NOT NULL DEFAULT 0.0, MODIFY `page_break` tinyint NOT NULL DEFAULT 0, MODIFY `ordered_qty` decimal(21,9) NOT NULL DEFAULT 0.0, MODIFY `actual_batch_qty` decimal(21,9) NOT NULL DEFAULT 0.0, MODIFY `picked_qty` decimal(21,9) NOT NULL DEFAULT 0.0, MODIFY `projected_qty` decimal(21,9) NOT NULL DEFAULT 0.0, MODIFY `use_serial_batch_fields` tinyint NOT NULL DEFAULT 0, MODIFY `incoming_rate` decimal(21,9) NOT NULL DEFAULT 0.0, MODIFY `rate` decimal(21,9) NOT NULL DEFAULT 0.0, MODIFY `actual_qty` decimal(21,9) NOT NULL DEFAULT 0.0, MODIFY `conversion_factor` decimal(21,9) NOT NULL DEFAULT 0.0
2025-05-07 00:12:04,634 WARNING database DDL Query made to DB:
ALTER TABLE `tabPacking Slip` MODIFY `from_case_no` int NOT NULL DEFAULT 0, MODIFY `net_weight_pkg` decimal(21,9) NOT NULL DEFAULT 0.0, MODIFY `gross_weight_pkg` decimal(21,9) NOT NULL DEFAULT 0.0, MODIFY `to_case_no` int NOT NULL DEFAULT 0
2025-05-07 00:12:05,368 WARNING database DDL Query made to DB:
ALTER TABLE `tabPacking Slip Item` MODIFY `page_break` tinyint NOT NULL DEFAULT 0, MODIFY `net_weight` decimal(21,9) NOT NULL DEFAULT 0.0, MODIFY `qty` decimal(21,9) NOT NULL DEFAULT 0.0
2025-05-07 00:12:06,050 WARNING database DDL Query made to DB:
ALTER TABLE `tabPick List` MODIFY `pick_manually` tinyint NOT NULL DEFAULT 0, MODIFY `scan_mode` tinyint NOT NULL DEFAULT 0, MODIFY `ignore_pricing_rule` tinyint NOT NULL DEFAULT 0, MODIFY `for_qty` decimal(21,9) NOT NULL DEFAULT 0.0, MODIFY `prompt_qty` tinyint NOT NULL DEFAULT 0, MODIFY `consider_rejected_warehouses` tinyint NOT NULL DEFAULT 0, MODIFY `group_same_items` tinyint NOT NULL DEFAULT 0
2025-05-07 00:12:06,775 WARNING database DDL Query made to DB:
ALTER TABLE `tabPick List Item` MODIFY `qty` decimal(21,9) NOT NULL DEFAULT 1.0, MODIFY `stock_qty` decimal(21,9) NOT NULL DEFAULT 0.0, MODIFY `conversion_factor` decimal(21,9) NOT NULL DEFAULT 0.0, MODIFY `stock_reserved_qty` decimal(21,9) NOT NULL DEFAULT 0.0, MODIFY `use_serial_batch_fields` tinyint NOT NULL DEFAULT 0, MODIFY `picked_qty` decimal(21,9) NOT NULL DEFAULT 0.0
2025-05-07 00:12:07,319 WARNING database DDL Query made to DB:
ALTER TABLE `tabPrice List` MODIFY `enabled` tinyint NOT NULL DEFAULT 1, MODIFY `selling` tinyint NOT NULL DEFAULT 0, MODIFY `price_not_uom_dependent` tinyint NOT NULL DEFAULT 0, MODIFY `buying` tinyint NOT NULL DEFAULT 0
2025-05-07 00:12:09,025 WARNING database DDL Query made to DB:
ALTER TABLE `tabPurchase Receipt` MODIFY `conversion_rate` decimal(21,9) NOT NULL DEFAULT 0.0, MODIFY `is_subcontracted` tinyint NOT NULL DEFAULT 0, MODIFY `rounding_adjustment` decimal(21,9) NOT NULL DEFAULT 0.0, MODIFY `taxes_and_charges_deducted` decimal(21,9) NOT NULL DEFAULT 0.0, MODIFY `rounded_total` decimal(21,9) NOT NULL DEFAULT 0.0, MODIFY `total` decimal(21,9) NOT NULL DEFAULT 0.0, MODIFY `set_posting_time` tinyint NOT NULL DEFAULT 0, MODIFY `taxes_and_charges_added` decimal(21,9) NOT NULL DEFAULT 0.0, MODIFY `ignore_pricing_rule` tinyint NOT NULL DEFAULT 0, MODIFY `net_total` decimal(21,9) NOT NULL DEFAULT 0.0, MODIFY `discount_amount` decimal(21,9) NOT NULL DEFAULT 0.0, MODIFY `group_same_items` tinyint NOT NULL DEFAULT 0, MODIFY `is_old_subcontracting_flow` tinyint NOT NULL DEFAULT 0, MODIFY `additional_discount_percentage` decimal(21,9) NOT NULL DEFAULT 0.0, MODIFY `base_total` decimal(21,9) NOT NULL DEFAULT 0.0, MODIFY `base_discount_amount` decimal(21,9) NOT NULL DEFAULT 0.0, MODIFY `is_return` tinyint NOT NULL DEFAULT 0, MODIFY `total_qty` decimal(21,9) NOT NULL DEFAULT 0.0, MODIFY `base_rounding_adjustment` decimal(21,9) NOT NULL DEFAULT 0.0, MODIFY `per_returned` decimal(21,9) NOT NULL DEFAULT 0.0, MODIFY `base_taxes_and_charges_added` decimal(21,9) NOT NULL DEFAULT 0.0, MODIFY `base_taxes_and_charges_deducted` decimal(21,9) NOT NULL DEFAULT 0.0, MODIFY `per_billed` decimal(21,9) NOT NULL DEFAULT 0.0, MODIFY `base_tax_withholding_net_total` decimal(21,9) NOT NULL DEFAULT 0.0, MODIFY `is_internal_supplier` tinyint NOT NULL DEFAULT 0, MODIFY `total_taxes_and_charges` decimal(21,9) NOT NULL DEFAULT 0.0, MODIFY `apply_putaway_rule` tinyint NOT NULL DEFAULT 0, MODIFY `tax_withholding_net_total` decimal(21,9) NOT NULL DEFAULT 0.0, MODIFY `base_net_total` decimal(21,9) NOT NULL DEFAULT 0.0, MODIFY `plc_conversion_rate` decimal(21,9) NOT NULL DEFAULT 0.0, MODIFY `base_rounded_total` decimal(21,9) NOT NULL DEFAULT 0.0, MODIFY `base_grand_total` decimal(21,9) NOT NULL DEFAULT 0.0, MODIFY `base_total_taxes_and_charges` decimal(21,9) NOT NULL DEFAULT 0.0, MODIFY `total_net_weight` decimal(21,9) NOT NULL DEFAULT 0.0, MODIFY `disable_rounded_total` tinyint NOT NULL DEFAULT 0, MODIFY `grand_total` decimal(21,9) NOT NULL DEFAULT 0.0
2025-05-07 00:12:10,010 WARNING database DDL Query made to DB:
ALTER TABLE `tabPurchase Receipt Item` MODIFY `stock_qty` decimal(21,9) NOT NULL DEFAULT 0.0, MODIFY `base_rate` decimal(21,9) NOT NULL DEFAULT 0.0, MODIFY `discount_amount` decimal(21,9) NOT NULL DEFAULT 0.0, MODIFY `landed_cost_voucher_amount` decimal(21,9) NOT NULL DEFAULT 0.0, MODIFY `received_stock_qty` decimal(21,9) NOT NULL DEFAULT 0.0, MODIFY `billed_amt` decimal(21,9) NOT NULL DEFAULT 0.0, MODIFY `base_net_rate` decimal(21,9) NOT NULL DEFAULT 0.0, MODIFY `apply_tds` tinyint NOT NULL DEFAULT 1, MODIFY `total_weight` decimal(21,9) NOT NULL DEFAULT 0.0, MODIFY `base_price_list_rate` decimal(21,9) NOT NULL DEFAULT 0.0, MODIFY `has_item_scanned` tinyint NOT NULL DEFAULT 0, MODIFY `base_net_amount` decimal(21,9) NOT NULL DEFAULT 0.0, MODIFY `return_qty_from_rejected_warehouse` tinyint NOT NULL DEFAULT 0, MODIFY `page_break` tinyint NOT NULL DEFAULT 0, MODIFY `amount` decimal(21,9) NOT NULL DEFAULT 0.0, MODIFY `base_amount` decimal(21,9) NOT NULL DEFAULT 0.0, MODIFY `distributed_discount_amount` decimal(21,9) NOT NULL DEFAULT 0.0, MODIFY `sample_quantity` int NOT NULL DEFAULT 0, MODIFY `sales_incoming_rate` decimal(21,9) NOT NULL DEFAULT 0.0, MODIFY `valuation_rate` decimal(21,9) NOT NULL DEFAULT 0.0, MODIFY `is_free_item` tinyint NOT NULL DEFAULT 0, MODIFY `item_tax_amount` decimal(21,9) NOT NULL DEFAULT 0.0, MODIFY `rate` decimal(21,9) NOT NULL DEFAULT 0.0, MODIFY `rejected_qty` decimal(21,9) NOT NULL DEFAULT 0.0, MODIFY `include_exploded_items` tinyint NOT NULL DEFAULT 0, MODIFY `margin_rate_or_amount` decimal(21,9) NOT NULL DEFAULT 0.0, MODIFY `weight_per_unit` decimal(21,9) NOT NULL DEFAULT 0.0, MODIFY `stock_uom_rate` decimal(21,9) NOT NULL DEFAULT 0.0, MODIFY `rate_with_margin` decimal(21,9) NOT NULL DEFAULT 0.0, MODIFY `returned_qty` decimal(21,9) NOT NULL DEFAULT 0.0, MODIFY `price_list_rate` decimal(21,9) NOT NULL DEFAULT 0.0, MODIFY `net_amount` decimal(21,9) NOT NULL DEFAULT 0.0, MODIFY `net_rate` decimal(21,9) NOT NULL DEFAULT 0.0, MODIFY `conversion_factor` decimal(21,9) NOT NULL DEFAULT 0.0, MODIFY `amount_difference_with_purchase_invoice` decimal(21,9) NOT NULL DEFAULT 0.0, MODIFY `allow_zero_valuation_rate` tinyint NOT NULL DEFAULT 0, MODIFY `use_serial_batch_fields` tinyint NOT NULL DEFAULT 0, MODIFY `base_rate_with_margin` decimal(21,9) NOT NULL DEFAULT 0.0, MODIFY `discount_percentage` decimal(21,9) NOT NULL DEFAULT 0.0, MODIFY `is_fixed_asset` tinyint NOT NULL DEFAULT 0, MODIFY `rm_supp_cost` decimal(21,9) NOT NULL DEFAULT 0.0, MODIFY `received_qty` decimal(21,9) NOT NULL DEFAULT 0.0, MODIFY `qty` decimal(21,9) NOT NULL DEFAULT 0.0, MODIFY `retain_sample` tinyint NOT NULL DEFAULT 0
2025-05-07 00:12:10,492 WARNING database DDL Query made to DB:
ALTER TABLE `tabPutaway Rule` MODIFY `priority` int NOT NULL DEFAULT 1, MODIFY `capacity` decimal(21,9) NOT NULL DEFAULT 0.0, MODIFY `disable` tinyint NOT NULL DEFAULT 0, MODIFY `stock_capacity` decimal(21,9) NOT NULL DEFAULT 0.0, MODIFY `conversion_factor` decimal(21,9) NOT NULL DEFAULT 1.0
2025-05-07 00:12:11,094 WARNING database DDL Query made to DB:
ALTER TABLE `tabQuality Inspection` MODIFY `manual_inspection` tinyint NOT NULL DEFAULT 0, MODIFY `sample_size` decimal(21,9) NOT NULL DEFAULT 0.0
2025-05-07 00:12:13,396 WARNING database DDL Query made to DB:
ALTER TABLE `tabQuality Inspection Reading` MODIFY `max_value` decimal(21,9) NOT NULL DEFAULT 0.0, MODIFY `formula_based_criteria` tinyint NOT NULL DEFAULT 0, MODIFY `numeric` tinyint NOT NULL DEFAULT 1, MODIFY `manual_inspection` tinyint NOT NULL DEFAULT 0, MODIFY `min_value` decimal(21,9) NOT NULL DEFAULT 0.0
2025-05-07 00:12:15,381 WARNING database DDL Query made to DB:
ALTER TABLE `tabRepost Item Valuation` MODIFY `recreate_stock_ledgers` tinyint NOT NULL DEFAULT 0, MODIFY `allow_negative_stock` tinyint NOT NULL DEFAULT 1, MODIFY `total_reposting_count` int NOT NULL DEFAULT 0, MODIFY `gl_reposting_index` int NOT NULL DEFAULT 0, MODIFY `current_index` int NOT NULL DEFAULT 0, MODIFY `via_landed_cost_voucher` tinyint NOT NULL DEFAULT 0, MODIFY `allow_zero_rate` tinyint NOT NULL DEFAULT 0
2025-05-07 00:12:16,153 WARNING database DDL Query made to DB:
ALTER TABLE `tabSerial and Batch Bundle` MODIFY `has_serial_no` tinyint NOT NULL DEFAULT 0, MODIFY `has_batch_no` tinyint NOT NULL DEFAULT 0, MODIFY `is_rejected` tinyint NOT NULL DEFAULT 0, MODIFY `total_amount` decimal(21,9) NOT NULL DEFAULT 0.0, MODIFY `total_qty` decimal(21,9) NOT NULL DEFAULT 0.0, MODIFY `is_cancelled` tinyint NOT NULL DEFAULT 0, MODIFY `avg_rate` decimal(21,9) NOT NULL DEFAULT 0.0
2025-05-07 00:12:16,689 WARNING database DDL Query made to DB:
ALTER TABLE `tabSerial and Batch Entry` MODIFY `is_outward` tinyint NOT NULL DEFAULT 0, MODIFY `stock_value_difference` decimal(21,9) NOT NULL DEFAULT 0.0, MODIFY `qty` decimal(21,9) NOT NULL DEFAULT 1.0, MODIFY `delivered_qty` decimal(21,9) NOT NULL DEFAULT 0.0, MODIFY `outgoing_rate` decimal(21,9) NOT NULL DEFAULT 0.0, MODIFY `incoming_rate` decimal(21,9) NOT NULL DEFAULT 0.0
2025-05-07 00:12:17,327 WARNING database DDL Query made to DB:
ALTER TABLE `tabSerial No` MODIFY `warranty_period` int NOT NULL DEFAULT 0, MODIFY `purchase_rate` decimal(21,9) NOT NULL DEFAULT 0.0
2025-05-07 00:12:18,139 WARNING database DDL Query made to DB:
ALTER TABLE `tabShipment` MODIFY `value_of_goods` decimal(21,9) NOT NULL DEFAULT 0.0, MODIFY `pickup_to` time(6) DEFAULT '17:00', MODIFY `total_weight` decimal(21,9) NOT NULL DEFAULT 0.0, MODIFY `shipment_amount` decimal(21,9) NOT NULL DEFAULT 0.0, MODIFY `pickup_from` time(6) DEFAULT '09:00'
2025-05-07 00:12:18,746 WARNING database DDL Query made to DB:
ALTER TABLE `tabShipment Delivery Note` MODIFY `grand_total` decimal(21,9) NOT NULL DEFAULT 0.0
2025-05-07 00:12:19,414 WARNING database DDL Query made to DB:
ALTER TABLE `tabShipment Parcel` MODIFY `height` int NOT NULL DEFAULT 0, MODIFY `width` int NOT NULL DEFAULT 0, MODIFY `weight` decimal(21,9) NOT NULL DEFAULT 0.0, MODIFY `length` int NOT NULL DEFAULT 0, MODIFY `count` int NOT NULL DEFAULT 1
2025-05-07 00:12:19,864 WARNING database DDL Query made to DB:
ALTER TABLE `tabShipment Parcel Template` MODIFY `weight` decimal(21,9) NOT NULL DEFAULT 0.0, MODIFY `width` int NOT NULL DEFAULT 0, MODIFY `length` int NOT NULL DEFAULT 0, MODIFY `height` int NOT NULL DEFAULT 0
2025-05-07 00:12:20,398 WARNING database DDL Query made to DB:
ALTER TABLE `tabStock Closing Balance` MODIFY `stock_value_difference` decimal(21,9) NOT NULL DEFAULT 0.0, MODIFY `valuation_rate` decimal(21,9) NOT NULL DEFAULT 0.0, MODIFY `actual_qty` decimal(21,9) NOT NULL DEFAULT 0.0, MODIFY `stock_value` decimal(21,9) NOT NULL DEFAULT 0.0
2025-05-07 00:12:21,801 WARNING database DDL Query made to DB:
ALTER TABLE `tabStock Entry` MODIFY `use_multi_level_bom` tinyint NOT NULL DEFAULT 1, MODIFY `total_incoming_value` decimal(21,9) NOT NULL DEFAULT 0.0, MODIFY `set_posting_time` tinyint NOT NULL DEFAULT 0, MODIFY `add_to_transit` tinyint NOT NULL DEFAULT 0, MODIFY `total_additional_costs` decimal(21,9) NOT NULL DEFAULT 0.0, MODIFY `value_difference` decimal(21,9) NOT NULL DEFAULT 0.0, MODIFY `total_outgoing_value` decimal(21,9) NOT NULL DEFAULT 0.0, MODIFY `from_bom` tinyint NOT NULL DEFAULT 0, MODIFY `total_amount` decimal(21,9) NOT NULL DEFAULT 0.0, MODIFY `inspection_required` tinyint NOT NULL DEFAULT 0, MODIFY `process_loss_qty` decimal(21,9) NOT NULL DEFAULT 0.0, MODIFY `fg_completed_qty` decimal(21,9) NOT NULL DEFAULT 0.0, MODIFY `process_loss_percentage` decimal(21,9) NOT NULL DEFAULT 0.0, MODIFY `is_return` tinyint NOT NULL DEFAULT 0, MODIFY `apply_putaway_rule` tinyint NOT NULL DEFAULT 0, MODIFY `per_transferred` decimal(21,9) NOT NULL DEFAULT 0.0
2025-05-07 00:12:23,351 WARNING database DDL Query made to DB:
ALTER TABLE `tabStock Entry Detail` MODIFY `additional_cost` decimal(21,9) NOT NULL DEFAULT 0.0, MODIFY `valuation_rate` decimal(21,9) NOT NULL DEFAULT 0.0, MODIFY `set_basic_rate_manually` tinyint NOT NULL DEFAULT 0, MODIFY `transfer_qty` decimal(21,9) NOT NULL DEFAULT 0.0, MODIFY `basic_amount` decimal(21,9) NOT NULL DEFAULT 0.0, MODIFY `basic_rate` decimal(21,9) NOT NULL DEFAULT 0.0, MODIFY `allow_zero_valuation_rate` tinyint NOT NULL DEFAULT 0, MODIFY `retain_sample` tinyint NOT NULL DEFAULT 0, MODIFY `amount` decimal(21,9) NOT NULL DEFAULT 0.0, MODIFY `transferred_qty` decimal(21,9) NOT NULL DEFAULT 0.0, MODIFY `has_item_scanned` tinyint NOT NULL DEFAULT 0, MODIFY `is_scrap_item` tinyint NOT NULL DEFAULT 0, MODIFY `is_finished_item` tinyint NOT NULL DEFAULT 0, MODIFY `sample_quantity` int NOT NULL DEFAULT 0, MODIFY `allow_alternative_item` tinyint NOT NULL DEFAULT 0, MODIFY `use_serial_batch_fields` tinyint NOT NULL DEFAULT 0, MODIFY `actual_qty` decimal(21,9) NOT NULL DEFAULT 0.0, MODIFY `qty` decimal(21,9) NOT NULL DEFAULT 0.0, MODIFY `conversion_factor` decimal(21,9) NOT NULL DEFAULT 0.0
2025-05-07 00:12:26,264 WARNING database DDL Query made to DB:
ALTER TABLE `tabStock Entry Type` MODIFY `is_standard` tinyint NOT NULL DEFAULT 0, MODIFY `add_to_transit` tinyint NOT NULL DEFAULT 0
2025-05-07 00:12:27,048 WARNING database DDL Query made to DB:
ALTER TABLE `tabStock Ledger Entry` MODIFY `recalculate_rate` tinyint NOT NULL DEFAULT 0, MODIFY `outgoing_rate` decimal(21,9) NOT NULL DEFAULT 0.0, MODIFY `has_serial_no` tinyint NOT NULL DEFAULT 0, MODIFY `stock_value_difference` decimal(21,9) NOT NULL DEFAULT 0.0, MODIFY `actual_qty` decimal(21,9) NOT NULL DEFAULT 0.0, MODIFY `to_rename` tinyint NOT NULL DEFAULT 1, MODIFY `is_adjustment_entry` tinyint NOT NULL DEFAULT 0, MODIFY `incoming_rate` decimal(21,9) NOT NULL DEFAULT 0.0, MODIFY `auto_created_serial_and_batch_bundle` tinyint NOT NULL DEFAULT 0, MODIFY `is_cancelled` tinyint NOT NULL DEFAULT 0, MODIFY `qty_after_transaction` decimal(21,9) NOT NULL DEFAULT 0.0, MODIFY `valuation_rate` decimal(21,9) NOT NULL DEFAULT 0.0, MODIFY `stock_value` decimal(21,9) NOT NULL DEFAULT 0.0, MODIFY `has_batch_no` tinyint NOT NULL DEFAULT 0
2025-05-07 00:12:27,733 WARNING database DDL Query made to DB:
ALTER TABLE `tabStock Reconciliation` MODIFY `set_posting_time` tinyint NOT NULL DEFAULT 0, MODIFY `scan_mode` tinyint NOT NULL DEFAULT 0, MODIFY `difference_amount` decimal(21,9) NOT NULL DEFAULT 0.0
2025-05-07 00:12:28,185 WARNING database DDL Query made to DB:
ALTER TABLE `tabStock Reconciliation Item` MODIFY `amount_difference` decimal(21,9) NOT NULL DEFAULT 0.0, MODIFY `allow_zero_valuation_rate` tinyint NOT NULL DEFAULT 0, MODIFY `reconcile_all_serial_batch` tinyint NOT NULL DEFAULT 0, MODIFY `current_amount` decimal(21,9) NOT NULL DEFAULT 0.0, MODIFY `use_serial_batch_fields` tinyint NOT NULL DEFAULT 0, MODIFY `current_qty` decimal(21,9) NOT NULL DEFAULT 0.0, MODIFY `valuation_rate` decimal(21,9) NOT NULL DEFAULT 0.0, MODIFY `qty` decimal(21,9) NOT NULL DEFAULT 0.0, MODIFY `amount` decimal(21,9) NOT NULL DEFAULT 0.0, MODIFY `current_valuation_rate` decimal(21,9) NOT NULL DEFAULT 0.0
2025-05-07 00:12:29,560 WARNING database DDL Query made to DB:
ALTER TABLE `tabStock Reservation Entry` MODIFY `transferred_qty` decimal(21,9) NOT NULL DEFAULT 0.0, MODIFY `available_qty` decimal(21,9) NOT NULL DEFAULT 0.0, MODIFY `delivered_qty` decimal(21,9) NOT NULL DEFAULT 0.0, MODIFY `consumed_qty` decimal(21,9) NOT NULL DEFAULT 0.0, MODIFY `has_batch_no` tinyint NOT NULL DEFAULT 0, MODIFY `has_serial_no` tinyint NOT NULL DEFAULT 0, MODIFY `voucher_qty` decimal(21,9) NOT NULL DEFAULT 0.0, MODIFY `reserved_qty` decimal(21,9) NOT NULL DEFAULT 0.0
2025-05-07 00:12:31,360 WARNING database DDL Query made to DB:
ALTER TABLE `tabUOM Conversion Detail` MODIFY `conversion_factor` decimal(21,9) NOT NULL DEFAULT 0.0
2025-05-07 00:12:32,501 WARNING database DDL Query made to DB:
ALTER TABLE `tabWarehouse` MODIFY `is_rejected_warehouse` tinyint NOT NULL DEFAULT 0, MODIFY `rgt` int NOT NULL DEFAULT 0, MODIFY `is_group` tinyint NOT NULL DEFAULT 0, MODIFY `disabled` tinyint NOT NULL DEFAULT 0, MODIFY `lft` int NOT NULL DEFAULT 0
2025-05-07 00:12:36,012 WARNING database DDL Query made to DB:
ALTER TABLE `tabIssue` MODIFY `resolution_time` decimal(21,9), MODIFY `via_customer_portal` tinyint NOT NULL DEFAULT 0, MODIFY `avg_response_time` decimal(21,9), MODIFY `user_resolution_time` decimal(21,9), MODIFY `total_hold_time` decimal(21,9), MODIFY `first_response_time` decimal(21,9)
2025-05-07 00:12:38,747 WARNING database DDL Query made to DB:
ALTER TABLE `tabService Level Agreement` MODIFY `default_service_level_agreement` tinyint NOT NULL DEFAULT 0, MODIFY `enabled` tinyint NOT NULL DEFAULT 1, MODIFY `apply_sla_for_resolution` tinyint NOT NULL DEFAULT 1
2025-05-07 00:12:39,158 WARNING database DDL Query made to DB:
ALTER TABLE `tabService Level Priority` MODIFY `resolution_time` decimal(21,9), MODIFY `default_priority` tinyint NOT NULL DEFAULT 0, MODIFY `response_time` decimal(21,9)
2025-05-07 00:12:44,032 WARNING database DDL Query made to DB:
ALTER TABLE `tabVideo` MODIFY `duration` decimal(21,9), MODIFY `comment_count` decimal(21,9) NOT NULL DEFAULT 0.0, MODIFY `like_count` decimal(21,9) NOT NULL DEFAULT 0.0, MODIFY `view_count` decimal(21,9) NOT NULL DEFAULT 0.0, MODIFY `dislike_count` decimal(21,9) NOT NULL DEFAULT 0.0
2025-05-07 00:12:46,829 WARNING database DDL Query made to DB:
ALTER TABLE `tabAsset` MODIFY `value_after_depreciation` decimal(21,9) NOT NULL DEFAULT 0.0, MODIFY `opening_number_of_booked_depreciations` int NOT NULL DEFAULT 0, MODIFY `additional_asset_cost` decimal(21,9) NOT NULL DEFAULT 0.0, MODIFY `frequency_of_depreciation` int NOT NULL DEFAULT 0, MODIFY `is_fully_depreciated` tinyint NOT NULL DEFAULT 0, MODIFY `total_asset_cost` decimal(21,9) NOT NULL DEFAULT 0.0, MODIFY `booked_fixed_asset` tinyint NOT NULL DEFAULT 0, MODIFY `is_existing_asset` tinyint NOT NULL DEFAULT 0, MODIFY `purchase_amount` decimal(21,9) NOT NULL DEFAULT 0.0, MODIFY `asset_quantity` int NOT NULL DEFAULT 1, MODIFY `opening_accumulated_depreciation` decimal(21,9) NOT NULL DEFAULT 0.0, MODIFY `gross_purchase_amount` decimal(21,9) NOT NULL DEFAULT 0.0, MODIFY `total_number_of_depreciations` int NOT NULL DEFAULT 0, MODIFY `maintenance_required` tinyint NOT NULL DEFAULT 0, MODIFY `is_composite_asset` tinyint NOT NULL DEFAULT 0, MODIFY `calculate_depreciation` tinyint NOT NULL DEFAULT 0
2025-05-07 00:12:47,710 WARNING database DDL Query made to DB:
ALTER TABLE `tabAsset Capitalization` MODIFY `asset_items_total` decimal(21,9) NOT NULL DEFAULT 0.0, MODIFY `target_qty` decimal(21,9) NOT NULL DEFAULT 1.0, MODIFY `target_incoming_rate` decimal(21,9) NOT NULL DEFAULT 0.0, MODIFY `stock_items_total` decimal(21,9) NOT NULL DEFAULT 0.0, MODIFY `set_posting_time` tinyint NOT NULL DEFAULT 0, MODIFY `target_has_serial_no` tinyint NOT NULL DEFAULT 0, MODIFY `target_has_batch_no` tinyint NOT NULL DEFAULT 0, MODIFY `total_value` decimal(21,9) NOT NULL DEFAULT 0.0, MODIFY `target_is_fixed_asset` tinyint NOT NULL DEFAULT 0, MODIFY `service_items_total` decimal(21,9) NOT NULL DEFAULT 0.0
2025-05-07 00:12:48,495 WARNING database DDL Query made to DB:
ALTER TABLE `tabAsset Capitalization Asset Item` MODIFY `asset_value` decimal(21,9) NOT NULL DEFAULT 0.0, MODIFY `current_asset_value` decimal(21,9) NOT NULL DEFAULT 0.0
2025-05-07 00:12:49,038 WARNING database DDL Query made to DB:
ALTER TABLE `tabAsset Capitalization Service Item` MODIFY `amount` decimal(21,9) NOT NULL DEFAULT 0.0, MODIFY `rate` decimal(21,9) NOT NULL DEFAULT 0.0, MODIFY `qty` decimal(21,9) NOT NULL DEFAULT 1.0
2025-05-07 00:12:49,646 WARNING database DDL Query made to DB:
ALTER TABLE `tabAsset Capitalization Stock Item` MODIFY `actual_qty` decimal(21,9) NOT NULL DEFAULT 0.0, MODIFY `use_serial_batch_fields` tinyint NOT NULL DEFAULT 0, MODIFY `valuation_rate` decimal(21,9) NOT NULL DEFAULT 0.0, MODIFY `stock_qty` decimal(21,9) NOT NULL DEFAULT 0.0, MODIFY `amount` decimal(21,9) NOT NULL DEFAULT 0.0
2025-05-07 00:12:50,231 WARNING database DDL Query made to DB:
ALTER TABLE `tabAsset Category` MODIFY `enable_cwip_accounting` tinyint NOT NULL DEFAULT 0
2025-05-07 00:12:51,237 WARNING database DDL Query made to DB:
ALTER TABLE `tabAsset Depreciation Schedule` MODIFY `rate_of_depreciation` decimal(21,9) NOT NULL DEFAULT 0.0, MODIFY `opening_accumulated_depreciation` decimal(21,9) NOT NULL DEFAULT 0.0, MODIFY `shift_based` tinyint NOT NULL DEFAULT 0, MODIFY `opening_number_of_booked_depreciations` int NOT NULL DEFAULT 0, MODIFY `frequency_of_depreciation` int NOT NULL DEFAULT 0, MODIFY `gross_purchase_amount` decimal(21,9) NOT NULL DEFAULT 0.0, MODIFY `expected_value_after_useful_life` decimal(21,9) NOT NULL DEFAULT 0.0, MODIFY `finance_book_id` int NOT NULL DEFAULT 0, MODIFY `daily_prorata_based` tinyint NOT NULL DEFAULT 0, MODIFY `total_number_of_depreciations` int NOT NULL DEFAULT 0
2025-05-07 00:12:51,730 WARNING database DDL Query made to DB:
ALTER TABLE `tabAsset Finance Book` MODIFY `shift_based` tinyint NOT NULL DEFAULT 0, MODIFY `total_number_of_depreciations` int NOT NULL DEFAULT 0, MODIFY `salvage_value_percentage` decimal(21,9) NOT NULL DEFAULT 0.0, MODIFY `frequency_of_depreciation` int NOT NULL DEFAULT 0, MODIFY `expected_value_after_useful_life` decimal(21,9) NOT NULL DEFAULT 0.0, MODIFY `daily_prorata_based` tinyint NOT NULL DEFAULT 0, MODIFY `value_after_depreciation` decimal(21,9) NOT NULL DEFAULT 0.0, MODIFY `rate_of_depreciation` decimal(21,9) NOT NULL DEFAULT 0.0, MODIFY `total_number_of_booked_depreciations` int NOT NULL DEFAULT 0
2025-05-07 00:12:53,031 WARNING database DDL Query made to DB:
ALTER TABLE `tabAsset Maintenance Log` MODIFY `has_certificate` tinyint NOT NULL DEFAULT 0
2025-05-07 00:12:53,539 WARNING database DDL Query made to DB:
ALTER TABLE `tabAsset Maintenance Task` MODIFY `certificate_required` tinyint NOT NULL DEFAULT 0
2025-05-07 00:12:55,822 WARNING database DDL Query made to DB:
ALTER TABLE `tabAsset Repair` MODIFY `repair_cost` decimal(21,9) NOT NULL DEFAULT 0.0, MODIFY `increase_in_asset_life` int NOT NULL DEFAULT 0, MODIFY `stock_consumption` tinyint NOT NULL DEFAULT 0, MODIFY `total_repair_cost` decimal(21,9) NOT NULL DEFAULT 0.0, MODIFY `capitalize_repair_cost` tinyint NOT NULL DEFAULT 0
2025-05-07 00:12:56,429 WARNING database DDL Query made to DB:
ALTER TABLE `tabAsset Repair Consumed Item` MODIFY `total_value` decimal(21,9) NOT NULL DEFAULT 0.0, MODIFY `valuation_rate` decimal(21,9) NOT NULL DEFAULT 0.0
2025-05-07 00:12:57,052 WARNING database DDL Query made to DB:
ALTER TABLE `tabAsset Repair Purchase Invoice` MODIFY `repair_cost` decimal(21,9) NOT NULL DEFAULT 0.0
2025-05-07 00:13:00,801 WARNING database DDL Query made to DB:
ALTER TABLE `tabAsset Shift Factor` MODIFY `shift_factor` decimal(21,9) NOT NULL DEFAULT 0.0, MODIFY `default` tinyint NOT NULL DEFAULT 0
2025-05-07 00:13:01,397 WARNING database DDL Query made to DB:
ALTER TABLE `tabAsset Value Adjustment` MODIFY `new_asset_value` decimal(21,9) NOT NULL DEFAULT 0.0, MODIFY `current_asset_value` decimal(21,9) NOT NULL DEFAULT 0.0, MODIFY `difference_amount` decimal(21,9) NOT NULL DEFAULT 0.0
2025-05-07 00:13:01,992 WARNING database DDL Query made to DB:
ALTER TABLE `tabDepreciation Schedule` MODIFY `accumulated_depreciation_amount` decimal(21,9) NOT NULL DEFAULT 0.0, MODIFY `depreciation_amount` decimal(21,9) NOT NULL DEFAULT 0.0
2025-05-07 00:13:03,037 WARNING database DDL Query made to DB:
ALTER TABLE `tabLocation` MODIFY `area` decimal(21,9) NOT NULL DEFAULT 0.0, MODIFY `is_group` tinyint NOT NULL DEFAULT 0, MODIFY `lft` int NOT NULL DEFAULT 0, MODIFY `latitude` decimal(21,9) NOT NULL DEFAULT 0.0, MODIFY `is_container` tinyint NOT NULL DEFAULT 0, MODIFY `longitude` decimal(21,9) NOT NULL DEFAULT 0.0, MODIFY `rgt` int NOT NULL DEFAULT 0
2025-05-07 00:13:06,977 WARNING database DDL Query made to DB:
ALTER TABLE `tabMaintenance Schedule Item` MODIFY `no_of_visits` int NOT NULL DEFAULT 0
2025-05-07 00:13:09,586 WARNING database DDL Query made to DB:
ALTER TABLE `tabLower Deduction Certificate` MODIFY `rate` decimal(21,9) NOT NULL DEFAULT 0.0, MODIFY `certificate_limit` decimal(21,9) NOT NULL DEFAULT 0.0
2025-05-07 00:13:17,839 WARNING database DDL Query made to DB:
ALTER TABLE `tabQuality Procedure` MODIFY `lft` int NOT NULL DEFAULT 0, MODIFY `is_group` tinyint NOT NULL DEFAULT 0, MODIFY `rgt` int NOT NULL DEFAULT 0
2025-05-07 00:13:19,742 WARNING database DDL Query made to DB:
ALTER TABLE `tabCommunication Medium` MODIFY `disabled` tinyint NOT NULL DEFAULT 0
2025-05-07 00:13:20,711 WARNING database DDL Query made to DB:
ALTER TABLE `tabCall Log` MODIFY `duration` decimal(21,9)
2025-05-07 00:13:21,142 WARNING database DDL Query made to DB:
ALTER TABLE `tabIncoming Call Handling Schedule` MODIFY `from_time` time(6) DEFAULT '9:00:00', MODIFY `to_time` time(6) DEFAULT '17:00:00'
2025-05-07 00:13:23,657 WARNING database DDL Query made to DB:
ALTER TABLE `tabBulk Transaction Log Detail` MODIFY `retried` int NOT NULL DEFAULT 0
2025-05-07 00:13:24,146 WARNING database DDL Query made to DB:
ALTER TABLE `tabSubcontracting BOM` MODIFY `conversion_factor` decimal(21,9) NOT NULL DEFAULT 0.0, MODIFY `finished_good_qty` decimal(21,9) NOT NULL DEFAULT 1.0, MODIFY `service_item_qty` decimal(21,9) NOT NULL DEFAULT 1.0, MODIFY `is_active` tinyint NOT NULL DEFAULT 1
2025-05-07 00:13:24,690 WARNING database DDL Query made to DB:
ALTER TABLE `tabSubcontracting Order` MODIFY `total_additional_costs` decimal(21,9) NOT NULL DEFAULT 0.0, MODIFY `total` decimal(21,9) NOT NULL DEFAULT 0.0, MODIFY `total_qty` decimal(21,9) NOT NULL DEFAULT 0.0, MODIFY `per_received` decimal(21,9) NOT NULL DEFAULT 0.0
2025-05-07 00:13:25,359 WARNING database DDL Query made to DB:
ALTER TABLE `tabSubcontracting Order Item` MODIFY `rm_cost_per_qty` decimal(21,9) NOT NULL DEFAULT 0.0, MODIFY `include_exploded_items` tinyint NOT NULL DEFAULT 0, MODIFY `qty` decimal(21,9) NOT NULL DEFAULT 1.0, MODIFY `rate` decimal(21,9) NOT NULL DEFAULT 0.0, MODIFY `received_qty` decimal(21,9) NOT NULL DEFAULT 0.0, MODIFY `subcontracting_conversion_factor` decimal(21,9) NOT NULL DEFAULT 0.0, MODIFY `conversion_factor` decimal(21,9) NOT NULL DEFAULT 1.0, MODIFY `returned_qty` decimal(21,9) NOT NULL DEFAULT 0.0, MODIFY `page_break` tinyint NOT NULL DEFAULT 0, MODIFY `service_cost_per_qty` decimal(21,9) NOT NULL DEFAULT 0.0, MODIFY `additional_cost_per_qty` decimal(21,9) NOT NULL DEFAULT 0.0, MODIFY `amount` decimal(21,9) NOT NULL DEFAULT 0.0
2025-05-07 00:13:25,855 WARNING database DDL Query made to DB:
ALTER TABLE `tabSubcontracting Order Service Item` MODIFY `amount` decimal(21,9) NOT NULL DEFAULT 0.0, MODIFY `fg_item_qty` decimal(21,9) NOT NULL DEFAULT 1.0, MODIFY `rate` decimal(21,9) NOT NULL DEFAULT 0.0, MODIFY `qty` decimal(21,9) NOT NULL DEFAULT 0.0
2025-05-07 00:13:26,302 WARNING database DDL Query made to DB:
ALTER TABLE `tabSubcontracting Order Supplied Item` MODIFY `returned_qty` decimal(21,9) NOT NULL DEFAULT 0.0, MODIFY `conversion_factor` decimal(21,9) NOT NULL DEFAULT 1.0, MODIFY `rate` decimal(21,9) NOT NULL DEFAULT 0.0, MODIFY `amount` decimal(21,9) NOT NULL DEFAULT 0.0, MODIFY `total_supplied_qty` decimal(21,9) NOT NULL DEFAULT 0.0, MODIFY `supplied_qty` decimal(21,9) NOT NULL DEFAULT 0.0, MODIFY `required_qty` decimal(21,9) NOT NULL DEFAULT 0.0, MODIFY `consumed_qty` decimal(21,9) NOT NULL DEFAULT 0.0
2025-05-07 00:13:27,117 WARNING database DDL Query made to DB:
ALTER TABLE `tabSubcontracting Receipt` MODIFY `set_posting_time` tinyint NOT NULL DEFAULT 0, MODIFY `per_returned` decimal(21,9) NOT NULL DEFAULT 0.0, MODIFY `total` decimal(21,9) NOT NULL DEFAULT 0.0, MODIFY `is_return` tinyint NOT NULL DEFAULT 0, MODIFY `total_qty` decimal(21,9) NOT NULL DEFAULT 0.0, MODIFY `total_additional_costs` decimal(21,9) NOT NULL DEFAULT 0.0
2025-05-07 00:13:28,078 WARNING database DDL Query made to DB:
ALTER TABLE `tabSubcontracting Receipt Item` MODIFY `is_scrap_item` tinyint NOT NULL DEFAULT 0, MODIFY `received_qty` decimal(21,9) NOT NULL DEFAULT 0.0, MODIFY `service_cost_per_qty` decimal(21,9) NOT NULL DEFAULT 0.0, MODIFY `rm_supp_cost` decimal(21,9) NOT NULL DEFAULT 0.0, MODIFY `conversion_factor` decimal(21,9) NOT NULL DEFAULT 1.0, MODIFY `amount` decimal(21,9) NOT NULL DEFAULT 0.0, MODIFY `rejected_qty` decimal(21,9) NOT NULL DEFAULT 0.0, MODIFY `scrap_cost_per_qty` decimal(21,9) NOT NULL DEFAULT 0.0, MODIFY `returned_qty` decimal(21,9) NOT NULL DEFAULT 0.0, MODIFY `rm_cost_per_qty` decimal(21,9) NOT NULL DEFAULT 0.0, MODIFY `qty` decimal(21,9) NOT NULL DEFAULT 0.0, MODIFY `include_exploded_items` tinyint NOT NULL DEFAULT 0, MODIFY `additional_cost_per_qty` decimal(21,9) NOT NULL DEFAULT 0.0, MODIFY `rate` decimal(21,9) NOT NULL DEFAULT 0.0, MODIFY `page_break` tinyint NOT NULL DEFAULT 0, MODIFY `use_serial_batch_fields` tinyint NOT NULL DEFAULT 0
2025-05-07 00:13:28,107 WARNING database DDL Query made to DB:
ALTER TABLE `tabSubcontracting Receipt Item` ADD INDEX `modified`(`modified`)
2025-05-07 00:13:28,648 WARNING database DDL Query made to DB:
ALTER TABLE `tabSubcontracting Receipt Supplied Item` MODIFY `required_qty` decimal(21,9) NOT NULL DEFAULT 0.0, MODIFY `consumed_qty` decimal(21,9) NOT NULL DEFAULT 0.0, MODIFY `conversion_factor` decimal(21,9) NOT NULL DEFAULT 1.0, MODIFY `current_stock` decimal(21,9) NOT NULL DEFAULT 0.0, MODIFY `amount` decimal(21,9) NOT NULL DEFAULT 0.0, MODIFY `rate` decimal(21,9) NOT NULL DEFAULT 0.0, MODIFY `available_qty_for_consumption` decimal(21,9) NOT NULL DEFAULT 0.0, MODIFY `use_serial_batch_fields` tinyint NOT NULL DEFAULT 0
2025-05-07 00:13:28,680 WARNING database DDL Query made to DB:
ALTER TABLE `tabSubcontracting Receipt Supplied Item` ADD INDEX `modified`(`modified`)
2025-05-07 00:13:38,088 WARNING database DDL Query made to DB:
ALTER TABLE `tabAddress` MODIFY `is_shipping_address` tinyint NOT NULL DEFAULT 0, MODIFY `is_primary_address` tinyint NOT NULL DEFAULT 0, MODIFY `disabled` tinyint NOT NULL DEFAULT 0, MODIFY `is_your_company_address` tinyint NOT NULL DEFAULT 0
2025-05-07 00:13:38,321 WARNING database DDL Query made to DB:
ALTER TABLE `tabContact` MODIFY `pulled_from_google_contacts` tinyint NOT NULL DEFAULT 0, MODIFY `is_primary_contact` tinyint NOT NULL DEFAULT 0, MODIFY `sync_with_google_contacts` tinyint NOT NULL DEFAULT 0, MODIFY `is_billing_contact` tinyint NOT NULL DEFAULT 0, MODIFY `unsubscribed` tinyint NOT NULL DEFAULT 0
