2025-05-01 02:15:52,468 Worker rq:worker:f30b61f438154740a0038f8e3ed4d6cd started with PID 969, version 2.3.2
2025-05-01 02:15:52,469 Subscribing to channel rq:pubsub:f30b61f438154740a0038f8e3ed4d6cd
2025-05-01 02:15:52,513 *** Listening on mnt-d-itu-L3-S6-Eval2-erp:short, mnt-d-itu-L3-S6-Eval2-erp:default, mnt-d-itu-L3-S6-Eval2-erp:long...
2025-05-01 02:15:52,516 Cleaning registries for queue: mnt-d-itu-L3-S6-Eval2-erp:short
2025-05-01 02:15:52,544 Cleaning registries for queue: mnt-d-itu-L3-S6-Eval2-erp:default
2025-05-01 02:15:52,558 Cleaning registries for queue: mnt-d-itu-L3-S6-Eval2-erp:long
2025-05-01 02:29:22,732 Cleaning registries for queue: mnt-d-itu-L3-S6-Eval2-erp:short
2025-05-01 02:29:22,736 Cleaning registries for queue: mnt-d-itu-L3-S6-Eval2-erp:default
2025-05-01 02:29:22,743 Cleaning registries for queue: mnt-d-itu-L3-S6-Eval2-erp:long
2025-05-01 02:42:52,865 Cleaning registries for queue: mnt-d-itu-L3-S6-Eval2-erp:short
2025-05-01 02:42:52,873 Cleaning registries for queue: mnt-d-itu-L3-S6-Eval2-erp:default
2025-05-01 02:42:52,883 Cleaning registries for queue: mnt-d-itu-L3-S6-Eval2-erp:long
2025-05-01 02:52:06,433 Worker f30b61f438154740a0038f8e3ed4d6cd [PID 969]: warm shut down requested
2025-05-01 02:52:06,466 Unsubscribing from channel rq:pubsub:f30b61f438154740a0038f8e3ed4d6cd
2025-05-01 03:01:14,851 Worker rq:worker:9ae7cc3a2cb041afa0d21ebff1d212e4 started with PID 1592, version 2.3.2
2025-05-01 03:01:14,853 Subscribing to channel rq:pubsub:9ae7cc3a2cb041afa0d21ebff1d212e4
2025-05-01 03:01:14,869 *** Listening on mnt-d-itu-L3-S6-Eval2-erp:short, mnt-d-itu-L3-S6-Eval2-erp:default, mnt-d-itu-L3-S6-Eval2-erp:long...
2025-05-01 03:01:14,873 Cleaning registries for queue: mnt-d-itu-L3-S6-Eval2-erp:short
2025-05-01 03:01:14,886 Cleaning registries for queue: mnt-d-itu-L3-S6-Eval2-erp:default
2025-05-01 03:01:14,898 Cleaning registries for queue: mnt-d-itu-L3-S6-Eval2-erp:long
2025-05-01 03:08:12,351 mnt-d-itu-L3-S6-Eval2-erp:default: frappe.utils.background_jobs.execute_job(event=None, is_async=True, job_name='frappe.model.delete_doc.delete_dynamic_links', kwargs={'doctype': 'Property Setter', 'name': 'Sales Order-tax_id-hidden'}, method='frappe.model.delete_doc.delete_dynamic_links', site='erpnext.localhost', user='Administrator') (erpnext.localhost||1f9874a2-72d0-4899-b779-ec1bda9b1e7c)
2025-05-01 03:08:13,946 Successfully completed frappe.utils.background_jobs.execute_job(event=None, is_async=True, job_name='frappe.model.delete_doc.delete_dynamic_links', kwargs={'doctype': 'Property Setter', 'name': 'Sales Order-tax_id-hidden'}, method='frappe.model.delete_doc.delete_dynamic_links', site='erpnext.localhost', user='Administrator') job in 0:00:01.379888s on worker 9ae7cc3a2cb041afa0d21ebff1d212e4
2025-05-01 03:08:13,948 mnt-d-itu-L3-S6-Eval2-erp:default: Job OK (erpnext.localhost||1f9874a2-72d0-4899-b779-ec1bda9b1e7c)
2025-05-01 03:08:13,950 Result is kept for 600 seconds
2025-05-01 03:08:13,970 mnt-d-itu-L3-S6-Eval2-erp:default: frappe.utils.background_jobs.execute_job(event=None, is_async=True, job_name='frappe.model.delete_doc.delete_dynamic_links', kwargs={'doctype': 'Property Setter', 'name': 'Sales Order-tax_id-print_hide'}, method='frappe.model.delete_doc.delete_dynamic_links', site='erpnext.localhost', user='Administrator') (erpnext.localhost||e0590535-e6a3-474e-b811-b5cf8a78e093)
2025-05-01 03:08:15,864 Successfully completed frappe.utils.background_jobs.execute_job(event=None, is_async=True, job_name='frappe.model.delete_doc.delete_dynamic_links', kwargs={'doctype': 'Property Setter', 'name': 'Sales Order-tax_id-print_hide'}, method='frappe.model.delete_doc.delete_dynamic_links', site='erpnext.localhost', user='Administrator') job in 0:00:01.870623s on worker 9ae7cc3a2cb041afa0d21ebff1d212e4
2025-05-01 03:08:15,871 mnt-d-itu-L3-S6-Eval2-erp:default: Job OK (erpnext.localhost||e0590535-e6a3-474e-b811-b5cf8a78e093)
2025-05-01 03:08:15,873 Result is kept for 600 seconds
2025-05-01 03:08:15,900 mnt-d-itu-L3-S6-Eval2-erp:default: frappe.utils.background_jobs.execute_job(event=None, is_async=True, job_name='frappe.model.delete_doc.delete_dynamic_links', kwargs={'doctype': 'Property Setter', 'name': 'Sales Invoice-tax_id-hidden'}, method='frappe.model.delete_doc.delete_dynamic_links', site='erpnext.localhost', user='Administrator') (erpnext.localhost||29b25b79-a032-4cf9-87da-819647d70c98)
2025-05-01 03:08:16,971 Successfully completed frappe.utils.background_jobs.execute_job(event=None, is_async=True, job_name='frappe.model.delete_doc.delete_dynamic_links', kwargs={'doctype': 'Property Setter', 'name': 'Sales Invoice-tax_id-hidden'}, method='frappe.model.delete_doc.delete_dynamic_links', site='erpnext.localhost', user='Administrator') job in 0:00:01.042782s on worker 9ae7cc3a2cb041afa0d21ebff1d212e4
2025-05-01 03:08:16,973 mnt-d-itu-L3-S6-Eval2-erp:default: Job OK (erpnext.localhost||29b25b79-a032-4cf9-87da-819647d70c98)
2025-05-01 03:08:16,974 Result is kept for 600 seconds
2025-05-01 03:08:16,989 mnt-d-itu-L3-S6-Eval2-erp:default: frappe.utils.background_jobs.execute_job(event=None, is_async=True, job_name='frappe.model.delete_doc.delete_dynamic_links', kwargs={'doctype': 'Property Setter', 'name': 'Sales Invoice-tax_id-print_hide'}, method='frappe.model.delete_doc.delete_dynamic_links', site='erpnext.localhost', user='Administrator') (erpnext.localhost||65ad4063-1a46-41ba-8db3-7ac3a836f612)
2025-05-01 03:08:18,179 Successfully completed frappe.utils.background_jobs.execute_job(event=None, is_async=True, job_name='frappe.model.delete_doc.delete_dynamic_links', kwargs={'doctype': 'Property Setter', 'name': 'Sales Invoice-tax_id-print_hide'}, method='frappe.model.delete_doc.delete_dynamic_links', site='erpnext.localhost', user='Administrator') job in 0:00:01.168007s on worker 9ae7cc3a2cb041afa0d21ebff1d212e4
2025-05-01 03:08:18,180 mnt-d-itu-L3-S6-Eval2-erp:default: Job OK (erpnext.localhost||65ad4063-1a46-41ba-8db3-7ac3a836f612)
2025-05-01 03:08:18,182 Result is kept for 600 seconds
2025-05-01 03:08:18,199 mnt-d-itu-L3-S6-Eval2-erp:default: frappe.utils.background_jobs.execute_job(event=None, is_async=True, job_name='frappe.model.delete_doc.delete_dynamic_links', kwargs={'doctype': 'Property Setter', 'name': 'Delivery Note-tax_id-hidden'}, method='frappe.model.delete_doc.delete_dynamic_links', site='erpnext.localhost', user='Administrator') (erpnext.localhost||f8255719-2bd6-40d3-9760-deb42d7dcc43)
2025-05-01 03:08:19,469 Successfully completed frappe.utils.background_jobs.execute_job(event=None, is_async=True, job_name='frappe.model.delete_doc.delete_dynamic_links', kwargs={'doctype': 'Property Setter', 'name': 'Delivery Note-tax_id-hidden'}, method='frappe.model.delete_doc.delete_dynamic_links', site='erpnext.localhost', user='Administrator') job in 0:00:01.245896s on worker 9ae7cc3a2cb041afa0d21ebff1d212e4
2025-05-01 03:08:19,482 mnt-d-itu-L3-S6-Eval2-erp:default: Job OK (erpnext.localhost||f8255719-2bd6-40d3-9760-deb42d7dcc43)
2025-05-01 03:08:19,483 Result is kept for 600 seconds
2025-05-01 03:08:19,501 mnt-d-itu-L3-S6-Eval2-erp:default: frappe.utils.background_jobs.execute_job(event=None, is_async=True, job_name='frappe.model.delete_doc.delete_dynamic_links', kwargs={'doctype': 'Property Setter', 'name': 'Delivery Note-tax_id-print_hide'}, method='frappe.model.delete_doc.delete_dynamic_links', site='erpnext.localhost', user='Administrator') (erpnext.localhost||82917de2-2aca-434b-9236-b834d3e71291)
2025-05-01 03:08:21,442 Successfully completed frappe.utils.background_jobs.execute_job(event=None, is_async=True, job_name='frappe.model.delete_doc.delete_dynamic_links', kwargs={'doctype': 'Property Setter', 'name': 'Delivery Note-tax_id-print_hide'}, method='frappe.model.delete_doc.delete_dynamic_links', site='erpnext.localhost', user='Administrator') job in 0:00:01.894678s on worker 9ae7cc3a2cb041afa0d21ebff1d212e4
2025-05-01 03:08:21,443 mnt-d-itu-L3-S6-Eval2-erp:default: Job OK (erpnext.localhost||82917de2-2aca-434b-9236-b834d3e71291)
2025-05-01 03:08:21,444 Result is kept for 600 seconds
2025-05-01 03:08:21,506 mnt-d-itu-L3-S6-Eval2-erp:default: frappe.utils.background_jobs.execute_job(event=None, is_async=True, job_name='frappe.model.delete_doc.delete_dynamic_links', kwargs={'doctype': 'Property Setter', 'name': 'Packed Item-rate-read_only'}, method='frappe.model.delete_doc.delete_dynamic_links', site='erpnext.localhost', user='Administrator') (erpnext.localhost||990f7266-436f-46fe-bf0a-35faf6a9b532)
2025-05-01 03:08:22,601 Successfully completed frappe.utils.background_jobs.execute_job(event=None, is_async=True, job_name='frappe.model.delete_doc.delete_dynamic_links', kwargs={'doctype': 'Property Setter', 'name': 'Packed Item-rate-read_only'}, method='frappe.model.delete_doc.delete_dynamic_links', site='erpnext.localhost', user='Administrator') job in 0:00:01.061975s on worker 9ae7cc3a2cb041afa0d21ebff1d212e4
2025-05-01 03:08:22,602 mnt-d-itu-L3-S6-Eval2-erp:default: Job OK (erpnext.localhost||990f7266-436f-46fe-bf0a-35faf6a9b532)
2025-05-01 03:08:22,604 Result is kept for 600 seconds
2025-05-01 03:08:22,628 mnt-d-itu-L3-S6-Eval2-erp:default: frappe.utils.background_jobs.execute_job(event=None, is_async=True, job_name='frappe.model.delete_doc.delete_dynamic_links', kwargs={'doctype': 'Property Setter', 'name': 'Sales Invoice Item-discount_account..., method='frappe.model.delete_doc.delete_dynamic_links', site='erpnext.localhost', user='Administrator') (erpnext.localhost||d89aea19-e882-4626-92c0-8c62be98f570)
2025-05-01 03:08:23,592 Successfully completed frappe.utils.background_jobs.execute_job(event=None, is_async=True, job_name='frappe.model.delete_doc.delete_dynamic_links', kwargs={'doctype': 'Property Setter', 'name': 'Sales Invoice Item-discount_account..., method='frappe.model.delete_doc.delete_dynamic_links', site='erpnext.localhost', user='Administrator') job in 0:00:00.938632s on worker 9ae7cc3a2cb041afa0d21ebff1d212e4
2025-05-01 03:08:23,593 mnt-d-itu-L3-S6-Eval2-erp:default: Job OK (erpnext.localhost||d89aea19-e882-4626-92c0-8c62be98f570)
2025-05-01 03:08:23,594 Result is kept for 600 seconds
2025-05-01 03:08:23,613 mnt-d-itu-L3-S6-Eval2-erp:default: frappe.utils.background_jobs.execute_job(event=None, is_async=True, job_name='frappe.model.delete_doc.delete_dynamic_links', kwargs={'doctype': 'Property Setter', 'name': 'Sales Invoice Item-discount_account..., method='frappe.model.delete_doc.delete_dynamic_links', site='erpnext.localhost', user='Administrator') (erpnext.localhost||57bff217-b580-4b6e-a688-af90de5052c4)
2025-05-01 03:08:24,629 Successfully completed frappe.utils.background_jobs.execute_job(event=None, is_async=True, job_name='frappe.model.delete_doc.delete_dynamic_links', kwargs={'doctype': 'Property Setter', 'name': 'Sales Invoice Item-discount_account..., method='frappe.model.delete_doc.delete_dynamic_links', site='erpnext.localhost', user='Administrator') job in 0:00:00.975630s on worker 9ae7cc3a2cb041afa0d21ebff1d212e4
2025-05-01 03:08:24,631 mnt-d-itu-L3-S6-Eval2-erp:default: Job OK (erpnext.localhost||57bff217-b580-4b6e-a688-af90de5052c4)
2025-05-01 03:08:24,632 Result is kept for 600 seconds
2025-05-01 03:08:24,645 mnt-d-itu-L3-S6-Eval2-erp:default: frappe.utils.background_jobs.execute_job(event=None, is_async=True, job_name='frappe.model.delete_doc.delete_dynamic_links', kwargs={'doctype': 'Property Setter', 'name': 'Sales Invoice-additional_discount_a..., method='frappe.model.delete_doc.delete_dynamic_links', site='erpnext.localhost', user='Administrator') (erpnext.localhost||e8bd8aa0-4bc5-4eb8-8d93-27ff5f34db0f)
2025-05-01 03:08:25,581 Successfully completed frappe.utils.background_jobs.execute_job(event=None, is_async=True, job_name='frappe.model.delete_doc.delete_dynamic_links', kwargs={'doctype': 'Property Setter', 'name': 'Sales Invoice-additional_discount_a..., method='frappe.model.delete_doc.delete_dynamic_links', site='erpnext.localhost', user='Administrator') job in 0:00:00.916907s on worker 9ae7cc3a2cb041afa0d21ebff1d212e4
2025-05-01 03:08:25,582 mnt-d-itu-L3-S6-Eval2-erp:default: Job OK (erpnext.localhost||e8bd8aa0-4bc5-4eb8-8d93-27ff5f34db0f)
2025-05-01 03:08:25,583 Result is kept for 600 seconds
2025-05-01 03:08:25,599 mnt-d-itu-L3-S6-Eval2-erp:default: frappe.utils.background_jobs.execute_job(event=None, is_async=True, job_name='frappe.model.delete_doc.delete_dynamic_links', kwargs={'doctype': 'Property Setter', 'name': 'Sales Invoice-additional_discount_a..., method='frappe.model.delete_doc.delete_dynamic_links', site='erpnext.localhost', user='Administrator') (erpnext.localhost||3e010672-551e-452b-88c7-4c778c8a901c)
2025-05-01 03:08:26,538 Successfully completed frappe.utils.background_jobs.execute_job(event=None, is_async=True, job_name='frappe.model.delete_doc.delete_dynamic_links', kwargs={'doctype': 'Property Setter', 'name': 'Sales Invoice-additional_discount_a..., method='frappe.model.delete_doc.delete_dynamic_links', site='erpnext.localhost', user='Administrator') job in 0:00:00.916017s on worker 9ae7cc3a2cb041afa0d21ebff1d212e4
2025-05-01 03:08:26,540 mnt-d-itu-L3-S6-Eval2-erp:default: Job OK (erpnext.localhost||3e010672-551e-452b-88c7-4c778c8a901c)
2025-05-01 03:08:26,541 Result is kept for 600 seconds
2025-05-01 03:10:06,979 Worker 9ae7cc3a2cb041afa0d21ebff1d212e4 [PID 1592]: warm shut down requested
Traceback (most recent call last):
  File "/mnt/d/ITU/L3/S6/Eval2/erp/env/lib/python3.12/site-packages/redis/connection.py", line 592, in read_response
    response = self._parser.read_response(disable_decoding=disable_decoding)
               ^^^^^^^^^^^^^^^^^^^^^^^^^^^^^^^^^^^^^^^^^^^^^^^^^^^^^^^^^^^^^
  File "/mnt/d/ITU/L3/S6/Eval2/erp/env/lib/python3.12/site-packages/redis/_parsers/hiredis.py", line 128, in read_response
    self.read_from_socket()
  File "/mnt/d/ITU/L3/S6/Eval2/erp/env/lib/python3.12/site-packages/redis/_parsers/hiredis.py", line 88, in read_from_socket
    bufflen = self._sock.recv_into(self._buffer)
              ^^^^^^^^^^^^^^^^^^^^^^^^^^^^^^^^^^
ConnectionResetError: [Errno 104] Connection reset by peer

During handling of the above exception, another exception occurred:

Traceback (most recent call last):
  File "/mnt/d/itu/L3/S6/Eval2/erp/apps/frappe/frappe/utils/bench_helper.py", line 48, in invoke
    return super().invoke(ctx)
           ^^^^^^^^^^^^^^^^^^^
  File "/mnt/d/ITU/L3/S6/Eval2/erp/env/lib/python3.12/site-packages/click/core.py", line 1697, in invoke
    return _process_result(sub_ctx.command.invoke(sub_ctx))
                           ^^^^^^^^^^^^^^^^^^^^^^^^^^^^^^^
  File "/mnt/d/ITU/L3/S6/Eval2/erp/env/lib/python3.12/site-packages/click/core.py", line 1443, in invoke
    return ctx.invoke(self.callback, **ctx.params)
           ^^^^^^^^^^^^^^^^^^^^^^^^^^^^^^^^^^^^^^^
  File "/mnt/d/ITU/L3/S6/Eval2/erp/env/lib/python3.12/site-packages/click/core.py", line 788, in invoke
    return __callback(*args, **kwargs)
           ^^^^^^^^^^^^^^^^^^^^^^^^^^^
  File "/mnt/d/itu/L3/S6/Eval2/erp/apps/frappe/frappe/commands/scheduler.py", line 206, in start_worker
    start_worker(
  File "/mnt/d/itu/L3/S6/Eval2/erp/apps/frappe/frappe/utils/background_jobs.py", line 350, in start_worker
    worker.work(
  File "/mnt/d/ITU/L3/S6/Eval2/erp/env/lib/python3.12/site-packages/rq/worker.py", line 649, in work
    self.teardown()
  File "/mnt/d/ITU/L3/S6/Eval2/erp/env/lib/python3.12/site-packages/rq/worker.py", line 1150, in teardown
    self.register_death()
  File "/mnt/d/ITU/L3/S6/Eval2/erp/env/lib/python3.12/site-packages/rq/worker.py", line 897, in register_death
    p.execute()
  File "/mnt/d/ITU/L3/S6/Eval2/erp/env/lib/python3.12/site-packages/redis/client.py", line 1524, in execute
    conn = self.connection_pool.get_connection("MULTI", self.shard_hint)
           ^^^^^^^^^^^^^^^^^^^^^^^^^^^^^^^^^^^^^^^^^^^^^^^^^^^^^^^^^^^^^
  File "/mnt/d/ITU/L3/S6/Eval2/erp/env/lib/python3.12/site-packages/redis/connection.py", line 1422, in get_connection
    connection.connect()
  File "/mnt/d/ITU/L3/S6/Eval2/erp/env/lib/python3.12/site-packages/redis/connection.py", line 369, in connect
    self.on_connect()
  File "/mnt/d/ITU/L3/S6/Eval2/erp/env/lib/python3.12/site-packages/redis/connection.py", line 471, in on_connect
    self.read_response()
  File "/mnt/d/ITU/L3/S6/Eval2/erp/env/lib/python3.12/site-packages/redis/connection.py", line 600, in read_response
    raise ConnectionError(
redis.exceptions.ConnectionError: Error while reading from 127.0.0.1:11000 : (104, 'Connection reset by peer')

Error while reading from 127.0.0.1:11000 : (104, 'Connection reset by peer')
2025-05-01 03:11:51,840 Worker rq:worker:c586831b2f164a4faba24475e10196e4 started with PID 1933, version 2.3.2
2025-05-01 03:11:51,841 Subscribing to channel rq:pubsub:c586831b2f164a4faba24475e10196e4
2025-05-01 03:11:51,858 *** Listening on mnt-d-itu-L3-S6-Eval2-erp:short, mnt-d-itu-L3-S6-Eval2-erp:default, mnt-d-itu-L3-S6-Eval2-erp:long...
2025-05-01 03:11:51,870 Cleaning registries for queue: mnt-d-itu-L3-S6-Eval2-erp:short
2025-05-01 03:11:51,893 Cleaning registries for queue: mnt-d-itu-L3-S6-Eval2-erp:default
2025-05-01 03:11:51,905 Cleaning registries for queue: mnt-d-itu-L3-S6-Eval2-erp:long
2025-05-01 03:21:26,791 Worker c586831b2f164a4faba24475e10196e4 [PID 1933]: warm shut down requested
Traceback (most recent call last):
  File "/mnt/d/ITU/L3/S6/Eval2/erp/env/lib/python3.12/site-packages/redis/connection.py", line 592, in read_response
    response = self._parser.read_response(disable_decoding=disable_decoding)
               ^^^^^^^^^^^^^^^^^^^^^^^^^^^^^^^^^^^^^^^^^^^^^^^^^^^^^^^^^^^^^
  File "/mnt/d/ITU/L3/S6/Eval2/erp/env/lib/python3.12/site-packages/redis/_parsers/hiredis.py", line 128, in read_response
    self.read_from_socket()
  File "/mnt/d/ITU/L3/S6/Eval2/erp/env/lib/python3.12/site-packages/redis/_parsers/hiredis.py", line 88, in read_from_socket
    bufflen = self._sock.recv_into(self._buffer)
              ^^^^^^^^^^^^^^^^^^^^^^^^^^^^^^^^^^
ConnectionResetError: [Errno 104] Connection reset by peer

During handling of the above exception, another exception occurred:

Traceback (most recent call last):
  File "/mnt/d/itu/L3/S6/Eval2/erp/apps/frappe/frappe/utils/bench_helper.py", line 48, in invoke
    return super().invoke(ctx)
           ^^^^^^^^^^^^^^^^^^^
  File "/mnt/d/ITU/L3/S6/Eval2/erp/env/lib/python3.12/site-packages/click/core.py", line 1697, in invoke
    return _process_result(sub_ctx.command.invoke(sub_ctx))
                           ^^^^^^^^^^^^^^^^^^^^^^^^^^^^^^^
  File "/mnt/d/ITU/L3/S6/Eval2/erp/env/lib/python3.12/site-packages/click/core.py", line 1443, in invoke
    return ctx.invoke(self.callback, **ctx.params)
           ^^^^^^^^^^^^^^^^^^^^^^^^^^^^^^^^^^^^^^^
  File "/mnt/d/ITU/L3/S6/Eval2/erp/env/lib/python3.12/site-packages/click/core.py", line 788, in invoke
    return __callback(*args, **kwargs)
           ^^^^^^^^^^^^^^^^^^^^^^^^^^^
  File "/mnt/d/itu/L3/S6/Eval2/erp/apps/frappe/frappe/commands/scheduler.py", line 206, in start_worker
    start_worker(
  File "/mnt/d/itu/L3/S6/Eval2/erp/apps/frappe/frappe/utils/background_jobs.py", line 350, in start_worker
    worker.work(
  File "/mnt/d/ITU/L3/S6/Eval2/erp/env/lib/python3.12/site-packages/rq/worker.py", line 649, in work
    self.teardown()
  File "/mnt/d/ITU/L3/S6/Eval2/erp/env/lib/python3.12/site-packages/rq/worker.py", line 1150, in teardown
    self.register_death()
  File "/mnt/d/ITU/L3/S6/Eval2/erp/env/lib/python3.12/site-packages/rq/worker.py", line 897, in register_death
    p.execute()
  File "/mnt/d/ITU/L3/S6/Eval2/erp/env/lib/python3.12/site-packages/redis/client.py", line 1524, in execute
    conn = self.connection_pool.get_connection("MULTI", self.shard_hint)
           ^^^^^^^^^^^^^^^^^^^^^^^^^^^^^^^^^^^^^^^^^^^^^^^^^^^^^^^^^^^^^
  File "/mnt/d/ITU/L3/S6/Eval2/erp/env/lib/python3.12/site-packages/redis/connection.py", line 1422, in get_connection
    connection.connect()
  File "/mnt/d/ITU/L3/S6/Eval2/erp/env/lib/python3.12/site-packages/redis/connection.py", line 369, in connect
    self.on_connect()
  File "/mnt/d/ITU/L3/S6/Eval2/erp/env/lib/python3.12/site-packages/redis/connection.py", line 471, in on_connect
    self.read_response()
  File "/mnt/d/ITU/L3/S6/Eval2/erp/env/lib/python3.12/site-packages/redis/connection.py", line 600, in read_response
    raise ConnectionError(
redis.exceptions.ConnectionError: Error while reading from 127.0.0.1:11000 : (104, 'Connection reset by peer')

Error while reading from 127.0.0.1:11000 : (104, 'Connection reset by peer')
2025-05-01 08:32:37,865 Worker rq:worker:ab2c4c9786ba41448357dbac7e851158 started with PID 1032, version 2.3.2
2025-05-01 08:32:37,869 Subscribing to channel rq:pubsub:ab2c4c9786ba41448357dbac7e851158
2025-05-01 08:32:37,883 *** Listening on mnt-d-itu-L3-S6-Eval2-erp:short, mnt-d-itu-L3-S6-Eval2-erp:default, mnt-d-itu-L3-S6-Eval2-erp:long...
2025-05-01 08:32:37,886 Cleaning registries for queue: mnt-d-itu-L3-S6-Eval2-erp:short
2025-05-01 08:32:37,902 Cleaning registries for queue: mnt-d-itu-L3-S6-Eval2-erp:default
2025-05-01 08:32:37,913 Cleaning registries for queue: mnt-d-itu-L3-S6-Eval2-erp:long
2025-05-01 08:37:02,869 mnt-d-itu-L3-S6-Eval2-erp:default: frappe.utils.background_jobs.execute_job(event=None, is_async=True, job_name='frappe.core.doctype.user.user.create_contact', kwargs={'user': <User: doctype=User ratsimbazafykenny@gmail.com>, 'ignore_mandator..., method='frappe.core.doctype.user.user.create_contact', site='erpnext.localhost', user='Administrator') (erpnext.localhost||3b731944-5070-4eb3-8e29-b0b4f486739d)
2025-05-01 08:37:25,288 Successfully completed frappe.utils.background_jobs.execute_job(event=None, is_async=True, job_name='frappe.core.doctype.user.user.create_contact', kwargs={'user': <User: doctype=User ratsimbazafykenny@gmail.com>, 'ignore_mandator..., method='frappe.core.doctype.user.user.create_contact', site='erpnext.localhost', user='Administrator') job in 0:00:20.657763s on worker ab2c4c9786ba41448357dbac7e851158
2025-05-01 08:37:25,289 mnt-d-itu-L3-S6-Eval2-erp:default: Job OK (erpnext.localhost||3b731944-5070-4eb3-8e29-b0b4f486739d)
2025-05-01 08:37:25,290 Result is kept for 600 seconds
2025-05-01 08:37:25,313 mnt-d-itu-L3-S6-Eval2-erp:default: frappe.utils.background_jobs.execute_job(event=None, is_async=True, job_name='frappe.core.doctype.user.user.update_gravatar', kwargs={'name': 'ratsimbazafykenny@gmail.com'}, method='frappe.core.doctype.user.user.update_gravatar', site='erpnext.localhost', user='Administrator') (erpnext.localhost||384f0bc3-3949-47d3-b3ad-5e0ac72ffbb4)
2025-05-01 08:37:27,365 Successfully completed frappe.utils.background_jobs.execute_job(event=None, is_async=True, job_name='frappe.core.doctype.user.user.update_gravatar', kwargs={'name': 'ratsimbazafykenny@gmail.com'}, method='frappe.core.doctype.user.user.update_gravatar', site='erpnext.localhost', user='Administrator') job in 0:00:02.035133s on worker ab2c4c9786ba41448357dbac7e851158
2025-05-01 08:37:27,367 mnt-d-itu-L3-S6-Eval2-erp:default: Job OK (erpnext.localhost||384f0bc3-3949-47d3-b3ad-5e0ac72ffbb4)
2025-05-01 08:37:27,369 Result is kept for 600 seconds
2025-05-01 08:37:27,380 mnt-d-itu-L3-S6-Eval2-erp:default: frappe.utils.background_jobs.execute_job(event=None, is_async=True, job_name='frappe.model.delete_doc.delete_dynamic_links', kwargs={'doctype': 'Property Setter', 'name': 'Customer-naming_series-reqd'}, method='frappe.model.delete_doc.delete_dynamic_links', site='erpnext.localhost', user='Administrator') (erpnext.localhost||c9ea314e-84aa-42b4-9b4e-743ca7ff27f0)
2025-05-01 08:37:28,268 Successfully completed frappe.utils.background_jobs.execute_job(event=None, is_async=True, job_name='frappe.model.delete_doc.delete_dynamic_links', kwargs={'doctype': 'Property Setter', 'name': 'Customer-naming_series-reqd'}, method='frappe.model.delete_doc.delete_dynamic_links', site='erpnext.localhost', user='Administrator') job in 0:00:00.868576s on worker ab2c4c9786ba41448357dbac7e851158
2025-05-01 08:37:28,269 mnt-d-itu-L3-S6-Eval2-erp:default: Job OK (erpnext.localhost||c9ea314e-84aa-42b4-9b4e-743ca7ff27f0)
2025-05-01 08:37:28,270 Result is kept for 600 seconds
2025-05-01 08:37:28,285 mnt-d-itu-L3-S6-Eval2-erp:default: frappe.utils.background_jobs.execute_job(event=None, is_async=True, job_name='frappe.model.delete_doc.delete_dynamic_links', kwargs={'doctype': 'Property Setter', 'name': 'Customer-naming_series-hidden'}, method='frappe.model.delete_doc.delete_dynamic_links', site='erpnext.localhost', user='Administrator') (erpnext.localhost||372f4592-abe7-4772-8be2-d054b606903c)
2025-05-01 08:37:29,129 Successfully completed frappe.utils.background_jobs.execute_job(event=None, is_async=True, job_name='frappe.model.delete_doc.delete_dynamic_links', kwargs={'doctype': 'Property Setter', 'name': 'Customer-naming_series-hidden'}, method='frappe.model.delete_doc.delete_dynamic_links', site='erpnext.localhost', user='Administrator') job in 0:00:00.816270s on worker ab2c4c9786ba41448357dbac7e851158
2025-05-01 08:37:29,130 mnt-d-itu-L3-S6-Eval2-erp:default: Job OK (erpnext.localhost||372f4592-abe7-4772-8be2-d054b606903c)
2025-05-01 08:37:29,131 Result is kept for 600 seconds
2025-05-01 08:37:29,155 mnt-d-itu-L3-S6-Eval2-erp:default: frappe.utils.background_jobs.execute_job(event=None, is_async=True, job_name='frappe.model.delete_doc.delete_dynamic_links', kwargs={'doctype': 'Property Setter', 'name': 'Sales Order-tax_id-hidden'}, method='frappe.model.delete_doc.delete_dynamic_links', site='erpnext.localhost', user='Administrator') (erpnext.localhost||b7316dec-6aa3-441a-94d5-3dc3decf5588)
2025-05-01 08:37:30,122 Successfully completed frappe.utils.background_jobs.execute_job(event=None, is_async=True, job_name='frappe.model.delete_doc.delete_dynamic_links', kwargs={'doctype': 'Property Setter', 'name': 'Sales Order-tax_id-hidden'}, method='frappe.model.delete_doc.delete_dynamic_links', site='erpnext.localhost', user='Administrator') job in 0:00:00.949096s on worker ab2c4c9786ba41448357dbac7e851158
2025-05-01 08:37:30,123 mnt-d-itu-L3-S6-Eval2-erp:default: Job OK (erpnext.localhost||b7316dec-6aa3-441a-94d5-3dc3decf5588)
2025-05-01 08:37:30,124 Result is kept for 600 seconds
2025-05-01 08:37:30,138 mnt-d-itu-L3-S6-Eval2-erp:default: frappe.utils.background_jobs.execute_job(event=None, is_async=True, job_name='frappe.model.delete_doc.delete_dynamic_links', kwargs={'doctype': 'Property Setter', 'name': 'Sales Order-tax_id-print_hide'}, method='frappe.model.delete_doc.delete_dynamic_links', site='erpnext.localhost', user='Administrator') (erpnext.localhost||149cdcc2-30f7-46b3-86fe-bd6d0afbaf99)
2025-05-01 08:37:31,068 Successfully completed frappe.utils.background_jobs.execute_job(event=None, is_async=True, job_name='frappe.model.delete_doc.delete_dynamic_links', kwargs={'doctype': 'Property Setter', 'name': 'Sales Order-tax_id-print_hide'}, method='frappe.model.delete_doc.delete_dynamic_links', site='erpnext.localhost', user='Administrator') job in 0:00:00.904365s on worker ab2c4c9786ba41448357dbac7e851158
2025-05-01 08:37:31,070 mnt-d-itu-L3-S6-Eval2-erp:default: Job OK (erpnext.localhost||149cdcc2-30f7-46b3-86fe-bd6d0afbaf99)
2025-05-01 08:37:31,071 Result is kept for 600 seconds
2025-05-01 08:37:31,085 mnt-d-itu-L3-S6-Eval2-erp:default: frappe.utils.background_jobs.execute_job(event=None, is_async=True, job_name='frappe.model.delete_doc.delete_dynamic_links', kwargs={'doctype': 'Property Setter', 'name': 'Sales Invoice-tax_id-hidden'}, method='frappe.model.delete_doc.delete_dynamic_links', site='erpnext.localhost', user='Administrator') (erpnext.localhost||a31244ce-019c-466d-bd7d-de568e048414)
2025-05-01 08:37:32,036 Successfully completed frappe.utils.background_jobs.execute_job(event=None, is_async=True, job_name='frappe.model.delete_doc.delete_dynamic_links', kwargs={'doctype': 'Property Setter', 'name': 'Sales Invoice-tax_id-hidden'}, method='frappe.model.delete_doc.delete_dynamic_links', site='erpnext.localhost', user='Administrator') job in 0:00:00.928210s on worker ab2c4c9786ba41448357dbac7e851158
2025-05-01 08:37:32,038 mnt-d-itu-L3-S6-Eval2-erp:default: Job OK (erpnext.localhost||a31244ce-019c-466d-bd7d-de568e048414)
2025-05-01 08:37:32,041 Result is kept for 600 seconds
2025-05-01 08:37:32,054 mnt-d-itu-L3-S6-Eval2-erp:default: frappe.utils.background_jobs.execute_job(event=None, is_async=True, job_name='frappe.model.delete_doc.delete_dynamic_links', kwargs={'doctype': 'Property Setter', 'name': 'Sales Invoice-tax_id-print_hide'}, method='frappe.model.delete_doc.delete_dynamic_links', site='erpnext.localhost', user='Administrator') (erpnext.localhost||da14c3b4-c008-4954-9920-586fce6c9901)
2025-05-01 08:37:33,265 Successfully completed frappe.utils.background_jobs.execute_job(event=None, is_async=True, job_name='frappe.model.delete_doc.delete_dynamic_links', kwargs={'doctype': 'Property Setter', 'name': 'Sales Invoice-tax_id-print_hide'}, method='frappe.model.delete_doc.delete_dynamic_links', site='erpnext.localhost', user='Administrator') job in 0:00:01.176378s on worker ab2c4c9786ba41448357dbac7e851158
2025-05-01 08:37:33,269 mnt-d-itu-L3-S6-Eval2-erp:default: Job OK (erpnext.localhost||da14c3b4-c008-4954-9920-586fce6c9901)
2025-05-01 08:37:33,270 Result is kept for 600 seconds
2025-05-01 08:37:33,289 mnt-d-itu-L3-S6-Eval2-erp:default: frappe.utils.background_jobs.execute_job(event=None, is_async=True, job_name='frappe.model.delete_doc.delete_dynamic_links', kwargs={'doctype': 'Property Setter', 'name': 'Delivery Note-tax_id-hidden'}, method='frappe.model.delete_doc.delete_dynamic_links', site='erpnext.localhost', user='Administrator') (erpnext.localhost||4f35cd1f-2100-44bf-99ed-abb5d527b002)
2025-05-01 08:37:34,875 Successfully completed frappe.utils.background_jobs.execute_job(event=None, is_async=True, job_name='frappe.model.delete_doc.delete_dynamic_links', kwargs={'doctype': 'Property Setter', 'name': 'Delivery Note-tax_id-hidden'}, method='frappe.model.delete_doc.delete_dynamic_links', site='erpnext.localhost', user='Administrator') job in 0:00:01.556453s on worker ab2c4c9786ba41448357dbac7e851158
2025-05-01 08:37:34,877 mnt-d-itu-L3-S6-Eval2-erp:default: Job OK (erpnext.localhost||4f35cd1f-2100-44bf-99ed-abb5d527b002)
2025-05-01 08:37:34,878 Result is kept for 600 seconds
2025-05-01 08:37:34,898 mnt-d-itu-L3-S6-Eval2-erp:default: frappe.utils.background_jobs.execute_job(event=None, is_async=True, job_name='frappe.model.delete_doc.delete_dynamic_links', kwargs={'doctype': 'Property Setter', 'name': 'Delivery Note-tax_id-print_hide'}, method='frappe.model.delete_doc.delete_dynamic_links', site='erpnext.localhost', user='Administrator') (erpnext.localhost||a8cc0e74-7d56-4eee-b97f-ed8adb8d920d)
2025-05-01 08:37:35,805 Successfully completed frappe.utils.background_jobs.execute_job(event=None, is_async=True, job_name='frappe.model.delete_doc.delete_dynamic_links', kwargs={'doctype': 'Property Setter', 'name': 'Delivery Note-tax_id-print_hide'}, method='frappe.model.delete_doc.delete_dynamic_links', site='erpnext.localhost', user='Administrator') job in 0:00:00.879357s on worker ab2c4c9786ba41448357dbac7e851158
2025-05-01 08:37:35,806 mnt-d-itu-L3-S6-Eval2-erp:default: Job OK (erpnext.localhost||a8cc0e74-7d56-4eee-b97f-ed8adb8d920d)
2025-05-01 08:37:35,807 Result is kept for 600 seconds
2025-05-01 08:37:35,819 mnt-d-itu-L3-S6-Eval2-erp:default: frappe.utils.background_jobs.execute_job(event=None, is_async=True, job_name='frappe.model.delete_doc.delete_dynamic_links', kwargs={'doctype': 'Property Setter', 'name': 'Packed Item-rate-read_only'}, method='frappe.model.delete_doc.delete_dynamic_links', site='erpnext.localhost', user='Administrator') (erpnext.localhost||7ad4e9c2-7621-4302-a7c3-da930717d5b7)
2025-05-01 08:37:36,567 Successfully completed frappe.utils.background_jobs.execute_job(event=None, is_async=True, job_name='frappe.model.delete_doc.delete_dynamic_links', kwargs={'doctype': 'Property Setter', 'name': 'Packed Item-rate-read_only'}, method='frappe.model.delete_doc.delete_dynamic_links', site='erpnext.localhost', user='Administrator') job in 0:00:00.726712s on worker ab2c4c9786ba41448357dbac7e851158
2025-05-01 08:37:36,568 mnt-d-itu-L3-S6-Eval2-erp:default: Job OK (erpnext.localhost||7ad4e9c2-7621-4302-a7c3-da930717d5b7)
2025-05-01 08:37:36,568 Result is kept for 600 seconds
2025-05-01 08:37:36,578 mnt-d-itu-L3-S6-Eval2-erp:default: frappe.utils.background_jobs.execute_job(event=None, is_async=True, job_name='frappe.model.delete_doc.delete_dynamic_links', kwargs={'doctype': 'Property Setter', 'name': 'Sales Invoice Item-discount_account..., method='frappe.model.delete_doc.delete_dynamic_links', site='erpnext.localhost', user='Administrator') (erpnext.localhost||6555f6ea-7c80-41d4-998c-b032a4f49839)
2025-05-01 08:37:37,565 Successfully completed frappe.utils.background_jobs.execute_job(event=None, is_async=True, job_name='frappe.model.delete_doc.delete_dynamic_links', kwargs={'doctype': 'Property Setter', 'name': 'Sales Invoice Item-discount_account..., method='frappe.model.delete_doc.delete_dynamic_links', site='erpnext.localhost', user='Administrator') job in 0:00:00.972182s on worker ab2c4c9786ba41448357dbac7e851158
2025-05-01 08:37:37,566 mnt-d-itu-L3-S6-Eval2-erp:default: Job OK (erpnext.localhost||6555f6ea-7c80-41d4-998c-b032a4f49839)
2025-05-01 08:37:37,567 Result is kept for 600 seconds
2025-05-01 08:37:37,580 mnt-d-itu-L3-S6-Eval2-erp:default: frappe.utils.background_jobs.execute_job(event=None, is_async=True, job_name='frappe.model.delete_doc.delete_dynamic_links', kwargs={'doctype': 'Property Setter', 'name': 'Sales Invoice Item-discount_account..., method='frappe.model.delete_doc.delete_dynamic_links', site='erpnext.localhost', user='Administrator') (erpnext.localhost||82722af6-b363-484e-a79d-9e8dde39dcaa)
2025-05-01 08:37:38,308 Successfully completed frappe.utils.background_jobs.execute_job(event=None, is_async=True, job_name='frappe.model.delete_doc.delete_dynamic_links', kwargs={'doctype': 'Property Setter', 'name': 'Sales Invoice Item-discount_account..., method='frappe.model.delete_doc.delete_dynamic_links', site='erpnext.localhost', user='Administrator') job in 0:00:00.705450s on worker ab2c4c9786ba41448357dbac7e851158
2025-05-01 08:37:38,309 mnt-d-itu-L3-S6-Eval2-erp:default: Job OK (erpnext.localhost||82722af6-b363-484e-a79d-9e8dde39dcaa)
2025-05-01 08:37:38,310 Result is kept for 600 seconds
2025-05-01 08:37:38,325 mnt-d-itu-L3-S6-Eval2-erp:default: frappe.utils.background_jobs.execute_job(event=None, is_async=True, job_name='frappe.model.delete_doc.delete_dynamic_links', kwargs={'doctype': 'Property Setter', 'name': 'Sales Invoice-additional_discount_a..., method='frappe.model.delete_doc.delete_dynamic_links', site='erpnext.localhost', user='Administrator') (erpnext.localhost||58c324ce-8284-4176-9509-4b4c1efad2de)
2025-05-01 08:37:39,036 Successfully completed frappe.utils.background_jobs.execute_job(event=None, is_async=True, job_name='frappe.model.delete_doc.delete_dynamic_links', kwargs={'doctype': 'Property Setter', 'name': 'Sales Invoice-additional_discount_a..., method='frappe.model.delete_doc.delete_dynamic_links', site='erpnext.localhost', user='Administrator') job in 0:00:00.684811s on worker ab2c4c9786ba41448357dbac7e851158
2025-05-01 08:37:39,038 mnt-d-itu-L3-S6-Eval2-erp:default: Job OK (erpnext.localhost||58c324ce-8284-4176-9509-4b4c1efad2de)
2025-05-01 08:37:39,038 Result is kept for 600 seconds
2025-05-01 08:37:39,048 mnt-d-itu-L3-S6-Eval2-erp:default: frappe.utils.background_jobs.execute_job(event=None, is_async=True, job_name='frappe.model.delete_doc.delete_dynamic_links', kwargs={'doctype': 'Property Setter', 'name': 'Sales Invoice-additional_discount_a..., method='frappe.model.delete_doc.delete_dynamic_links', site='erpnext.localhost', user='Administrator') (erpnext.localhost||661bb269-59fe-495c-8490-eacfeb96008f)
2025-05-01 08:37:39,732 Successfully completed frappe.utils.background_jobs.execute_job(event=None, is_async=True, job_name='frappe.model.delete_doc.delete_dynamic_links', kwargs={'doctype': 'Property Setter', 'name': 'Sales Invoice-additional_discount_a..., method='frappe.model.delete_doc.delete_dynamic_links', site='erpnext.localhost', user='Administrator') job in 0:00:00.663238s on worker ab2c4c9786ba41448357dbac7e851158
2025-05-01 08:37:39,733 mnt-d-itu-L3-S6-Eval2-erp:default: Job OK (erpnext.localhost||661bb269-59fe-495c-8490-eacfeb96008f)
2025-05-01 08:37:39,734 Result is kept for 600 seconds
2025-05-01 08:37:39,748 mnt-d-itu-L3-S6-Eval2-erp:default: frappe.utils.background_jobs.execute_job(event=None, is_async=True, job_name='frappe.model.delete_doc.delete_dynamic_links', kwargs={'doctype': 'Property Setter', 'name': 'Supplier-naming_series-reqd'}, method='frappe.model.delete_doc.delete_dynamic_links', site='erpnext.localhost', user='Administrator') (erpnext.localhost||93a85792-db8d-4e8e-92d0-c6cda1861b56)
2025-05-01 08:37:40,458 Successfully completed frappe.utils.background_jobs.execute_job(event=None, is_async=True, job_name='frappe.model.delete_doc.delete_dynamic_links', kwargs={'doctype': 'Property Setter', 'name': 'Supplier-naming_series-reqd'}, method='frappe.model.delete_doc.delete_dynamic_links', site='erpnext.localhost', user='Administrator') job in 0:00:00.695457s on worker ab2c4c9786ba41448357dbac7e851158
2025-05-01 08:37:40,459 mnt-d-itu-L3-S6-Eval2-erp:default: Job OK (erpnext.localhost||93a85792-db8d-4e8e-92d0-c6cda1861b56)
2025-05-01 08:37:40,459 Result is kept for 600 seconds
2025-05-01 08:37:40,470 mnt-d-itu-L3-S6-Eval2-erp:default: frappe.utils.background_jobs.execute_job(event=None, is_async=True, job_name='frappe.model.delete_doc.delete_dynamic_links', kwargs={'doctype': 'Property Setter', 'name': 'Supplier-naming_series-hidden'}, method='frappe.model.delete_doc.delete_dynamic_links', site='erpnext.localhost', user='Administrator') (erpnext.localhost||fc1ff2b4-ecab-4bc3-9934-c1ac487afe23)
2025-05-01 08:37:41,197 Successfully completed frappe.utils.background_jobs.execute_job(event=None, is_async=True, job_name='frappe.model.delete_doc.delete_dynamic_links', kwargs={'doctype': 'Property Setter', 'name': 'Supplier-naming_series-hidden'}, method='frappe.model.delete_doc.delete_dynamic_links', site='erpnext.localhost', user='Administrator') job in 0:00:00.711289s on worker ab2c4c9786ba41448357dbac7e851158
2025-05-01 08:37:41,198 mnt-d-itu-L3-S6-Eval2-erp:default: Job OK (erpnext.localhost||fc1ff2b4-ecab-4bc3-9934-c1ac487afe23)
2025-05-01 08:37:41,199 Result is kept for 600 seconds
2025-05-01 08:37:41,209 mnt-d-itu-L3-S6-Eval2-erp:default: frappe.utils.background_jobs.execute_job(event=None, is_async=True, job_name='frappe.model.delete_doc.delete_dynamic_links', kwargs={'doctype': 'Property Setter', 'name': 'Supplier-naming_series-reqd'}, method='frappe.model.delete_doc.delete_dynamic_links', site='erpnext.localhost', user='Administrator') (erpnext.localhost||414d00ba-9b43-47a4-ae65-52c12fb9df2a)
2025-05-01 08:37:41,897 Successfully completed frappe.utils.background_jobs.execute_job(event=None, is_async=True, job_name='frappe.model.delete_doc.delete_dynamic_links', kwargs={'doctype': 'Property Setter', 'name': 'Supplier-naming_series-reqd'}, method='frappe.model.delete_doc.delete_dynamic_links', site='erpnext.localhost', user='Administrator') job in 0:00:00.674126s on worker ab2c4c9786ba41448357dbac7e851158
2025-05-01 08:37:41,898 mnt-d-itu-L3-S6-Eval2-erp:default: Job OK (erpnext.localhost||414d00ba-9b43-47a4-ae65-52c12fb9df2a)
2025-05-01 08:37:41,898 Result is kept for 600 seconds
2025-05-01 08:37:41,908 mnt-d-itu-L3-S6-Eval2-erp:default: frappe.utils.background_jobs.execute_job(event=None, is_async=True, job_name='frappe.model.delete_doc.delete_dynamic_links', kwargs={'doctype': 'Property Setter', 'name': 'Supplier-naming_series-hidden'}, method='frappe.model.delete_doc.delete_dynamic_links', site='erpnext.localhost', user='Administrator') (erpnext.localhost||991cbd70-b09a-42f4-b43d-75522b5d9e0e)
2025-05-01 08:37:42,588 Successfully completed frappe.utils.background_jobs.execute_job(event=None, is_async=True, job_name='frappe.model.delete_doc.delete_dynamic_links', kwargs={'doctype': 'Property Setter', 'name': 'Supplier-naming_series-hidden'}, method='frappe.model.delete_doc.delete_dynamic_links', site='erpnext.localhost', user='Administrator') job in 0:00:00.662317s on worker ab2c4c9786ba41448357dbac7e851158
2025-05-01 08:37:42,589 mnt-d-itu-L3-S6-Eval2-erp:default: Job OK (erpnext.localhost||991cbd70-b09a-42f4-b43d-75522b5d9e0e)
2025-05-01 08:37:42,590 Result is kept for 600 seconds
2025-05-01 08:37:42,599 mnt-d-itu-L3-S6-Eval2-erp:default: frappe.utils.background_jobs.execute_job(event=None, is_async=True, job_name='frappe.model.delete_doc.delete_dynamic_links', kwargs={'doctype': 'Property Setter', 'name': 'Customer-naming_series-reqd'}, method='frappe.model.delete_doc.delete_dynamic_links', site='erpnext.localhost', user='Administrator') (erpnext.localhost||d88f69c2-1869-4352-ae48-70801be01465)
2025-05-01 08:37:43,295 Successfully completed frappe.utils.background_jobs.execute_job(event=None, is_async=True, job_name='frappe.model.delete_doc.delete_dynamic_links', kwargs={'doctype': 'Property Setter', 'name': 'Customer-naming_series-reqd'}, method='frappe.model.delete_doc.delete_dynamic_links', site='erpnext.localhost', user='Administrator') job in 0:00:00.678997s on worker ab2c4c9786ba41448357dbac7e851158
2025-05-01 08:37:43,296 mnt-d-itu-L3-S6-Eval2-erp:default: Job OK (erpnext.localhost||d88f69c2-1869-4352-ae48-70801be01465)
2025-05-01 08:37:43,297 Result is kept for 600 seconds
2025-05-01 08:37:43,321 mnt-d-itu-L3-S6-Eval2-erp:default: frappe.utils.background_jobs.execute_job(event=None, is_async=True, job_name='frappe.model.delete_doc.delete_dynamic_links', kwargs={'doctype': 'Property Setter', 'name': 'Customer-naming_series-hidden'}, method='frappe.model.delete_doc.delete_dynamic_links', site='erpnext.localhost', user='Administrator') (erpnext.localhost||9ac12cbd-c836-4b7b-829b-d6828ed4c859)
2025-05-01 08:37:44,002 Successfully completed frappe.utils.background_jobs.execute_job(event=None, is_async=True, job_name='frappe.model.delete_doc.delete_dynamic_links', kwargs={'doctype': 'Property Setter', 'name': 'Customer-naming_series-hidden'}, method='frappe.model.delete_doc.delete_dynamic_links', site='erpnext.localhost', user='Administrator') job in 0:00:00.660547s on worker ab2c4c9786ba41448357dbac7e851158
2025-05-01 08:37:44,003 mnt-d-itu-L3-S6-Eval2-erp:default: Job OK (erpnext.localhost||9ac12cbd-c836-4b7b-829b-d6828ed4c859)
2025-05-01 08:37:44,004 Result is kept for 600 seconds
2025-05-01 08:37:44,015 mnt-d-itu-L3-S6-Eval2-erp:default: frappe.utils.background_jobs.execute_job(event=None, is_async=True, job_name='frappe.model.delete_doc.delete_dynamic_links', kwargs={'doctype': 'Property Setter', 'name': 'Sales Order-tax_id-hidden'}, method='frappe.model.delete_doc.delete_dynamic_links', site='erpnext.localhost', user='Administrator') (erpnext.localhost||bb83ecb5-17b6-48da-866c-411852cf036c)
2025-05-01 08:37:44,700 Successfully completed frappe.utils.background_jobs.execute_job(event=None, is_async=True, job_name='frappe.model.delete_doc.delete_dynamic_links', kwargs={'doctype': 'Property Setter', 'name': 'Sales Order-tax_id-hidden'}, method='frappe.model.delete_doc.delete_dynamic_links', site='erpnext.localhost', user='Administrator') job in 0:00:00.665944s on worker ab2c4c9786ba41448357dbac7e851158
2025-05-01 08:37:44,701 mnt-d-itu-L3-S6-Eval2-erp:default: Job OK (erpnext.localhost||bb83ecb5-17b6-48da-866c-411852cf036c)
2025-05-01 08:37:44,701 Result is kept for 600 seconds
2025-05-01 08:37:44,712 mnt-d-itu-L3-S6-Eval2-erp:default: frappe.utils.background_jobs.execute_job(event=None, is_async=True, job_name='frappe.model.delete_doc.delete_dynamic_links', kwargs={'doctype': 'Property Setter', 'name': 'Sales Order-tax_id-print_hide'}, method='frappe.model.delete_doc.delete_dynamic_links', site='erpnext.localhost', user='Administrator') (erpnext.localhost||4a6f29e8-76e2-4337-9f02-89fe20d81ce8)
2025-05-01 08:37:45,365 Successfully completed frappe.utils.background_jobs.execute_job(event=None, is_async=True, job_name='frappe.model.delete_doc.delete_dynamic_links', kwargs={'doctype': 'Property Setter', 'name': 'Sales Order-tax_id-print_hide'}, method='frappe.model.delete_doc.delete_dynamic_links', site='erpnext.localhost', user='Administrator') job in 0:00:00.628788s on worker ab2c4c9786ba41448357dbac7e851158
2025-05-01 08:37:45,366 mnt-d-itu-L3-S6-Eval2-erp:default: Job OK (erpnext.localhost||4a6f29e8-76e2-4337-9f02-89fe20d81ce8)
2025-05-01 08:37:45,367 Result is kept for 600 seconds
2025-05-01 08:37:45,378 mnt-d-itu-L3-S6-Eval2-erp:default: frappe.utils.background_jobs.execute_job(event=None, is_async=True, job_name='frappe.model.delete_doc.delete_dynamic_links', kwargs={'doctype': 'Property Setter', 'name': 'Sales Invoice-tax_id-hidden'}, method='frappe.model.delete_doc.delete_dynamic_links', site='erpnext.localhost', user='Administrator') (erpnext.localhost||741921ce-8d03-4b62-bbbc-b80b6e59c01a)
2025-05-01 08:37:46,074 Successfully completed frappe.utils.background_jobs.execute_job(event=None, is_async=True, job_name='frappe.model.delete_doc.delete_dynamic_links', kwargs={'doctype': 'Property Setter', 'name': 'Sales Invoice-tax_id-hidden'}, method='frappe.model.delete_doc.delete_dynamic_links', site='erpnext.localhost', user='Administrator') job in 0:00:00.666370s on worker ab2c4c9786ba41448357dbac7e851158
2025-05-01 08:37:46,077 mnt-d-itu-L3-S6-Eval2-erp:default: Job OK (erpnext.localhost||741921ce-8d03-4b62-bbbc-b80b6e59c01a)
2025-05-01 08:37:46,078 Result is kept for 600 seconds
2025-05-01 08:37:46,098 mnt-d-itu-L3-S6-Eval2-erp:default: frappe.utils.background_jobs.execute_job(event=None, is_async=True, job_name='frappe.model.delete_doc.delete_dynamic_links', kwargs={'doctype': 'Property Setter', 'name': 'Sales Invoice-tax_id-print_hide'}, method='frappe.model.delete_doc.delete_dynamic_links', site='erpnext.localhost', user='Administrator') (erpnext.localhost||f30cb979-ab8f-4c92-aa94-cd3c5fec07c4)
2025-05-01 08:37:46,765 Successfully completed frappe.utils.background_jobs.execute_job(event=None, is_async=True, job_name='frappe.model.delete_doc.delete_dynamic_links', kwargs={'doctype': 'Property Setter', 'name': 'Sales Invoice-tax_id-print_hide'}, method='frappe.model.delete_doc.delete_dynamic_links', site='erpnext.localhost', user='Administrator') job in 0:00:00.653273s on worker ab2c4c9786ba41448357dbac7e851158
2025-05-01 08:37:46,766 mnt-d-itu-L3-S6-Eval2-erp:default: Job OK (erpnext.localhost||f30cb979-ab8f-4c92-aa94-cd3c5fec07c4)
2025-05-01 08:37:46,767 Result is kept for 600 seconds
2025-05-01 08:37:46,781 mnt-d-itu-L3-S6-Eval2-erp:default: frappe.utils.background_jobs.execute_job(event=None, is_async=True, job_name='frappe.model.delete_doc.delete_dynamic_links', kwargs={'doctype': 'Property Setter', 'name': 'Delivery Note-tax_id-hidden'}, method='frappe.model.delete_doc.delete_dynamic_links', site='erpnext.localhost', user='Administrator') (erpnext.localhost||3174630e-5358-4876-ac5f-59f390537873)
2025-05-01 08:37:47,479 Successfully completed frappe.utils.background_jobs.execute_job(event=None, is_async=True, job_name='frappe.model.delete_doc.delete_dynamic_links', kwargs={'doctype': 'Property Setter', 'name': 'Delivery Note-tax_id-hidden'}, method='frappe.model.delete_doc.delete_dynamic_links', site='erpnext.localhost', user='Administrator') job in 0:00:00.681865s on worker ab2c4c9786ba41448357dbac7e851158
2025-05-01 08:37:47,480 mnt-d-itu-L3-S6-Eval2-erp:default: Job OK (erpnext.localhost||3174630e-5358-4876-ac5f-59f390537873)
2025-05-01 08:37:47,481 Result is kept for 600 seconds
2025-05-01 08:37:47,491 mnt-d-itu-L3-S6-Eval2-erp:default: frappe.utils.background_jobs.execute_job(event=None, is_async=True, job_name='frappe.model.delete_doc.delete_dynamic_links', kwargs={'doctype': 'Property Setter', 'name': 'Delivery Note-tax_id-print_hide'}, method='frappe.model.delete_doc.delete_dynamic_links', site='erpnext.localhost', user='Administrator') (erpnext.localhost||26468cc6-ee87-430d-9243-1844615539ff)
2025-05-01 08:37:48,160 Successfully completed frappe.utils.background_jobs.execute_job(event=None, is_async=True, job_name='frappe.model.delete_doc.delete_dynamic_links', kwargs={'doctype': 'Property Setter', 'name': 'Delivery Note-tax_id-print_hide'}, method='frappe.model.delete_doc.delete_dynamic_links', site='erpnext.localhost', user='Administrator') job in 0:00:00.658020s on worker ab2c4c9786ba41448357dbac7e851158
2025-05-01 08:37:48,161 mnt-d-itu-L3-S6-Eval2-erp:default: Job OK (erpnext.localhost||26468cc6-ee87-430d-9243-1844615539ff)
2025-05-01 08:37:48,161 Result is kept for 600 seconds
2025-05-01 08:37:48,169 mnt-d-itu-L3-S6-Eval2-erp:default: frappe.utils.background_jobs.execute_job(event=None, is_async=True, job_name='frappe.model.delete_doc.delete_dynamic_links', kwargs={'doctype': 'Property Setter', 'name': 'Packed Item-rate-read_only'}, method='frappe.model.delete_doc.delete_dynamic_links', site='erpnext.localhost', user='Administrator') (erpnext.localhost||6a5a4859-5cce-4d28-ab52-29cd117bac06)
2025-05-01 08:37:48,845 Successfully completed frappe.utils.background_jobs.execute_job(event=None, is_async=True, job_name='frappe.model.delete_doc.delete_dynamic_links', kwargs={'doctype': 'Property Setter', 'name': 'Packed Item-rate-read_only'}, method='frappe.model.delete_doc.delete_dynamic_links', site='erpnext.localhost', user='Administrator') job in 0:00:00.661928s on worker ab2c4c9786ba41448357dbac7e851158
2025-05-01 08:37:48,846 mnt-d-itu-L3-S6-Eval2-erp:default: Job OK (erpnext.localhost||6a5a4859-5cce-4d28-ab52-29cd117bac06)
2025-05-01 08:37:48,846 Result is kept for 600 seconds
2025-05-01 08:37:48,857 mnt-d-itu-L3-S6-Eval2-erp:default: frappe.utils.background_jobs.execute_job(event=None, is_async=True, job_name='frappe.model.delete_doc.delete_dynamic_links', kwargs={'doctype': 'Property Setter', 'name': 'Sales Invoice Item-discount_account..., method='frappe.model.delete_doc.delete_dynamic_links', site='erpnext.localhost', user='Administrator') (erpnext.localhost||6622188f-2751-48e4-bf83-139036a94df9)
2025-05-01 08:37:49,539 Successfully completed frappe.utils.background_jobs.execute_job(event=None, is_async=True, job_name='frappe.model.delete_doc.delete_dynamic_links', kwargs={'doctype': 'Property Setter', 'name': 'Sales Invoice Item-discount_account..., method='frappe.model.delete_doc.delete_dynamic_links', site='erpnext.localhost', user='Administrator') job in 0:00:00.669242s on worker ab2c4c9786ba41448357dbac7e851158
2025-05-01 08:37:49,540 mnt-d-itu-L3-S6-Eval2-erp:default: Job OK (erpnext.localhost||6622188f-2751-48e4-bf83-139036a94df9)
2025-05-01 08:37:49,541 Result is kept for 600 seconds
2025-05-01 08:37:49,551 mnt-d-itu-L3-S6-Eval2-erp:default: frappe.utils.background_jobs.execute_job(event=None, is_async=True, job_name='frappe.model.delete_doc.delete_dynamic_links', kwargs={'doctype': 'Property Setter', 'name': 'Sales Invoice Item-discount_account..., method='frappe.model.delete_doc.delete_dynamic_links', site='erpnext.localhost', user='Administrator') (erpnext.localhost||f798c25c-c743-4aaf-ae76-8dc0441a8354)
2025-05-01 08:37:50,240 Successfully completed frappe.utils.background_jobs.execute_job(event=None, is_async=True, job_name='frappe.model.delete_doc.delete_dynamic_links', kwargs={'doctype': 'Property Setter', 'name': 'Sales Invoice Item-discount_account..., method='frappe.model.delete_doc.delete_dynamic_links', site='erpnext.localhost', user='Administrator') job in 0:00:00.673214s on worker ab2c4c9786ba41448357dbac7e851158
2025-05-01 08:37:50,241 mnt-d-itu-L3-S6-Eval2-erp:default: Job OK (erpnext.localhost||f798c25c-c743-4aaf-ae76-8dc0441a8354)
2025-05-01 08:37:50,242 Result is kept for 600 seconds
2025-05-01 08:37:50,255 mnt-d-itu-L3-S6-Eval2-erp:default: frappe.utils.background_jobs.execute_job(event=None, is_async=True, job_name='frappe.model.delete_doc.delete_dynamic_links', kwargs={'doctype': 'Property Setter', 'name': 'Sales Invoice-additional_discount_a..., method='frappe.model.delete_doc.delete_dynamic_links', site='erpnext.localhost', user='Administrator') (erpnext.localhost||d5afb5cd-1577-4067-b0a1-1b5a656f1985)
2025-05-01 08:37:51,123 Successfully completed frappe.utils.background_jobs.execute_job(event=None, is_async=True, job_name='frappe.model.delete_doc.delete_dynamic_links', kwargs={'doctype': 'Property Setter', 'name': 'Sales Invoice-additional_discount_a..., method='frappe.model.delete_doc.delete_dynamic_links', site='erpnext.localhost', user='Administrator') job in 0:00:00.843495s on worker ab2c4c9786ba41448357dbac7e851158
2025-05-01 08:37:51,125 mnt-d-itu-L3-S6-Eval2-erp:default: Job OK (erpnext.localhost||d5afb5cd-1577-4067-b0a1-1b5a656f1985)
2025-05-01 08:37:51,128 Result is kept for 600 seconds
2025-05-01 08:37:51,146 mnt-d-itu-L3-S6-Eval2-erp:default: frappe.utils.background_jobs.execute_job(event=None, is_async=True, job_name='frappe.model.delete_doc.delete_dynamic_links', kwargs={'doctype': 'Property Setter', 'name': 'Sales Invoice-additional_discount_a..., method='frappe.model.delete_doc.delete_dynamic_links', site='erpnext.localhost', user='Administrator') (erpnext.localhost||838fcc0e-3ac0-41e2-b70a-3d00c2786039)
2025-05-01 08:37:51,934 Successfully completed frappe.utils.background_jobs.execute_job(event=None, is_async=True, job_name='frappe.model.delete_doc.delete_dynamic_links', kwargs={'doctype': 'Property Setter', 'name': 'Sales Invoice-additional_discount_a..., method='frappe.model.delete_doc.delete_dynamic_links', site='erpnext.localhost', user='Administrator') job in 0:00:00.768905s on worker ab2c4c9786ba41448357dbac7e851158
2025-05-01 08:37:51,935 mnt-d-itu-L3-S6-Eval2-erp:default: Job OK (erpnext.localhost||838fcc0e-3ac0-41e2-b70a-3d00c2786039)
2025-05-01 08:37:51,935 Result is kept for 600 seconds
2025-05-01 08:37:51,952 mnt-d-itu-L3-S6-Eval2-erp:default: frappe.utils.background_jobs.execute_job(event=None, is_async=True, job_name='frappe.model.delete_doc.delete_dynamic_links', kwargs={'doctype': 'Property Setter', 'name': 'Quotation-base_rounded_total-hidden..., method='frappe.model.delete_doc.delete_dynamic_links', site='erpnext.localhost', user='Administrator') (erpnext.localhost||650d581e-1b29-42af-a619-4cfb423bb646)
2025-05-01 08:37:52,869 Successfully completed frappe.utils.background_jobs.execute_job(event=None, is_async=True, job_name='frappe.model.delete_doc.delete_dynamic_links', kwargs={'doctype': 'Property Setter', 'name': 'Quotation-base_rounded_total-hidden..., method='frappe.model.delete_doc.delete_dynamic_links', site='erpnext.localhost', user='Administrator') job in 0:00:00.898705s on worker ab2c4c9786ba41448357dbac7e851158
2025-05-01 08:37:52,869 mnt-d-itu-L3-S6-Eval2-erp:default: Job OK (erpnext.localhost||650d581e-1b29-42af-a619-4cfb423bb646)
2025-05-01 08:37:52,870 Result is kept for 600 seconds
2025-05-01 08:37:52,879 mnt-d-itu-L3-S6-Eval2-erp:default: frappe.utils.background_jobs.execute_job(event=None, is_async=True, job_name='frappe.model.delete_doc.delete_dynamic_links', kwargs={'doctype': 'Property Setter', 'name': 'Quotation-base_rounded_total-print_..., method='frappe.model.delete_doc.delete_dynamic_links', site='erpnext.localhost', user='Administrator') (erpnext.localhost||5e315395-399a-4295-a094-6d483a056604)
2025-05-01 08:37:53,607 Successfully completed frappe.utils.background_jobs.execute_job(event=None, is_async=True, job_name='frappe.model.delete_doc.delete_dynamic_links', kwargs={'doctype': 'Property Setter', 'name': 'Quotation-base_rounded_total-print_..., method='frappe.model.delete_doc.delete_dynamic_links', site='erpnext.localhost', user='Administrator') job in 0:00:00.713389s on worker ab2c4c9786ba41448357dbac7e851158
2025-05-01 08:37:53,608 mnt-d-itu-L3-S6-Eval2-erp:default: Job OK (erpnext.localhost||5e315395-399a-4295-a094-6d483a056604)
2025-05-01 08:37:53,609 Result is kept for 600 seconds
2025-05-01 08:37:53,621 mnt-d-itu-L3-S6-Eval2-erp:default: frappe.utils.background_jobs.execute_job(event=None, is_async=True, job_name='frappe.model.delete_doc.delete_dynamic_links', kwargs={'doctype': 'Property Setter', 'name': 'Quotation-rounded_total-hidden'}, method='frappe.model.delete_doc.delete_dynamic_links', site='erpnext.localhost', user='Administrator') (erpnext.localhost||86cd9621-683a-43ba-85f6-47eaad9fa2be)
2025-05-01 08:37:54,501 Successfully completed frappe.utils.background_jobs.execute_job(event=None, is_async=True, job_name='frappe.model.delete_doc.delete_dynamic_links', kwargs={'doctype': 'Property Setter', 'name': 'Quotation-rounded_total-hidden'}, method='frappe.model.delete_doc.delete_dynamic_links', site='erpnext.localhost', user='Administrator') job in 0:00:00.861141s on worker ab2c4c9786ba41448357dbac7e851158
2025-05-01 08:37:54,502 mnt-d-itu-L3-S6-Eval2-erp:default: Job OK (erpnext.localhost||86cd9621-683a-43ba-85f6-47eaad9fa2be)
2025-05-01 08:37:54,502 Result is kept for 600 seconds
2025-05-01 08:37:54,514 mnt-d-itu-L3-S6-Eval2-erp:default: frappe.utils.background_jobs.execute_job(event=None, is_async=True, job_name='frappe.model.delete_doc.delete_dynamic_links', kwargs={'doctype': 'Property Setter', 'name': 'Quotation-rounded_total-print_hide'..., method='frappe.model.delete_doc.delete_dynamic_links', site='erpnext.localhost', user='Administrator') (erpnext.localhost||4c1e8acb-4f8c-4f22-9f6e-8d0f516bbece)
2025-05-01 08:37:55,231 Successfully completed frappe.utils.background_jobs.execute_job(event=None, is_async=True, job_name='frappe.model.delete_doc.delete_dynamic_links', kwargs={'doctype': 'Property Setter', 'name': 'Quotation-rounded_total-print_hide'..., method='frappe.model.delete_doc.delete_dynamic_links', site='erpnext.localhost', user='Administrator') job in 0:00:00.690611s on worker ab2c4c9786ba41448357dbac7e851158
2025-05-01 08:37:55,233 mnt-d-itu-L3-S6-Eval2-erp:default: Job OK (erpnext.localhost||4c1e8acb-4f8c-4f22-9f6e-8d0f516bbece)
2025-05-01 08:37:55,234 Result is kept for 600 seconds
2025-05-01 08:37:55,253 mnt-d-itu-L3-S6-Eval2-erp:default: frappe.utils.background_jobs.execute_job(event=None, is_async=True, job_name='frappe.model.delete_doc.delete_dynamic_links', kwargs={'doctype': 'Property Setter', 'name': 'Quotation-disable_rounded_total-def..., method='frappe.model.delete_doc.delete_dynamic_links', site='erpnext.localhost', user='Administrator') (erpnext.localhost||74b2b5bb-48bd-44d3-940c-d620f1ca9239)
2025-05-01 08:37:56,175 Successfully completed frappe.utils.background_jobs.execute_job(event=None, is_async=True, job_name='frappe.model.delete_doc.delete_dynamic_links', kwargs={'doctype': 'Property Setter', 'name': 'Quotation-disable_rounded_total-def..., method='frappe.model.delete_doc.delete_dynamic_links', site='erpnext.localhost', user='Administrator') job in 0:00:00.889881s on worker ab2c4c9786ba41448357dbac7e851158
2025-05-01 08:37:56,177 mnt-d-itu-L3-S6-Eval2-erp:default: Job OK (erpnext.localhost||74b2b5bb-48bd-44d3-940c-d620f1ca9239)
2025-05-01 08:37:56,179 Result is kept for 600 seconds
2025-05-01 08:37:56,192 mnt-d-itu-L3-S6-Eval2-erp:default: frappe.utils.background_jobs.execute_job(event=None, is_async=True, job_name='frappe.model.delete_doc.delete_dynamic_links', kwargs={'doctype': 'Property Setter', 'name': 'Sales Order-base_rounded_total-hidd..., method='frappe.model.delete_doc.delete_dynamic_links', site='erpnext.localhost', user='Administrator') (erpnext.localhost||60cf1284-cd28-451f-8d30-7854434bf65a)
2025-05-01 08:37:57,066 Successfully completed frappe.utils.background_jobs.execute_job(event=None, is_async=True, job_name='frappe.model.delete_doc.delete_dynamic_links', kwargs={'doctype': 'Property Setter', 'name': 'Sales Order-base_rounded_total-hidd..., method='frappe.model.delete_doc.delete_dynamic_links', site='erpnext.localhost', user='Administrator') job in 0:00:00.855968s on worker ab2c4c9786ba41448357dbac7e851158
2025-05-01 08:37:57,071 mnt-d-itu-L3-S6-Eval2-erp:default: Job OK (erpnext.localhost||60cf1284-cd28-451f-8d30-7854434bf65a)
2025-05-01 08:37:57,073 Result is kept for 600 seconds
2025-05-01 08:37:57,093 mnt-d-itu-L3-S6-Eval2-erp:default: frappe.utils.background_jobs.execute_job(event=None, is_async=True, job_name='frappe.model.delete_doc.delete_dynamic_links', kwargs={'doctype': 'Property Setter', 'name': 'Sales Order-base_rounded_total-prin..., method='frappe.model.delete_doc.delete_dynamic_links', site='erpnext.localhost', user='Administrator') (erpnext.localhost||4e535393-f55a-469b-96b2-aa1c4dcc5187)
2025-05-01 08:37:58,062 Successfully completed frappe.utils.background_jobs.execute_job(event=None, is_async=True, job_name='frappe.model.delete_doc.delete_dynamic_links', kwargs={'doctype': 'Property Setter', 'name': 'Sales Order-base_rounded_total-prin..., method='frappe.model.delete_doc.delete_dynamic_links', site='erpnext.localhost', user='Administrator') job in 0:00:00.935631s on worker ab2c4c9786ba41448357dbac7e851158
2025-05-01 08:37:58,062 mnt-d-itu-L3-S6-Eval2-erp:default: Job OK (erpnext.localhost||4e535393-f55a-469b-96b2-aa1c4dcc5187)
2025-05-01 08:37:58,063 Result is kept for 600 seconds
2025-05-01 08:37:58,072 mnt-d-itu-L3-S6-Eval2-erp:default: frappe.utils.background_jobs.execute_job(event=None, is_async=True, job_name='frappe.model.delete_doc.delete_dynamic_links', kwargs={'doctype': 'Property Setter', 'name': 'Sales Order-rounded_total-hidden'}, method='frappe.model.delete_doc.delete_dynamic_links', site='erpnext.localhost', user='Administrator') (erpnext.localhost||6b2c9427-af10-46c2-ba92-5dd829dbf649)
2025-05-01 08:37:59,038 Successfully completed frappe.utils.background_jobs.execute_job(event=None, is_async=True, job_name='frappe.model.delete_doc.delete_dynamic_links', kwargs={'doctype': 'Property Setter', 'name': 'Sales Order-rounded_total-hidden'}, method='frappe.model.delete_doc.delete_dynamic_links', site='erpnext.localhost', user='Administrator') job in 0:00:00.950790s on worker ab2c4c9786ba41448357dbac7e851158
2025-05-01 08:37:59,040 mnt-d-itu-L3-S6-Eval2-erp:default: Job OK (erpnext.localhost||6b2c9427-af10-46c2-ba92-5dd829dbf649)
2025-05-01 08:37:59,041 Result is kept for 600 seconds
2025-05-01 08:37:59,057 mnt-d-itu-L3-S6-Eval2-erp:default: frappe.utils.background_jobs.execute_job(event=None, is_async=True, job_name='frappe.model.delete_doc.delete_dynamic_links', kwargs={'doctype': 'Property Setter', 'name': 'Sales Order-rounded_total-print_hid..., method='frappe.model.delete_doc.delete_dynamic_links', site='erpnext.localhost', user='Administrator') (erpnext.localhost||54a24c46-17aa-4ada-942a-f5c614b339a9)
2025-05-01 08:38:00,073 Successfully completed frappe.utils.background_jobs.execute_job(event=None, is_async=True, job_name='frappe.model.delete_doc.delete_dynamic_links', kwargs={'doctype': 'Property Setter', 'name': 'Sales Order-rounded_total-print_hid..., method='frappe.model.delete_doc.delete_dynamic_links', site='erpnext.localhost', user='Administrator') job in 0:00:00.996704s on worker ab2c4c9786ba41448357dbac7e851158
2025-05-01 08:38:00,073 mnt-d-itu-L3-S6-Eval2-erp:default: Job OK (erpnext.localhost||54a24c46-17aa-4ada-942a-f5c614b339a9)
2025-05-01 08:38:00,074 Result is kept for 600 seconds
2025-05-01 08:38:00,094 mnt-d-itu-L3-S6-Eval2-erp:default: frappe.utils.background_jobs.execute_job(event=None, is_async=True, job_name='frappe.model.delete_doc.delete_dynamic_links', kwargs={'doctype': 'Property Setter', 'name': 'Sales Order-disable_rounded_total-d..., method='frappe.model.delete_doc.delete_dynamic_links', site='erpnext.localhost', user='Administrator') (erpnext.localhost||618ff2b2-3c83-4481-9e9e-241320abfe4f)
2025-05-01 08:38:01,516 Successfully completed frappe.utils.background_jobs.execute_job(event=None, is_async=True, job_name='frappe.model.delete_doc.delete_dynamic_links', kwargs={'doctype': 'Property Setter', 'name': 'Sales Order-disable_rounded_total-d..., method='frappe.model.delete_doc.delete_dynamic_links', site='erpnext.localhost', user='Administrator') job in 0:00:01.394699s on worker ab2c4c9786ba41448357dbac7e851158
2025-05-01 08:38:01,520 mnt-d-itu-L3-S6-Eval2-erp:default: Job OK (erpnext.localhost||618ff2b2-3c83-4481-9e9e-241320abfe4f)
2025-05-01 08:38:01,520 Result is kept for 600 seconds
2025-05-01 08:38:01,543 mnt-d-itu-L3-S6-Eval2-erp:default: frappe.utils.background_jobs.execute_job(event=None, is_async=True, job_name='frappe.model.delete_doc.delete_dynamic_links', kwargs={'doctype': 'Property Setter', 'name': 'Sales Invoice-base_rounded_total-hi..., method='frappe.model.delete_doc.delete_dynamic_links', site='erpnext.localhost', user='Administrator') (erpnext.localhost||8a4d6244-8bb2-426f-ab9c-4393be46c5a7)
2025-05-01 08:38:02,479 Successfully completed frappe.utils.background_jobs.execute_job(event=None, is_async=True, job_name='frappe.model.delete_doc.delete_dynamic_links', kwargs={'doctype': 'Property Setter', 'name': 'Sales Invoice-base_rounded_total-hi..., method='frappe.model.delete_doc.delete_dynamic_links', site='erpnext.localhost', user='Administrator') job in 0:00:00.902855s on worker ab2c4c9786ba41448357dbac7e851158
2025-05-01 08:38:02,481 mnt-d-itu-L3-S6-Eval2-erp:default: Job OK (erpnext.localhost||8a4d6244-8bb2-426f-ab9c-4393be46c5a7)
2025-05-01 08:38:02,482 Result is kept for 600 seconds
2025-05-01 08:38:02,499 mnt-d-itu-L3-S6-Eval2-erp:default: frappe.utils.background_jobs.execute_job(event=None, is_async=True, job_name='frappe.model.delete_doc.delete_dynamic_links', kwargs={'doctype': 'Property Setter', 'name': 'Sales Invoice-base_rounded_total-pr..., method='frappe.model.delete_doc.delete_dynamic_links', site='erpnext.localhost', user='Administrator') (erpnext.localhost||c2032950-07b9-4137-bd53-b87ed27931bf)
2025-05-01 08:38:03,226 Successfully completed frappe.utils.background_jobs.execute_job(event=None, is_async=True, job_name='frappe.model.delete_doc.delete_dynamic_links', kwargs={'doctype': 'Property Setter', 'name': 'Sales Invoice-base_rounded_total-pr..., method='frappe.model.delete_doc.delete_dynamic_links', site='erpnext.localhost', user='Administrator') job in 0:00:00.705857s on worker ab2c4c9786ba41448357dbac7e851158
2025-05-01 08:38:03,227 mnt-d-itu-L3-S6-Eval2-erp:default: Job OK (erpnext.localhost||c2032950-07b9-4137-bd53-b87ed27931bf)
2025-05-01 08:38:03,227 Result is kept for 600 seconds
2025-05-01 08:38:03,238 mnt-d-itu-L3-S6-Eval2-erp:default: frappe.utils.background_jobs.execute_job(event=None, is_async=True, job_name='frappe.model.delete_doc.delete_dynamic_links', kwargs={'doctype': 'Property Setter', 'name': 'Sales Invoice-rounded_total-hidden'..., method='frappe.model.delete_doc.delete_dynamic_links', site='erpnext.localhost', user='Administrator') (erpnext.localhost||c76459bd-fb2f-4c64-be74-7523a1050dfc)
2025-05-01 08:38:03,935 Successfully completed frappe.utils.background_jobs.execute_job(event=None, is_async=True, job_name='frappe.model.delete_doc.delete_dynamic_links', kwargs={'doctype': 'Property Setter', 'name': 'Sales Invoice-rounded_total-hidden'..., method='frappe.model.delete_doc.delete_dynamic_links', site='erpnext.localhost', user='Administrator') job in 0:00:00.677701s on worker ab2c4c9786ba41448357dbac7e851158
2025-05-01 08:38:03,937 mnt-d-itu-L3-S6-Eval2-erp:default: Job OK (erpnext.localhost||c76459bd-fb2f-4c64-be74-7523a1050dfc)
2025-05-01 08:38:03,937 Result is kept for 600 seconds
2025-05-01 08:38:03,957 mnt-d-itu-L3-S6-Eval2-erp:default: frappe.utils.background_jobs.execute_job(event=None, is_async=True, job_name='frappe.model.delete_doc.delete_dynamic_links', kwargs={'doctype': 'Property Setter', 'name': 'Sales Invoice-rounded_total-print_h..., method='frappe.model.delete_doc.delete_dynamic_links', site='erpnext.localhost', user='Administrator') (erpnext.localhost||4d90a178-5d14-47fb-b6be-96ca63ec7f2f)
2025-05-01 08:38:04,934 Successfully completed frappe.utils.background_jobs.execute_job(event=None, is_async=True, job_name='frappe.model.delete_doc.delete_dynamic_links', kwargs={'doctype': 'Property Setter', 'name': 'Sales Invoice-rounded_total-print_h..., method='frappe.model.delete_doc.delete_dynamic_links', site='erpnext.localhost', user='Administrator') job in 0:00:00.957023s on worker ab2c4c9786ba41448357dbac7e851158
2025-05-01 08:38:04,935 mnt-d-itu-L3-S6-Eval2-erp:default: Job OK (erpnext.localhost||4d90a178-5d14-47fb-b6be-96ca63ec7f2f)
2025-05-01 08:38:04,936 Result is kept for 600 seconds
2025-05-01 08:38:04,955 mnt-d-itu-L3-S6-Eval2-erp:default: frappe.utils.background_jobs.execute_job(event=None, is_async=True, job_name='frappe.model.delete_doc.delete_dynamic_links', kwargs={'doctype': 'Property Setter', 'name': 'Sales Invoice-disable_rounded_total..., method='frappe.model.delete_doc.delete_dynamic_links', site='erpnext.localhost', user='Administrator') (erpnext.localhost||44ea522f-adbd-4f09-8c1e-3d5db1f07f63)
2025-05-01 08:38:08,262 Successfully completed frappe.utils.background_jobs.execute_job(event=None, is_async=True, job_name='frappe.model.delete_doc.delete_dynamic_links', kwargs={'doctype': 'Property Setter', 'name': 'Sales Invoice-disable_rounded_total..., method='frappe.model.delete_doc.delete_dynamic_links', site='erpnext.localhost', user='Administrator') job in 0:00:03.270071s on worker ab2c4c9786ba41448357dbac7e851158
2025-05-01 08:38:08,263 mnt-d-itu-L3-S6-Eval2-erp:default: Job OK (erpnext.localhost||44ea522f-adbd-4f09-8c1e-3d5db1f07f63)
2025-05-01 08:38:08,264 Result is kept for 600 seconds
2025-05-01 08:38:08,280 mnt-d-itu-L3-S6-Eval2-erp:default: frappe.utils.background_jobs.execute_job(event=None, is_async=True, job_name='frappe.model.delete_doc.delete_dynamic_links', kwargs={'doctype': 'Property Setter', 'name': 'Delivery Note-base_rounded_total-hi..., method='frappe.model.delete_doc.delete_dynamic_links', site='erpnext.localhost', user='Administrator') (erpnext.localhost||c4bad716-a8e6-4d6a-90b9-f1a36a89183b)
2025-05-01 08:38:09,993 Successfully completed frappe.utils.background_jobs.execute_job(event=None, is_async=True, job_name='frappe.model.delete_doc.delete_dynamic_links', kwargs={'doctype': 'Property Setter', 'name': 'Delivery Note-base_rounded_total-hi..., method='frappe.model.delete_doc.delete_dynamic_links', site='erpnext.localhost', user='Administrator') job in 0:00:01.678797s on worker ab2c4c9786ba41448357dbac7e851158
2025-05-01 08:38:09,995 mnt-d-itu-L3-S6-Eval2-erp:default: Job OK (erpnext.localhost||c4bad716-a8e6-4d6a-90b9-f1a36a89183b)
2025-05-01 08:38:09,996 Result is kept for 600 seconds
2025-05-01 08:38:10,020 mnt-d-itu-L3-S6-Eval2-erp:default: frappe.utils.background_jobs.execute_job(event=None, is_async=True, job_name='frappe.model.delete_doc.delete_dynamic_links', kwargs={'doctype': 'Property Setter', 'name': 'Delivery Note-base_rounded_total-pr..., method='frappe.model.delete_doc.delete_dynamic_links', site='erpnext.localhost', user='Administrator') (erpnext.localhost||085457a2-7db1-4a95-bd01-0bf74ef6dd95)
2025-05-01 08:38:11,613 Successfully completed frappe.utils.background_jobs.execute_job(event=None, is_async=True, job_name='frappe.model.delete_doc.delete_dynamic_links', kwargs={'doctype': 'Property Setter', 'name': 'Delivery Note-base_rounded_total-pr..., method='frappe.model.delete_doc.delete_dynamic_links', site='erpnext.localhost', user='Administrator') job in 0:00:01.568729s on worker ab2c4c9786ba41448357dbac7e851158
2025-05-01 08:38:11,615 mnt-d-itu-L3-S6-Eval2-erp:default: Job OK (erpnext.localhost||085457a2-7db1-4a95-bd01-0bf74ef6dd95)
2025-05-01 08:38:11,617 Result is kept for 600 seconds
2025-05-01 08:38:11,649 mnt-d-itu-L3-S6-Eval2-erp:default: frappe.utils.background_jobs.execute_job(event=None, is_async=True, job_name='frappe.model.delete_doc.delete_dynamic_links', kwargs={'doctype': 'Property Setter', 'name': 'Delivery Note-rounded_total-hidden'..., method='frappe.model.delete_doc.delete_dynamic_links', site='erpnext.localhost', user='Administrator') (erpnext.localhost||f77543d6-7bc6-4896-983a-42ea8de3afbb)
2025-05-01 08:38:13,269 Successfully completed frappe.utils.background_jobs.execute_job(event=None, is_async=True, job_name='frappe.model.delete_doc.delete_dynamic_links', kwargs={'doctype': 'Property Setter', 'name': 'Delivery Note-rounded_total-hidden'..., method='frappe.model.delete_doc.delete_dynamic_links', site='erpnext.localhost', user='Administrator') job in 0:00:01.586360s on worker ab2c4c9786ba41448357dbac7e851158
2025-05-01 08:38:13,271 mnt-d-itu-L3-S6-Eval2-erp:default: Job OK (erpnext.localhost||f77543d6-7bc6-4896-983a-42ea8de3afbb)
2025-05-01 08:38:13,273 Result is kept for 600 seconds
2025-05-01 08:38:13,298 mnt-d-itu-L3-S6-Eval2-erp:default: frappe.utils.background_jobs.execute_job(event=None, is_async=True, job_name='frappe.model.delete_doc.delete_dynamic_links', kwargs={'doctype': 'Property Setter', 'name': 'Delivery Note-rounded_total-print_h..., method='frappe.model.delete_doc.delete_dynamic_links', site='erpnext.localhost', user='Administrator') (erpnext.localhost||9427aaf2-b2f5-4ac1-9600-ebca0edd6eaf)
2025-05-01 08:38:15,474 Successfully completed frappe.utils.background_jobs.execute_job(event=None, is_async=True, job_name='frappe.model.delete_doc.delete_dynamic_links', kwargs={'doctype': 'Property Setter', 'name': 'Delivery Note-rounded_total-print_h..., method='frappe.model.delete_doc.delete_dynamic_links', site='erpnext.localhost', user='Administrator') job in 0:00:02.137899s on worker ab2c4c9786ba41448357dbac7e851158
2025-05-01 08:38:15,476 mnt-d-itu-L3-S6-Eval2-erp:default: Job OK (erpnext.localhost||9427aaf2-b2f5-4ac1-9600-ebca0edd6eaf)
2025-05-01 08:38:15,480 Result is kept for 600 seconds
2025-05-01 08:38:15,513 mnt-d-itu-L3-S6-Eval2-erp:default: frappe.utils.background_jobs.execute_job(event=None, is_async=True, job_name='frappe.model.delete_doc.delete_dynamic_links', kwargs={'doctype': 'Property Setter', 'name': 'Delivery Note-disable_rounded_total..., method='frappe.model.delete_doc.delete_dynamic_links', site='erpnext.localhost', user='Administrator') (erpnext.localhost||634797ad-38c9-444e-ab4d-57909e1b33c5)
2025-05-01 08:38:18,037 Successfully completed frappe.utils.background_jobs.execute_job(event=None, is_async=True, job_name='frappe.model.delete_doc.delete_dynamic_links', kwargs={'doctype': 'Property Setter', 'name': 'Delivery Note-disable_rounded_total..., method='frappe.model.delete_doc.delete_dynamic_links', site='erpnext.localhost', user='Administrator') job in 0:00:02.473510s on worker ab2c4c9786ba41448357dbac7e851158
2025-05-01 08:38:18,042 mnt-d-itu-L3-S6-Eval2-erp:default: Job OK (erpnext.localhost||634797ad-38c9-444e-ab4d-57909e1b33c5)
2025-05-01 08:38:18,044 Result is kept for 600 seconds
2025-05-01 08:38:18,085 mnt-d-itu-L3-S6-Eval2-erp:default: frappe.utils.background_jobs.execute_job(event=None, is_async=True, job_name='frappe.model.delete_doc.delete_dynamic_links', kwargs={'doctype': 'Property Setter', 'name': 'Supplier Quotation-base_rounded_tot..., method='frappe.model.delete_doc.delete_dynamic_links', site='erpnext.localhost', user='Administrator') (erpnext.localhost||2bf086c6-bd9b-4be4-a080-9b9eff3e72ba)
2025-05-01 08:38:20,711 Successfully completed frappe.utils.background_jobs.execute_job(event=None, is_async=True, job_name='frappe.model.delete_doc.delete_dynamic_links', kwargs={'doctype': 'Property Setter', 'name': 'Supplier Quotation-base_rounded_tot..., method='frappe.model.delete_doc.delete_dynamic_links', site='erpnext.localhost', user='Administrator') job in 0:00:02.579935s on worker ab2c4c9786ba41448357dbac7e851158
2025-05-01 08:38:20,713 mnt-d-itu-L3-S6-Eval2-erp:default: Job OK (erpnext.localhost||2bf086c6-bd9b-4be4-a080-9b9eff3e72ba)
2025-05-01 08:38:20,715 Result is kept for 600 seconds
2025-05-01 08:38:20,756 mnt-d-itu-L3-S6-Eval2-erp:default: frappe.utils.background_jobs.execute_job(event=None, is_async=True, job_name='frappe.model.delete_doc.delete_dynamic_links', kwargs={'doctype': 'Property Setter', 'name': 'Supplier Quotation-base_rounded_tot..., method='frappe.model.delete_doc.delete_dynamic_links', site='erpnext.localhost', user='Administrator') (erpnext.localhost||1e3b78f0-665a-4ee7-9193-0d3502b16354)
