2025-05-02 08:48:15,907 ERROR frappe New Exception collected in error log
Site: erpnext.localhost
Form Dict: {'fields': "['*']"}
2025-05-02 08:49:21,835 ERROR frappe New Exception collected in error log
Site: erpnext.localhost
Form Dict: {'fields': "['*']"}
2025-05-02 19:08:39,714 ERROR frappe New Exception collected in error log
Site: erpnext.localhost
Form Dict: {'fields': "['*']"}
2025-05-05 08:35:43,546 ERROR frappe New Exception collected in error log
Site: erpnext.localhost
Form Dict: {'new_page': '{"content":"[{\\"type\\":\\"header\\",\\"data\\":{\\"text\\":\\"Database\\"}}]","name":"Database-Administrator","label":"Database-Administrator","title":"Database","public":0,"for_user":"Administrator","icon":"table_2","parent_page":"","is_editable":true,"selected":true,"app":"erpnext","type":"Link","link_type":"Page","link_to":"database"}', 'cmd': 'frappe.desk.doctype.workspace.workspace.new_page'}
2025-05-06 00:47:40,679 ERROR frappe New Exception collected in error log
Site: erpnext.localhost
Form Dict: {'doc': '{"owner":"Administrator","docstatus":0,"idx":0,"naming_series":"PUR-SQTN-.YYYY.-","company":"Orinasa","status":"Draft","transaction_date":"2025-05-06","currency":"EUR","conversion_rate":1,"buying_price_list":"Standard Buying","price_list_currency":"EUR","plc_conversion_rate":1,"ignore_pricing_rule":0,"total_qty":13,"total_net_weight":0,"base_total":13,"base_net_total":13,"total":13,"net_total":13,"base_taxes_and_charges_added":0,"base_taxes_and_charges_deducted":0,"base_total_taxes_and_charges":0,"taxes_and_charges_added":0,"taxes_and_charges_deducted":0,"total_taxes_and_charges":0,"apply_discount_on":"Grand Total","base_discount_amount":0,"additional_discount_percentage":0,"discount_amount":0,"base_grand_total":13,"base_rounding_adjustment":0,"base_rounded_total":13,"grand_total":13,"rounding_adjustment":0,"rounded_total":13,"disable_rounded_total":0,"group_same_items":0,"is_subcontracted":0,"doctype":"Supplier Quotation","items":[{"owner":"Administrator","docstatus":0,"idx":1,"item_code":"boulon","item_name":"boulon","lead_time_days":0,"is_free_item":0,"description":"boulon","item_group":"piece","image":"","qty":13,"stock_uom":"Nos","uom":"Nos","conversion_factor":1,"stock_qty":13,"price_list_rate":0,"discount_percentage":0,"discount_amount":0,"distributed_discount_amount":0,"base_price_list_rate":0,"rate":1,"amount":13,"base_rate":1,"base_amount":13,"net_rate":1,"net_amount":13,"base_net_rate":1,"base_net_amount":13,"weight_per_unit":0,"total_weight":0,"warehouse":"All Warehouses - OD","material_request":"MAT-MR-2025-00004","material_request_item":"kmnavmatei","item_tax_rate":"{}","cost_center":"Main - OD","page_break":0,"parentfield":"items","parenttype":"Supplier Quotation","doctype":"Supplier Quotation Item","__islocal":1,"__unsaved":1,"parent":"new-supplier-quotation-eiyrfuffye","name":"new-supplier-quotation-item-ittnkeigae","has_margin":false,"child_docname":"new-supplier-quotation-item-ittnkeigae","margin_type":"","margin_rate_or_amount":0,"rate_with_margin":0,"base_rate_with_margin":0,"stock_uom_rate":1}],"taxes":[],"pricing_rules":[],"__islocal":1,"__onload":{"load_after_mapping":true},"__unsaved":1,"name":"new-supplier-quotation-eiyrfuffye","__last_sync_on":"2025-05-05T21:46:19.916Z","valid_till":"2025-06-06","billing_address":"","shipping_address":"","billing_address_display":"","shipping_address_display":"","in_words":"","base_in_words":"","supplier_name":"Sanifer","supplier":"Sanifer","supplier_address":null,"address_display":null,"tax_category":"","contact_person":null,"contact_display":null,"contact_email":null,"contact_mobile":null,"language":"en"}', 'action': 'Save', 'cmd': 'frappe.desk.form.save.savedocs'}
2025-05-06 00:57:03,426 ERROR frappe New Exception collected in error log
Site: erpnext.localhost
Form Dict: {'doc': '{"owner":"Administrator","docstatus":0,"idx":0,"naming_series":"PUR-SQTN-.YYYY.-","supplier":"Sanifer","supplier_name":"Sanifer","company":"Orinasa","status":"Draft","transaction_date":"2025-05-06","currency":"EUR","conversion_rate":1,"buying_price_list":"Standard Buying","price_list_currency":"EUR","plc_conversion_rate":1,"ignore_pricing_rule":0,"total_qty":13,"total_net_weight":0,"base_total":0,"base_net_total":0,"total":0,"net_total":0,"tax_category":"","base_taxes_and_charges_added":0,"base_taxes_and_charges_deducted":0,"base_total_taxes_and_charges":0,"taxes_and_charges_added":0,"taxes_and_charges_deducted":0,"total_taxes_and_charges":0,"apply_discount_on":"Grand Total","base_discount_amount":0,"additional_discount_percentage":0,"discount_amount":0,"base_grand_total":0,"base_rounding_adjustment":0,"base_rounded_total":0,"grand_total":0,"rounding_adjustment":0,"rounded_total":0,"disable_rounded_total":0,"group_same_items":0,"language":"en","is_subcontracted":0,"doctype":"Supplier Quotation","items":[{"owner":"Administrator","docstatus":0,"idx":1,"item_code":"boulon","item_name":"boulon","lead_time_days":0,"is_free_item":0,"description":"boulon","item_group":"piece","image":"","qty":13,"stock_uom":"Nos","uom":"Nos","conversion_factor":1,"stock_qty":13,"price_list_rate":0,"discount_percentage":0,"discount_amount":0,"distributed_discount_amount":0,"base_price_list_rate":0,"rate":0,"amount":0,"base_rate":0,"base_amount":0,"net_rate":0,"net_amount":0,"base_net_rate":0,"base_net_amount":0,"weight_per_unit":0,"total_weight":0,"warehouse":"All Warehouses - OD","material_request":"MAT-MR-2025-00004","request_for_quotation":"PUR-RFQ-2025-00001","material_request_item":"kmnavmatei","request_for_quotation_item":"0tvejiov7s","item_tax_rate":"{}","cost_center":"Main - O","page_break":0,"parentfield":"items","parenttype":"Supplier Quotation","doctype":"Supplier Quotation Item","__islocal":1,"__unsaved":1,"parent":"new-supplier-quotation-cdiubgbvch","name":"new-supplier-quotation-item-crzqnicrlm"}],"taxes":[],"pricing_rules":[],"__islocal":1,"__onload":{"load_after_mapping":true},"__unsaved":1,"name":"new-supplier-quotation-cdiubgbvch","__last_sync_on":"2025-05-05T21:56:12.835Z","valid_till":"2025-06-06","billing_address":"","shipping_address":"","billing_address_display":"","shipping_address_display":"","in_words":"","base_in_words":""}', 'action': 'Save', 'cmd': 'frappe.desk.form.save.savedocs'}
2025-05-06 00:57:20,502 ERROR frappe New Exception collected in error log
Site: erpnext.localhost
Form Dict: {'doc': '{"owner":"Administrator","docstatus":0,"idx":0,"naming_series":"PUR-SQTN-.YYYY.-","supplier":"Sanifer","supplier_name":"Sanifer","company":"Orinasa (Demo)","status":"Draft","transaction_date":"2025-05-06","currency":"EUR","conversion_rate":1,"buying_price_list":"Standard Buying","price_list_currency":"EUR","plc_conversion_rate":1,"ignore_pricing_rule":0,"total_qty":13,"total_net_weight":0,"base_total":0,"base_net_total":0,"total":0,"net_total":0,"tax_category":"","base_taxes_and_charges_added":0,"base_taxes_and_charges_deducted":0,"base_total_taxes_and_charges":0,"taxes_and_charges_added":0,"taxes_and_charges_deducted":0,"total_taxes_and_charges":0,"apply_discount_on":"Grand Total","base_discount_amount":0,"additional_discount_percentage":0,"discount_amount":0,"base_grand_total":0,"base_rounding_adjustment":0,"base_rounded_total":0,"grand_total":0,"rounding_adjustment":0,"rounded_total":0,"disable_rounded_total":0,"group_same_items":0,"language":"en","is_subcontracted":0,"doctype":"Supplier Quotation","items":[{"owner":"Administrator","docstatus":0,"idx":1,"item_code":"boulon","item_name":"boulon","lead_time_days":0,"is_free_item":0,"description":"boulon","item_group":"piece","image":"","qty":13,"stock_uom":"Nos","uom":"Nos","conversion_factor":1,"stock_qty":13,"price_list_rate":0,"discount_percentage":0,"discount_amount":0,"distributed_discount_amount":0,"base_price_list_rate":0,"rate":0,"amount":0,"base_rate":0,"base_amount":0,"net_rate":0,"net_amount":0,"base_net_rate":0,"base_net_amount":0,"weight_per_unit":0,"total_weight":0,"warehouse":"All Warehouses - OD","material_request":"MAT-MR-2025-00004","request_for_quotation":"PUR-RFQ-2025-00001","material_request_item":"kmnavmatei","request_for_quotation_item":"0tvejiov7s","item_tax_rate":"{}","cost_center":"Main - O","page_break":0,"parentfield":"items","parenttype":"Supplier Quotation","doctype":"Supplier Quotation Item","__islocal":1,"__unsaved":1,"parent":"new-supplier-quotation-cdiubgbvch","name":"new-supplier-quotation-item-crzqnicrlm"}],"taxes":[],"pricing_rules":[],"__islocal":1,"__onload":{"load_after_mapping":true},"__unsaved":1,"name":"new-supplier-quotation-cdiubgbvch","__last_sync_on":"2025-05-05T21:56:12.835Z","valid_till":"2025-06-06","billing_address":"","shipping_address":"","billing_address_display":"","shipping_address_display":"","in_words":"","base_in_words":""}', 'action': 'Save', 'cmd': 'frappe.desk.form.save.savedocs'}
2025-05-06 00:57:35,012 ERROR frappe New Exception collected in error log
Site: erpnext.localhost
Form Dict: {'doc': '{"owner":"Administrator","docstatus":0,"idx":0,"naming_series":"PUR-SQTN-.YYYY.-","supplier":"Sanifer","supplier_name":"Sanifer","company":"Orinasa (Demo)","status":"Draft","transaction_date":"2025-05-06","currency":"EUR","conversion_rate":1,"buying_price_list":"Standard Buying","price_list_currency":"EUR","plc_conversion_rate":1,"ignore_pricing_rule":0,"total_qty":13,"total_net_weight":0,"base_total":0,"base_net_total":0,"total":0,"net_total":0,"tax_category":"","base_taxes_and_charges_added":0,"base_taxes_and_charges_deducted":0,"base_total_taxes_and_charges":0,"taxes_and_charges_added":0,"taxes_and_charges_deducted":0,"total_taxes_and_charges":0,"apply_discount_on":"Grand Total","base_discount_amount":0,"additional_discount_percentage":0,"discount_amount":0,"base_grand_total":0,"base_rounding_adjustment":0,"base_rounded_total":0,"grand_total":0,"rounding_adjustment":0,"rounded_total":0,"disable_rounded_total":0,"group_same_items":0,"language":"en","is_subcontracted":0,"doctype":"Supplier Quotation","items":[{"owner":"Administrator","docstatus":0,"idx":1,"item_code":"boulon","item_name":"boulon","lead_time_days":0,"is_free_item":0,"description":"boulon","item_group":"piece","image":"","qty":13,"stock_uom":"Nos","uom":"Nos","conversion_factor":1,"stock_qty":13,"price_list_rate":0,"discount_percentage":0,"discount_amount":0,"distributed_discount_amount":0,"base_price_list_rate":0,"rate":0,"amount":0,"base_rate":0,"base_amount":0,"net_rate":0,"net_amount":0,"base_net_rate":0,"base_net_amount":0,"weight_per_unit":0,"total_weight":0,"warehouse":"Stores - O","material_request":"MAT-MR-2025-00004","request_for_quotation":"PUR-RFQ-2025-00001","material_request_item":"kmnavmatei","request_for_quotation_item":"0tvejiov7s","item_tax_rate":"{}","cost_center":"Main - O","page_break":0,"parentfield":"items","parenttype":"Supplier Quotation","doctype":"Supplier Quotation Item","__islocal":1,"__unsaved":1,"parent":"new-supplier-quotation-cdiubgbvch","name":"new-supplier-quotation-item-crzqnicrlm","projected_qty":0,"actual_qty":0,"reserved_qty":0,"company_total_stock":0}],"taxes":[],"pricing_rules":[],"__islocal":1,"__onload":{"load_after_mapping":true},"__unsaved":1,"name":"new-supplier-quotation-cdiubgbvch","__last_sync_on":"2025-05-05T21:56:12.835Z","valid_till":"2025-06-06","billing_address":"","shipping_address":"","billing_address_display":"","shipping_address_display":"","in_words":"","base_in_words":""}', 'action': 'Save', 'cmd': 'frappe.desk.form.save.savedocs'}
2025-05-06 00:57:51,099 ERROR frappe New Exception collected in error log
Site: erpnext.localhost
Form Dict: {'doc': '{"owner":"Administrator","docstatus":0,"idx":0,"naming_series":"PUR-SQTN-.YYYY.-","supplier":"Sanifer","supplier_name":"Sanifer","company":"Orinasa (Demo)","status":"Draft","transaction_date":"2025-05-06","currency":"EUR","conversion_rate":1,"buying_price_list":"Standard Buying","price_list_currency":"EUR","plc_conversion_rate":1,"ignore_pricing_rule":0,"total_qty":13,"total_net_weight":0,"base_total":0,"base_net_total":0,"total":0,"net_total":0,"tax_category":"","base_taxes_and_charges_added":0,"base_taxes_and_charges_deducted":0,"base_total_taxes_and_charges":0,"taxes_and_charges_added":0,"taxes_and_charges_deducted":0,"total_taxes_and_charges":0,"apply_discount_on":"Grand Total","base_discount_amount":0,"additional_discount_percentage":0,"discount_amount":0,"base_grand_total":0,"base_rounding_adjustment":0,"base_rounded_total":0,"grand_total":0,"rounding_adjustment":0,"rounded_total":0,"disable_rounded_total":0,"group_same_items":0,"language":"en","is_subcontracted":0,"doctype":"Supplier Quotation","items":[{"owner":"Administrator","docstatus":0,"idx":1,"item_code":"boulon","item_name":"boulon","lead_time_days":0,"is_free_item":0,"description":"boulon","item_group":"piece","image":"","qty":13,"stock_uom":"Nos","uom":"Nos","conversion_factor":1,"stock_qty":13,"price_list_rate":0,"discount_percentage":0,"discount_amount":0,"distributed_discount_amount":0,"base_price_list_rate":0,"rate":0,"amount":0,"base_rate":0,"base_amount":0,"net_rate":0,"net_amount":0,"base_net_rate":0,"base_net_amount":0,"weight_per_unit":0,"total_weight":0,"warehouse":"Stores - OD","material_request":"MAT-MR-2025-00004","request_for_quotation":"PUR-RFQ-2025-00001","material_request_item":"kmnavmatei","request_for_quotation_item":"0tvejiov7s","item_tax_rate":"{}","cost_center":"Main - O","page_break":0,"parentfield":"items","parenttype":"Supplier Quotation","doctype":"Supplier Quotation Item","__islocal":1,"__unsaved":1,"parent":"new-supplier-quotation-cdiubgbvch","name":"new-supplier-quotation-item-crzqnicrlm","projected_qty":0,"actual_qty":0,"reserved_qty":0,"company_total_stock":0}],"taxes":[],"pricing_rules":[],"__islocal":1,"__onload":{"load_after_mapping":true},"__unsaved":1,"name":"new-supplier-quotation-cdiubgbvch","__last_sync_on":"2025-05-05T21:56:12.835Z","valid_till":"2025-06-06","billing_address":"","shipping_address":"","billing_address_display":"","shipping_address_display":"","in_words":"","base_in_words":""}', 'action': 'Save', 'cmd': 'frappe.desk.form.save.savedocs'}
2025-05-06 09:43:48,114 ERROR frappe New Exception collected in error log
Site: erpnext.localhost
Form Dict: {'cmd': 'erpnext.database.page.database.database.import_csv'}
2025-05-06 09:58:43,856 ERROR frappe New Exception collected in error log
Site: erpnext.localhost
Form Dict: {'cmd': 'erpnext.database.page.database.database.import_csv'}
2025-05-06 10:20:44,253 ERROR frappe New Exception collected in error log
Site: erpnext.localhost
Form Dict: {'cmd': 'erpnext.database.page.database.database.import_csv'}
2025-05-06 10:26:21,147 ERROR frappe New Exception collected in error log
Site: erpnext.localhost
Form Dict: {'cmd': 'erpnext.database.page.database.database.import_csv'}
2025-05-06 10:41:34,370 ERROR frappe New Exception collected in error log
Site: erpnext.localhost
Form Dict: {'doctype': 'Supplier', 'name': 'Sanifer', 'cmd': 'frappe.client.delete'}
2025-05-06 10:42:37,303 ERROR frappe New Exception collected in error log
Site: erpnext.localhost
Form Dict: {'doctype': 'Request for Quotation', 'name': 'PUR-RFQ-2025-00001', 'cmd': 'frappe.client.delete'}
2025-05-06 10:48:02,927 ERROR frappe New Exception collected in error log
Site: erpnext.localhost
Form Dict: {'doctype': 'Supplier', 'name': 'Sanifer', 'cmd': 'frappe.client.delete'}
2025-05-06 11:13:28,961 ERROR frappe New Exception collected in error log
Site: erpnext.localhost
Form Dict: {'cmd': 'erpnext.database.page.database.database.import_csv'}
2025-05-06 11:18:14,440 ERROR frappe New Exception collected in error log
Site: erpnext.localhost
Form Dict: {'cmd': 'erpnext.database.page.database.database.import_csv'}
2025-05-06 11:35:42,333 ERROR frappe New Exception collected in error log
Site: erpnext.localhost
Form Dict: {'cmd': 'erpnext.database.page.database.database.import_csv'}
2025-05-06 15:38:45,906 ERROR frappe New Exception collected in error log
Site: erpnext.localhost
Form Dict: {'doctype': 'Purchase Invoice', 'name': 'ACC-PINV-2025-00007', 'cmd': 'frappe.client.delete'}
2025-05-06 15:41:18,835 ERROR frappe New Exception collected in error log
Site: erpnext.localhost
Form Dict: {'doctype': 'Item Group', 'name': 'consommable', 'cmd': 'frappe.client.delete'}
2025-05-06 18:00:37,037 ERROR frappe New Exception collected in error log
Site: erpnext.localhost
Form Dict: {'cmd': 'erpnext.fichier.fichier.process_file'}
2025-05-06 18:00:37,041 ERROR frappe New Exception collected in error log
Site: erpnext.localhost
Form Dict: {'cmd': 'erpnext.fichier.fichier.process_file'}
2025-05-06 18:10:20,401 ERROR frappe New Exception collected in error log
Site: erpnext.localhost
Form Dict: {'cmd': 'erpnext.fichier.fichier.process_file'}
2025-05-06 18:14:14,148 ERROR frappe New Exception collected in error log
Site: erpnext.localhost
Form Dict: {'cmd': 'erpnext.fichier.page.fichier.process_file'}
2025-05-06 18:21:47,483 ERROR frappe New Exception collected in error log
Site: erpnext.localhost
Form Dict: {'cmd': 'erpnext.fichier.page.fichier.fichier.process_file'}
2025-05-06 19:02:06,132 ERROR frappe New Exception collected in error log
Site: erpnext.localhost
Form Dict: {'doctype': 'Payment Entry', 'name': 'ACC-PAY-2025-00016', 'cmd': 'frappe.client.delete'}
2025-05-06 19:38:20,129 ERROR frappe New Exception collected in error log
Site: erpnext.localhost
Form Dict: {'doctype': 'Repost Item Valuation', 'name': '5vt0umonn7', 'cmd': 'frappe.desk.form.save.cancel'}
2025-05-06 21:37:41,396 ERROR frappe New Exception collected in error log
Site: erpnext.localhost
Form Dict: {'cmd': 'erpnext.database.page.database.database.reset_database'}
2025-05-06 22:32:02,429 ERROR frappe New Exception collected in error log
Site: erpnext.localhost
Form Dict: {'doctype': 'Supplier Quotation', 'name': 'PUR-SQTN-2025-00002', 'action': 'submit', 'cmd': 'frappe.desk.form.save.submit'}
2025-05-06 22:37:03,238 ERROR frappe New Exception collected in error log
Site: erpnext.localhost
Form Dict: {'docstatus': 1}
2025-05-06 22:41:01,306 ERROR frappe New Exception collected in error log
Site: erpnext.localhost
Form Dict: {'cmd': 'frappe.client.submit', 'doctype': 'Supplier Quotation', 'name': 'PUR-SQTN-2025-00002'}
2025-05-06 22:41:53,339 ERROR frappe New Exception collected in error log
Site: erpnext.localhost
Form Dict: {'items': [{'item_code': 'boulon', 'rate': 2.0, 'qty': 13.0}]}
2025-05-06 23:57:00,207 ERROR frappe New Exception collected in error log
Site: erpnext.localhost
Form Dict: {'doc': '{"docstatus":0,"doctype":"Page","name":"new-page-zyxcaimteo","__islocal":1,"__unsaved":1,"owner":"Administrator","system_page":0,"standard":"Yes","roles":[{"docstatus":0,"doctype":"Has Role","name":"new-has-role-ucofwrlcgc","__islocal":1,"__unsaved":1,"owner":"Administrator","parent":"new-page-zyxcaimteo","parentfield":"roles","parenttype":"Page","idx":1,"__unedited":false,"role":"Administrator","__checked":0}],"page_name":"purchase-calendar","module":"Buying"}', 'action': 'Save', 'cmd': 'frappe.desk.form.save.savedocs'}
2025-05-07 07:34:04,278 ERROR frappe New Exception collected in error log
Site: erpnext.localhost
Form Dict: {'doctype': 'Payment Entry', 'payment_type': 'Pay', 'mode_of_payment': 'Cash', 'posting_date': '2025-05-07', 'paid_amount': 10.0, 'received_amount': 10.0, 'reference_no': '', 'reference_date': '2025-05-07', 'party_type': 'Supplier', 'party': 'Sanifer', 'paid_to': 'Creditors - OD', 'docstatus': 1, 'source_exchange_rate': 1.0, 'target_exchange_rate': 1.0, 'paid_from_account_currency': 'EUR', 'paid_to_account_currency': 'EUR', 'paid_from': 'Cash - OD', 'references': [{'reference_doctype': 'Purchase Invoice', 'reference_name': 'ACC-PINV-2025-00001', 'allocated_amount': 10.0}]}
2025-05-07 07:38:06,812 ERROR frappe New Exception collected in error log
Site: erpnext.localhost
Form Dict: {'doctype': 'Payment Entry', 'payment_type': 'Pay', 'mode_of_payment': 'Cash', 'posting_date': '2025-05-07', 'paid_amount': 10.0, 'received_amount': 10.0, 'reference_no': '', 'reference_date': '2025-05-07', 'party_type': 'Supplier', 'party': 'Sanifer', 'paid_to': 'Creditors - OD', 'docstatus': 1, 'source_exchange_rate': 1.0, 'target_exchange_rate': 1.0, 'paid_from_account_currency': 'EUR', 'paid_to_account_currency': 'EUR', 'paid_from': 'Cash - OD', 'references': [{'reference_doctype': 'Purchase Invoice', 'reference_name': 'ACC-PINV-2025-00001', 'allocated_amount': 10.0}]}
2025-05-07 07:38:31,250 ERROR frappe New Exception collected in error log
Site: erpnext.localhost
Form Dict: {'doctype': 'Payment Entry', 'payment_type': 'Pay', 'mode_of_payment': 'Cash', 'posting_date': '2025-05-07', 'paid_amount': 20.0, 'received_amount': 20.0, 'reference_no': '', 'reference_date': '2025-05-07', 'party_type': 'Supplier', 'party': 'Sanifer', 'paid_to': 'Creditors - OD', 'docstatus': 1, 'source_exchange_rate': 1.0, 'target_exchange_rate': 1.0, 'paid_from_account_currency': 'EUR', 'paid_to_account_currency': 'EUR', 'paid_from': 'Cash - OD', 'references': [{'reference_doctype': 'Purchase Invoice', 'reference_name': 'ACC-PINV-2025-00001', 'allocated_amount': 20.0}]}
2025-05-07 07:39:37,347 ERROR frappe New Exception collected in error log
Site: erpnext.localhost
Form Dict: {'doctype': 'Payment Entry', 'payment_type': 'Pay', 'mode_of_payment': 'Bank Draft', 'posting_date': '2025-05-07', 'paid_amount': 10.0, 'received_amount': 10.0, 'reference_no': '', 'reference_date': '2025-05-07', 'party_type': 'Supplier', 'party': 'Sanifer', 'paid_to': 'Creditors - OD', 'docstatus': 1, 'source_exchange_rate': 1.0, 'target_exchange_rate': 1.0, 'paid_from_account_currency': 'EUR', 'paid_to_account_currency': 'EUR', 'paid_from': 'Cash - OD', 'references': [{'reference_doctype': 'Purchase Invoice', 'reference_name': 'ACC-PINV-2025-00001', 'allocated_amount': 10.0}]}
2025-05-07 07:59:26,115 ERROR frappe New Exception collected in error log
Site: erpnext.localhost
Form Dict: {'doctype': 'Payment Entry', 'payment_type': 'Pay', 'mode_of_payment': 'Cash', 'posting_date': '2025-05-07', 'paid_amount': 10.0, 'received_amount': 10.0, 'reference_no': '', 'reference_date': '2025-05-07', 'party_type': 'Supplier', 'party': 'Sanifer', 'paid_to': 'Creditors - O', 'docstatus': 1, 'source_exchange_rate': 1.0, 'target_exchange_rate': 1.0, 'paid_from_account_currency': 'EUR', 'paid_to_account_currency': 'EUR', 'paid_from': 'Cash - O', 'references': [{'reference_doctype': 'Purchase Invoice', 'reference_name': 'ACC-PINV-2025-00001', 'allocated_amount': 10.0}]}
2025-05-07 08:04:27,563 ERROR frappe New Exception collected in error log
Site: erpnext.localhost
Form Dict: {'doctype': 'Payment Entry', 'payment_type': 'Pay', 'mode_of_payment': 'Cash', 'posting_date': '2025-05-07', 'paid_amount': 10.0, 'received_amount': 10.0, 'reference_no': '', 'reference_date': '2025-05-07', 'party_type': 'Supplier', 'party': 'Sanifer', 'paid_to': 'Creditors - O', 'docstatus': 1, 'source_exchange_rate': 1.0, 'target_exchange_rate': 1.0, 'paid_from_account_currency': 'EUR', 'paid_to_account_currency': 'EUR', 'paid_from': 'Cash - O', 'references': [{'reference_doctype': 'Purchase Invoice', 'reference_name': 'ACC-PINV-2025-00001', 'allocated_amount': 10.0}]}
2025-05-07 08:33:37,301 ERROR frappe New Exception collected in error log
Site: erpnext.localhost
Form Dict: {'doc': '{"owner":"Administrator","docstatus":0,"idx":0,"naming_series":"ACC-PINV-.YYYY.-","supplier":"Sanifer","supplier_name":"Sanifer","company":"Orinasa","posting_date":"2025-05-07","posting_time":"08:32:31.628979","set_posting_time":0,"due_date":"2025-05-07","is_paid":0,"is_return":0,"update_outstanding_for_self":1,"update_billed_amount_in_purchase_order":0,"update_billed_amount_in_purchase_receipt":1,"apply_tds":0,"currency":"EUR","conversion_rate":1,"use_transaction_date_exchange_rate":0,"buying_price_list":"Standard Buying","price_list_currency":"EUR","plc_conversion_rate":1,"ignore_pricing_rule":0,"update_stock":0,"is_subcontracted":0,"total_qty":5,"total_net_weight":0,"base_total":5,"base_net_total":5,"total":5,"net_total":5,"tax_withholding_net_total":0,"base_tax_withholding_net_total":0,"tax_category":"","base_taxes_and_charges_added":0,"base_taxes_and_charges_deducted":0,"base_total_taxes_and_charges":0,"taxes_and_charges_added":0,"taxes_and_charges_deducted":0,"total_taxes_and_charges":0,"base_grand_total":5,"base_rounding_adjustment":0,"base_rounded_total":5,"base_in_words":"","grand_total":5,"rounding_adjustment":0,"use_company_roundoff_cost_center":0,"rounded_total":5,"in_words":"","total_advance":0,"outstanding_amount":5,"disable_rounded_total":0,"apply_discount_on":"Grand Total","base_discount_amount":0,"additional_discount_percentage":0,"discount_amount":0,"base_paid_amount":0,"paid_amount":0,"allocate_advances_automatically":0,"only_include_allocated_payments":0,"write_off_amount":0,"base_write_off_amount":0,"ignore_default_payment_terms_template":0,"status":"Draft","per_received":0,"credit_to":"Creditors - O","party_account_currency":"EUR","is_opening":"No","group_same_items":0,"language":"en","on_hold":0,"is_internal_supplier":0,"supplier_group":"All Supplier Groups","is_old_subcontracting_flow":0,"doctype":"Purchase Invoice","items":[{"owner":"Administrator","docstatus":0,"idx":1,"item_code":"ciment","item_name":"ciment","description":"ciment","item_group":"consommable","image":"","received_qty":0,"qty":5,"rejected_qty":0,"uom":"Nos","conversion_factor":1,"stock_uom":"Nos","stock_qty":5,"price_list_rate":0,"base_price_list_rate":0,"margin_type":"","margin_rate_or_amount":0,"rate_with_margin":0,"discount_percentage":0,"discount_amount":0,"distributed_discount_amount":0,"base_rate_with_margin":0,"rate":1,"amount":5,"base_rate":1,"base_amount":5,"stock_uom_rate":1,"is_free_item":0,"apply_tds":1,"net_rate":1,"net_amount":5,"base_net_rate":1,"base_net_amount":5,"valuation_rate":0,"sales_incoming_rate":0,"item_tax_amount":0,"landed_cost_voucher_amount":0,"rm_supp_cost":0,"warehouse":"All Warehouses - O","use_serial_batch_fields":1,"expense_account":"Stock Received But Not Billed - O","is_fixed_asset":0,"enable_deferred_expense":0,"allow_zero_valuation_rate":0,"item_tax_rate":"{}","include_exploded_items":0,"purchase_order":"PUR-ORD-2025-00004","po_detail":"nrbqlkqm91","material_request":"MAT-MR-2025-00006","material_request_item":"b6iselpadu","weight_per_unit":0,"total_weight":0,"cost_center":"Main - O","page_break":0,"parentfield":"items","parenttype":"Purchase Invoice","doctype":"Purchase Invoice Item","__islocal":1,"__unsaved":1,"parent":"new-purchase-invoice-uftsibuqoh","name":"new-purchase-invoice-item-qeqqrudviq"}],"taxes":[],"tax_withheld_vouchers":[],"pricing_rules":[],"supplied_items":[],"advances":[],"advance_tax":[],"payment_schedule":[{"docstatus":0,"idx":1,"due_date":"2025-05-07","invoice_portion":100,"discount":0,"payment_amount":0,"outstanding":0,"paid_amount":0,"discounted_amount":0,"base_payment_amount":0,"base_outstanding":0,"base_paid_amount":0,"parentfield":"payment_schedule","parenttype":"Purchase Invoice","doctype":"Payment Schedule","__islocal":1,"parent":"new-purchase-invoice-uftsibuqoh","name":"new-payment-schedule-rndqlvpvlz"}],"__islocal":1,"__onload":{"load_after_mapping":true},"__unsaved":1,"name":"new-purchase-invoice-uftsibuqoh","__last_sync_on":"2025-05-07T05:32:32.029Z","billing_address":"","shipping_address":"","change_amount":0,"base_change_amount":0,"billing_address_display":"","shipping_address_display":""}', 'action': 'Save', 'cmd': 'frappe.desk.form.save.savedocs'}
2025-05-07 08:34:28,517 ERROR frappe New Exception collected in error log
Site: erpnext.localhost
Form Dict: {'doc': '{"owner":"Administrator","docstatus":0,"idx":0,"naming_series":"ACC-PINV-.YYYY.-","supplier":"Sanifer","supplier_name":"Sanifer","company":"Orinasa","posting_date":"2025-05-07","posting_time":"08:32:31.628979","set_posting_time":0,"due_date":"2025-05-07","is_paid":0,"is_return":0,"update_outstanding_for_self":1,"update_billed_amount_in_purchase_order":0,"update_billed_amount_in_purchase_receipt":1,"apply_tds":0,"currency":"EUR","conversion_rate":1,"use_transaction_date_exchange_rate":0,"buying_price_list":"Standard Buying","price_list_currency":"EUR","plc_conversion_rate":1,"ignore_pricing_rule":0,"update_stock":0,"is_subcontracted":0,"total_qty":5,"total_net_weight":0,"base_total":5,"base_net_total":5,"total":5,"net_total":5,"tax_withholding_net_total":0,"base_tax_withholding_net_total":0,"tax_category":"","base_taxes_and_charges_added":0,"base_taxes_and_charges_deducted":0,"base_total_taxes_and_charges":0,"taxes_and_charges_added":0,"taxes_and_charges_deducted":0,"total_taxes_and_charges":0,"base_grand_total":5,"base_rounding_adjustment":0,"base_rounded_total":5,"base_in_words":"","grand_total":5,"rounding_adjustment":0,"use_company_roundoff_cost_center":0,"rounded_total":5,"in_words":"","total_advance":0,"outstanding_amount":5,"disable_rounded_total":0,"apply_discount_on":"Grand Total","base_discount_amount":0,"additional_discount_percentage":0,"discount_amount":0,"base_paid_amount":0,"paid_amount":0,"allocate_advances_automatically":0,"only_include_allocated_payments":0,"write_off_amount":0,"base_write_off_amount":0,"ignore_default_payment_terms_template":0,"status":"Draft","per_received":0,"credit_to":"Creditors - O","party_account_currency":"EUR","is_opening":"No","group_same_items":0,"language":"en","on_hold":0,"is_internal_supplier":0,"supplier_group":"All Supplier Groups","is_old_subcontracting_flow":0,"doctype":"Purchase Invoice","items":[{"owner":"Administrator","docstatus":0,"idx":1,"item_code":"ciment","item_name":"ciment","description":"ciment","item_group":"consommable","image":"","received_qty":0,"qty":5,"rejected_qty":0,"uom":"Nos","conversion_factor":1,"stock_uom":"Nos","stock_qty":5,"price_list_rate":0,"base_price_list_rate":0,"margin_type":"","margin_rate_or_amount":0,"rate_with_margin":0,"discount_percentage":0,"discount_amount":0,"distributed_discount_amount":0,"base_rate_with_margin":0,"rate":1,"amount":5,"base_rate":1,"base_amount":5,"stock_uom_rate":1,"is_free_item":0,"apply_tds":1,"net_rate":1,"net_amount":5,"base_net_rate":1,"base_net_amount":5,"valuation_rate":0,"sales_incoming_rate":0,"item_tax_amount":0,"landed_cost_voucher_amount":0,"rm_supp_cost":0,"warehouse":"All Warehouses - O","use_serial_batch_fields":1,"expense_account":"Stock Received But Not Billed - O","is_fixed_asset":0,"enable_deferred_expense":0,"allow_zero_valuation_rate":0,"item_tax_rate":"{}","include_exploded_items":0,"purchase_order":"PUR-ORD-2025-00004","po_detail":"nrbqlkqm91","material_request":"MAT-MR-2025-00006","material_request_item":"b6iselpadu","weight_per_unit":0,"total_weight":0,"cost_center":"Main - O","page_break":0,"parentfield":"items","parenttype":"Purchase Invoice","doctype":"Purchase Invoice Item","__islocal":1,"__unsaved":1,"parent":"new-purchase-invoice-uftsibuqoh","name":"new-purchase-invoice-item-qeqqrudviq"}],"taxes":[],"tax_withheld_vouchers":[],"pricing_rules":[],"supplied_items":[],"advances":[],"advance_tax":[],"payment_schedule":[{"docstatus":0,"idx":1,"due_date":"2025-05-07","invoice_portion":100,"discount":0,"payment_amount":0,"outstanding":0,"paid_amount":0,"discounted_amount":0,"base_payment_amount":0,"base_outstanding":0,"base_paid_amount":0,"parentfield":"payment_schedule","parenttype":"Purchase Invoice","doctype":"Payment Schedule","__islocal":1,"parent":"new-purchase-invoice-uftsibuqoh","name":"new-payment-schedule-rndqlvpvlz"}],"__islocal":1,"__onload":{"load_after_mapping":true},"__unsaved":1,"name":"new-purchase-invoice-uftsibuqoh","__last_sync_on":"2025-05-07T05:32:32.029Z","billing_address":"","shipping_address":"","change_amount":0,"base_change_amount":0,"billing_address_display":"","shipping_address_display":""}', 'action': 'Save', 'cmd': 'frappe.desk.form.save.savedocs'}
2025-05-07 08:34:36,063 ERROR frappe New Exception collected in error log
Site: erpnext.localhost
Form Dict: {'doc': '{"owner":"Administrator","docstatus":0,"idx":0,"naming_series":"ACC-PINV-.YYYY.-","supplier":"Sanifer","supplier_name":"Sanifer","company":"Orinasa","posting_date":"2025-05-07","posting_time":"08:32:31.628979","set_posting_time":0,"due_date":"2025-05-07","is_paid":0,"is_return":0,"update_outstanding_for_self":1,"update_billed_amount_in_purchase_order":0,"update_billed_amount_in_purchase_receipt":1,"apply_tds":0,"currency":"EUR","conversion_rate":1,"use_transaction_date_exchange_rate":0,"buying_price_list":"Standard Buying","price_list_currency":"EUR","plc_conversion_rate":1,"ignore_pricing_rule":0,"update_stock":0,"is_subcontracted":0,"total_qty":5,"total_net_weight":0,"base_total":5,"base_net_total":5,"total":5,"net_total":5,"tax_withholding_net_total":0,"base_tax_withholding_net_total":0,"tax_category":"","base_taxes_and_charges_added":0,"base_taxes_and_charges_deducted":0,"base_total_taxes_and_charges":0,"taxes_and_charges_added":0,"taxes_and_charges_deducted":0,"total_taxes_and_charges":0,"base_grand_total":5,"base_rounding_adjustment":0,"base_rounded_total":5,"base_in_words":"","grand_total":5,"rounding_adjustment":0,"use_company_roundoff_cost_center":0,"rounded_total":5,"in_words":"","total_advance":0,"outstanding_amount":5,"disable_rounded_total":0,"apply_discount_on":"Grand Total","base_discount_amount":0,"additional_discount_percentage":0,"discount_amount":0,"base_paid_amount":0,"paid_amount":0,"allocate_advances_automatically":0,"only_include_allocated_payments":0,"write_off_amount":0,"base_write_off_amount":0,"ignore_default_payment_terms_template":0,"status":"Draft","per_received":0,"credit_to":"Creditors - O","party_account_currency":"EUR","is_opening":"No","group_same_items":0,"language":"en","on_hold":0,"is_internal_supplier":0,"supplier_group":"All Supplier Groups","is_old_subcontracting_flow":0,"doctype":"Purchase Invoice","items":[{"owner":"Administrator","docstatus":0,"idx":1,"item_code":"ciment","item_name":"ciment","description":"ciment","item_group":"consommable","image":"","received_qty":0,"qty":5,"rejected_qty":0,"uom":"Nos","conversion_factor":1,"stock_uom":"Nos","stock_qty":5,"price_list_rate":0,"base_price_list_rate":0,"margin_type":"","margin_rate_or_amount":0,"rate_with_margin":0,"discount_percentage":0,"discount_amount":0,"distributed_discount_amount":0,"base_rate_with_margin":0,"rate":1,"amount":5,"base_rate":1,"base_amount":5,"stock_uom_rate":1,"is_free_item":0,"apply_tds":1,"net_rate":1,"net_amount":5,"base_net_rate":1,"base_net_amount":5,"valuation_rate":0,"sales_incoming_rate":0,"item_tax_amount":0,"landed_cost_voucher_amount":0,"rm_supp_cost":0,"warehouse":"All Warehouses - O","use_serial_batch_fields":1,"expense_account":"Stock Received But Not Billed - O","is_fixed_asset":0,"enable_deferred_expense":0,"allow_zero_valuation_rate":0,"item_tax_rate":"{}","include_exploded_items":0,"purchase_order":"PUR-ORD-2025-00004","po_detail":"nrbqlkqm91","material_request":"MAT-MR-2025-00006","material_request_item":"b6iselpadu","weight_per_unit":0,"total_weight":0,"cost_center":"Main - O","page_break":0,"parentfield":"items","parenttype":"Purchase Invoice","doctype":"Purchase Invoice Item","__islocal":1,"__unsaved":1,"parent":"new-purchase-invoice-uftsibuqoh","name":"new-purchase-invoice-item-qeqqrudviq"}],"taxes":[],"tax_withheld_vouchers":[],"pricing_rules":[],"supplied_items":[],"advances":[],"advance_tax":[],"payment_schedule":[{"docstatus":0,"idx":1,"due_date":"2025-05-07","invoice_portion":100,"discount":0,"payment_amount":0,"outstanding":0,"paid_amount":0,"discounted_amount":0,"base_payment_amount":0,"base_outstanding":0,"base_paid_amount":0,"parentfield":"payment_schedule","parenttype":"Purchase Invoice","doctype":"Payment Schedule","__islocal":1,"parent":"new-purchase-invoice-uftsibuqoh","name":"new-payment-schedule-rndqlvpvlz"}],"__islocal":1,"__onload":{"load_after_mapping":true},"__unsaved":1,"name":"new-purchase-invoice-uftsibuqoh","__last_sync_on":"2025-05-07T05:32:32.029Z","billing_address":"","shipping_address":"","change_amount":0,"base_change_amount":0,"billing_address_display":"","shipping_address_display":""}', 'action': 'Save', 'cmd': 'frappe.desk.form.save.savedocs'}
2025-05-07 09:33:59,040 ERROR frappe New Exception collected in error log
Site: erpnext.localhost
Form Dict: {'items': [{'item_code': 'boulon', 'rate': 1.0, 'qty': 13.0}]}
2025-05-07 09:46:03,003 ERROR frappe New Exception collected in error log
Site: erpnext.localhost
Form Dict: {'doctype': 'Payment Entry', 'payment_type': 'Pay', 'mode_of_payment': 'Cash', 'posting_date': '2025-05-07', 'paid_amount': 10.0, 'received_amount': 10.0, 'reference_no': '', 'reference_date': '2025-05-07', 'party_type': 'Supplier', 'party': 'Exxon', 'paid_to': 'Creditors - O', 'docstatus': 1, 'source_exchange_rate': 1.0, 'target_exchange_rate': 1.0, 'paid_from_account_currency': 'EUR', 'paid_to_account_currency': 'EUR', 'paid_from': 'Cash - O', 'references': [{'reference_doctype': 'Purchase Invoice', 'reference_name': 'ACC-PINV-2025-00002', 'allocated_amount': 10.0}]}
2025-05-07 09:51:11,025 ERROR frappe New Exception collected in error log
Site: erpnext.localhost
Form Dict: {'doctype': 'Payment Entry', 'payment_type': 'Pay', 'mode_of_payment': 'Cash', 'posting_date': '2025-05-07', 'paid_amount': 10.0, 'received_amount': 10.0, 'reference_no': '', 'reference_date': '2025-05-07', 'party_type': 'Supplier', 'party': 'Exxon', 'paid_to': 'Creditors - ITU', 'docstatus': 1, 'source_exchange_rate': 1.0, 'target_exchange_rate': 1.0, 'paid_from_account_currency': 'EUR', 'paid_to_account_currency': 'EUR', 'paid_from': 'Cash - O', 'references': [{'reference_doctype': 'Purchase Invoice', 'reference_name': 'ACC-PINV-2025-00002', 'allocated_amount': 10.0}]}
2025-05-07 09:54:22,760 ERROR frappe New Exception collected in error log
Site: erpnext.localhost
Form Dict: {'doctype': 'Payment Entry', 'payment_type': 'Pay', 'mode_of_payment': 'Cash', 'posting_date': '2025-05-07', 'paid_amount': 15.0, 'received_amount': 15.0, 'reference_no': '', 'reference_date': '2025-05-07', 'party_type': 'Supplier', 'party': 'Exxon', 'paid_to': 'Creditors - ITU', 'docstatus': 1, 'source_exchange_rate': 1.0, 'target_exchange_rate': 1.0, 'paid_from_account_currency': 'EUR', 'paid_to_account_currency': 'EUR', 'paid_from': 'Cash - O', 'references': [{'reference_doctype': 'Purchase Invoice', 'reference_name': 'ACC-PINV-2025-00002', 'allocated_amount': 15.0}]}
2025-05-07 09:59:17,566 ERROR frappe New Exception collected in error log
Site: erpnext.localhost
Form Dict: {'doctype': 'Payment Entry', 'payment_type': 'Pay', 'mode_of_payment': 'Cash', 'posting_date': '2025-05-07', 'paid_amount': 16.0, 'received_amount': 16.0, 'reference_no': '', 'reference_date': '2025-05-07', 'party_type': 'Supplier', 'party': 'Exxon', 'paid_to': 'Creditors - ITU', 'docstatus': 1, 'source_exchange_rate': 1.0, 'target_exchange_rate': 1.0, 'paid_from_account_currency': 'EUR', 'paid_to_account_currency': 'EUR', 'paid_from': 'Cash - O', 'references': [{'reference_doctype': 'Purchase Invoice', 'reference_name': 'ACC-PINV-2025-00002', 'allocated_amount': 16.0}]}
2025-05-07 10:06:16,886 ERROR frappe New Exception collected in error log
Site: erpnext.localhost
Form Dict: {'doctype': 'Payment Entry', 'payment_type': 'Pay', 'mode_of_payment': 'Cash', 'posting_date': '2025-05-07', 'paid_amount': 10.0, 'received_amount': 10.0, 'reference_no': '', 'reference_date': '2025-05-07', 'party_type': 'Supplier', 'party': 'Exxon', 'paid_to': 'Creditors - ITU', 'docstatus': 1, 'source_exchange_rate': 1.0, 'target_exchange_rate': 1.0, 'paid_from_account_currency': 'EUR', 'paid_to_account_currency': 'EUR', 'paid_from': 'Cash - O', 'references': [{'reference_doctype': 'Purchase Invoice', 'reference_name': 'ACC-PINV-2025-00002', 'allocated_amount': 10.0}]}
2025-05-07 10:09:26,808 ERROR frappe New Exception collected in error log
Site: erpnext.localhost
Form Dict: {'doctype': 'Payment Entry', 'payment_type': 'Pay', 'mode_of_payment': 'Cash', 'posting_date': '2025-05-07', 'paid_amount': 16.0, 'received_amount': 16.0, 'reference_no': '', 'reference_date': '2025-05-07', 'party_type': 'Supplier', 'party': 'Exxon', 'paid_to': 'Creditors - ITU', 'docstatus': 1, 'source_exchange_rate': 1.0, 'target_exchange_rate': 1.0, 'paid_from_account_currency': 'EUR', 'paid_to_account_currency': 'EUR', 'paid_from': 'Cash - ITU', 'references': [{'reference_doctype': 'Purchase Invoice', 'reference_name': 'ACC-PINV-2025-00002', 'allocated_amount': 16.0}]}
2025-05-07 10:11:56,502 ERROR frappe New Exception collected in error log
Site: erpnext.localhost
Form Dict: {'fields': ['*'], 'filters': '[["references","reference_name","=","ACC-PINV-2025-00002"]]', 'limit_page_length': 20}
2025-05-07 10:15:40,754 ERROR frappe New Exception collected in error log
Site: erpnext.localhost
Form Dict: {'doctype': 'Payment Entry', 'payment_type': 'Pay', 'mode_of_payment': 'Cash', 'posting_date': '2025-05-07', 'paid_amount': 10.0, 'received_amount': 10.0, 'reference_no': '', 'reference_date': '2025-05-07', 'party_type': 'Supplier', 'party': 'Sanifer', 'paid_to': 'Creditors - ITU', 'docstatus': 1, 'source_exchange_rate': 1.0, 'target_exchange_rate': 1.0, 'paid_from_account_currency': 'EUR', 'paid_to_account_currency': 'EUR', 'paid_from': 'Cash - ITU', 'references': [{'reference_doctype': 'Purchase Invoice', 'reference_name': 'ACC-PINV-2025-00003', 'allocated_amount': 10.0}]}
2025-05-07 10:40:07,084 ERROR frappe New Exception collected in error log
Site: erpnext.localhost
Form Dict: {'doctype': 'Payment Entry', 'payment_type': 'Pay', 'mode_of_payment': 'Bank Draft', 'posting_date': '2025-05-07', 'paid_amount': 8.0, 'received_amount': 8.0, 'reference_no': '', 'reference_date': '2025-05-07', 'party_type': 'Supplier', 'party': 'Sanifer', 'paid_to': 'Creditors - ITU', 'docstatus': 1, 'source_exchange_rate': 1.0, 'target_exchange_rate': 1.0, 'paid_from_account_currency': 'EUR', 'paid_to_account_currency': 'EUR', 'paid_from': 'Cash - ITU', 'references': [{'reference_doctype': 'Purchase Invoice', 'reference_name': 'ACC-PINV-2025-00003', 'allocated_amount': 8.0}]}
2025-05-07 10:40:18,343 ERROR frappe New Exception collected in error log
Site: erpnext.localhost
Form Dict: {'doctype': 'Payment Entry', 'payment_type': 'Pay', 'mode_of_payment': 'Cash', 'posting_date': '2025-05-07', 'paid_amount': 10.0, 'received_amount': 10.0, 'reference_no': '', 'reference_date': '2025-05-07', 'party_type': 'Supplier', 'party': 'Exxon', 'paid_to': 'Creditors - ITU', 'docstatus': 1, 'source_exchange_rate': 1.0, 'target_exchange_rate': 1.0, 'paid_from_account_currency': 'EUR', 'paid_to_account_currency': 'EUR', 'paid_from': 'Cash - ITU', 'references': [{'reference_doctype': 'Purchase Invoice', 'reference_name': 'ACC-PINV-2025-00002', 'allocated_amount': 10.0}]}
2025-05-07 13:19:11,177 ERROR frappe New Exception collected in error log
Site: erpnext.localhost
Form Dict: {'doctype': 'Payment Entry', 'payment_type': 'Pay', 'mode_of_payment': 'Cash', 'posting_date': '2025-05-07', 'paid_amount': 10.0, 'received_amount': 10.0, 'reference_no': '', 'reference_date': '2025-05-07', 'party_type': 'Supplier', 'party': 'Sanifer', 'paid_to': 'Creditors - ITU', 'docstatus': 1, 'source_exchange_rate': 1.0, 'target_exchange_rate': 1.0, 'paid_from_account_currency': 'EUR', 'paid_to_account_currency': 'EUR', 'paid_from': 'Cash - ITU', 'references': [{'reference_doctype': 'Purchase Invoice', 'reference_name': 'ACC-PINV-2025-00002', 'allocated_amount': 10.0}]}
2025-05-07 13:20:39,877 ERROR frappe New Exception collected in error log
Site: erpnext.localhost
Form Dict: {'doctype': 'Payment Entry', 'payment_type': 'Pay', 'mode_of_payment': 'Cash', 'posting_date': '2025-05-07', 'paid_amount': 10.0, 'received_amount': 10.0, 'reference_no': '', 'reference_date': '2025-05-07', 'party_type': 'Supplier', 'party': 'Electroplus', 'paid_to': 'Creditors - ITU', 'docstatus': 1, 'source_exchange_rate': 1.0, 'target_exchange_rate': 1.0, 'paid_from_account_currency': 'EUR', 'paid_to_account_currency': 'EUR', 'paid_from': 'Cash - ITU', 'references': [{'reference_doctype': 'Purchase Invoice', 'reference_name': 'ACC-PINV-2025-00002', 'allocated_amount': 10.0}]}
2025-05-07 13:33:21,720 ERROR frappe New Exception collected in error log
Site: erpnext.localhost
Form Dict: {'doctype': 'Payment Entry', 'payment_type': 'Pay', 'mode_of_payment': 'Cash', 'posting_date': '2025-05-07', 'paid_amount': 10.0, 'received_amount': 10.0, 'reference_no': '', 'reference_date': '2025-05-07', 'party_type': 'Supplier', 'party': 'Electroplus', 'paid_to': 'Creditors - O', 'docstatus': 1, 'source_exchange_rate': 1.0, 'target_exchange_rate': 1.0, 'paid_from_account_currency': 'EUR', 'paid_to_account_currency': 'EUR', 'paid_from': 'Cash - O', 'references': [{'reference_doctype': 'Purchase Invoice', 'reference_name': 'ACC-PINV-2025-00002', 'allocated_amount': 10.0}]}
2025-05-07 13:33:34,761 ERROR frappe New Exception collected in error log
Site: erpnext.localhost
Form Dict: {'doctype': 'Payment Entry', 'payment_type': 'Pay', 'mode_of_payment': 'Cash', 'posting_date': '2025-05-07', 'paid_amount': 10.0, 'received_amount': 10.0, 'reference_no': '', 'reference_date': '2025-05-07', 'party_type': 'Supplier', 'party': 'Electroplus', 'paid_to': 'Creditors - ITU', 'docstatus': 1, 'source_exchange_rate': 1.0, 'target_exchange_rate': 1.0, 'paid_from_account_currency': 'EUR', 'paid_to_account_currency': 'EUR', 'paid_from': 'Cash - O', 'references': [{'reference_doctype': 'Purchase Invoice', 'reference_name': 'ACC-PINV-2025-00002', 'allocated_amount': 10.0}]}
2025-05-07 14:01:47,483 ERROR frappe New Exception collected in error log
Site: erpnext.localhost
Form Dict: {'mode_of_payment': 'Cash', 'posting_date': '2024-03-19', 'target_exchange_rate': 1.0, 'party_type': 'Supplier', 'party': 'Electroplus', 'paid_to': 'Creditors - ITU', 'paid_to_account_currency': 'EUR', 'paid_amount': '10.0', 'received_amount': '10.0', 'paid_from': 'Creditors - ITU', 'paid_from_account_currency': 'EUR', 'payment_type': 'Pay', 'company': 'ITUniversity', 'references': [{'reference_doctype': 'Purchase Invoice', 'reference_name': 'ACC-PINV-2025-00002', 'total_amount': '10.0', 'outstanding_amount': '10.0', 'allocated_amount': '10.0'}]}
2025-05-07 14:02:23,908 ERROR frappe New Exception collected in error log
Site: erpnext.localhost
Form Dict: {'mode_of_payment': 'Cash', 'posting_date': '2024-03-19', 'target_exchange_rate': 1.0, 'party_type': 'Supplier', 'party': 'Electroplus', 'paid_to': 'Creditors - ITU', 'paid_to_account_currency': 'EUR', 'paid_amount': '10.0', 'received_amount': '10.0', 'paid_from': 'Creditors - ITU', 'paid_from_account_currency': 'EUR', 'payment_type': 'Pay', 'company': 'ITUniversity', 'references': [{'reference_doctype': 'Purchase Invoice', 'reference_name': 'ACC-PINV-2025-00002', 'total_amount': '10.0', 'outstanding_amount': '10.0', 'allocated_amount': '10.0'}]}
2025-05-07 14:13:21,612 ERROR frappe New Exception collected in error log
Site: erpnext.localhost
Form Dict: {'doctype': 'Payment Entry', 'payment_type': 'Pay', 'mode_of_payment': 'Cash', 'posting_date': '2025-05-07', 'paid_amount': 10.0, 'received_amount': 10.0, 'reference_no': '', 'reference_date': '2025-05-07', 'party_type': 'Supplier', 'party': 'Electroplus', 'paid_to': 'Creditors - ITU', 'source_exchange_rate': 1.0, 'target_exchange_rate': 1.0, 'paid_from_account_currency': 'EUR', 'paid_to_account_currency': 'EUR', 'paid_from': 'Cash - ITU', 'references': [{'reference_doctype': 'Purchase Invoice', 'reference_name': 'ACC-PINV-2025-00002', 'allocated_amount': 10.0}]}
2025-05-07 14:13:33,327 ERROR frappe New Exception collected in error log
Site: erpnext.localhost
Form Dict: {'payment_type': 'Pay', 'mode_of_payment': 'Cash', 'posting_date': '2025-05-07', 'paid_amount': 10.0, 'received_amount': 10.0, 'reference_no': '', 'reference_date': '2025-05-07', 'party_type': 'Supplier', 'party': 'Electroplus', 'paid_to': 'Creditors - ITU', 'source_exchange_rate': 1.0, 'target_exchange_rate': 1.0, 'paid_from_account_currency': 'EUR', 'paid_to_account_currency': 'EUR', 'paid_from': 'Cash - ITU', 'references': [{'reference_doctype': 'Purchase Invoice', 'reference_name': 'ACC-PINV-2025-00002', 'allocated_amount': 10.0}]}
2025-05-07 14:17:59,953 ERROR frappe New Exception collected in error log
Site: erpnext.localhost
Form Dict: {'docstatus': 1}
2025-05-07 14:18:31,991 ERROR frappe New Exception collected in error log
Site: erpnext.localhost
Form Dict: {'docstatus': 1}
2025-05-07 14:24:45,800 ERROR frappe New Exception collected in error log
Site: erpnext.localhost
Form Dict: {}
2025-05-07 14:28:15,321 ERROR frappe New Exception collected in error log
Site: erpnext.localhost
Form Dict: {'doctype': 'Payment Entry', 'name': 'ACC-PAY-2025-00019', 'docstatus': 1, 'run_method': 'submit', 'cmd': 'frappe.client.submit'}
2025-05-07 14:31:35,074 ERROR frappe New Exception collected in error log
Site: erpnext.localhost
Form Dict: {'doc': 'ACC-PAY-2025-00020'}
2025-05-07 14:33:49,981 ERROR frappe New Exception collected in error log
Site: erpnext.localhost
Form Dict: {}
