2025-05-02 00:08:08,827 ERROR scheduler Skipped queueing erpnext.projects.doctype.project.project.update_project_sales_billing because it was found in queue for erpnext.localhost
2025-05-02 00:08:08,934 ERROR scheduler Skipped queueing erpnext.buying.doctype.supplier_scorecard.supplier_scorecard.refresh_scorecards because it was found in queue for erpnext.localhost
2025-05-02 00:08:08,950 ERROR scheduler Skipped queueing frappe.oauth.delete_oauth2_data because it was found in queue for erpnext.localhost
2025-05-02 00:08:08,985 ERROR scheduler Skipped queueing erpnext.stock.doctype.serial_no.serial_no.update_maintenance_status because it was found in queue for erpnext.localhost
2025-05-02 00:08:09,304 ERROR scheduler Skipped queueing erpnext.utilities.doctype.video.video.update_youtube_data because it was found in queue for erpnext.localhost
2025-05-02 00:08:09,328 ERROR scheduler Skipped queueing erpnext.setup.doctype.company.company.cache_companies_monthly_sales_history because it was found in queue for erpnext.localhost
2025-05-02 00:08:09,424 ERROR scheduler Skipped queueing erpnext.projects.doctype.project.project.project_status_update_reminder because it was found in queue for erpnext.localhost
2025-05-02 00:08:09,447 ERROR scheduler Skipped queueing erpnext.accounts.utils.auto_create_exchange_rate_revaluation_daily because it was found in queue for erpnext.localhost
2025-05-02 00:08:09,499 ERROR scheduler Skipped queueing frappe.integrations.doctype.google_contacts.google_contacts.sync because it was found in queue for erpnext.localhost
2025-05-02 00:20:08,767 ERROR scheduler Skipped queueing erpnext.assets.doctype.asset.depreciation.post_depreciation_entries because it was found in queue for erpnext.localhost
2025-05-02 00:20:08,814 ERROR scheduler Skipped queueing frappe.integrations.doctype.google_calendar.google_calendar.sync because it was found in queue for erpnext.localhost
2025-05-02 00:20:08,849 ERROR scheduler Skipped queueing frappe.email.doctype.email_account.email_account.notify_unreplied because it was found in queue for erpnext.localhost
2025-05-02 00:20:08,913 ERROR scheduler Skipped queueing frappe.oauth.delete_oauth2_data because it was found in queue for erpnext.localhost
2025-05-02 00:20:08,966 ERROR scheduler Skipped queueing frappe.utils.global_search.sync_global_search because it was found in queue for erpnext.localhost
2025-05-02 00:20:09,050 ERROR scheduler Skipped queueing frappe.monitor.flush because it was found in queue for erpnext.localhost
2025-05-02 00:20:09,234 ERROR scheduler Skipped queueing frappe.automation.doctype.reminder.reminder.send_reminders because it was found in queue for erpnext.localhost
2025-05-02 00:20:09,301 ERROR scheduler Skipped queueing erpnext.manufacturing.doctype.bom_update_log.bom_update_log.resume_bom_cost_update_jobs because it was found in queue for erpnext.localhost
2025-05-02 00:20:09,370 ERROR scheduler Skipped queueing frappe.integrations.doctype.google_drive.google_drive.daily_backup because it was found in queue for erpnext.localhost
2025-05-02 00:20:09,429 ERROR scheduler Skipped queueing frappe.website.doctype.web_page.web_page.check_publish_status because it was found in queue for erpnext.localhost
2025-05-02 00:20:09,470 ERROR scheduler Skipped queueing frappe.email.queue.flush because it was found in queue for erpnext.localhost
2025-05-02 00:20:09,511 ERROR scheduler Skipped queueing erpnext.manufacturing.doctype.bom_update_tool.bom_update_tool.auto_update_latest_price_in_all_boms because it was found in queue for erpnext.localhost
2025-05-02 00:20:09,599 ERROR scheduler Skipped queueing frappe.deferred_insert.save_to_db because it was found in queue for erpnext.localhost
2025-05-02 00:20:09,691 ERROR scheduler Skipped queueing frappe.email.doctype.auto_email_report.auto_email_report.send_daily because it was found in queue for erpnext.localhost
2025-05-02 00:20:09,795 ERROR scheduler Skipped queueing erpnext.crm.utils.open_leads_opportunities_based_on_todays_event because it was found in queue for erpnext.localhost
2025-05-02 00:20:10,131 ERROR scheduler Skipped queueing erpnext.accounts.doctype.process_subscription.process_subscription.create_subscription_process because it was found in queue for erpnext.localhost
2025-05-02 00:20:10,225 ERROR scheduler Skipped queueing frappe.integrations.doctype.s3_backup_settings.s3_backup_settings.take_backups_daily because it was found in queue for erpnext.localhost
2025-05-02 00:20:10,346 ERROR scheduler Skipped queueing erpnext.setup.doctype.email_digest.email_digest.send because it was found in queue for erpnext.localhost
2025-05-02 00:20:10,429 ERROR scheduler Skipped queueing erpnext.utilities.bulk_transaction.retry because it was found in queue for erpnext.localhost
2025-05-02 00:20:10,594 ERROR scheduler Skipped queueing erpnext.stock.doctype.repost_item_valuation.repost_item_valuation.repost_entries because it was found in queue for erpnext.localhost
2025-05-02 19:08:12,551 ERROR scheduler Skipped queueing erpnext.manufacturing.doctype.bom_update_log.bom_update_log.resume_bom_cost_update_jobs because it was found in queue for erpnext.localhost
2025-05-02 19:08:12,604 ERROR scheduler Skipped queueing frappe.twofactor.delete_all_barcodes_for_users because it was found in queue for erpnext.localhost
2025-05-02 19:08:12,636 ERROR scheduler Skipped queueing frappe.utils.global_search.sync_global_search because it was found in queue for erpnext.localhost
2025-05-02 19:08:12,667 ERROR scheduler Skipped queueing erpnext.utilities.bulk_transaction.retry because it was found in queue for erpnext.localhost
2025-05-02 19:08:12,754 ERROR scheduler Skipped queueing erpnext.utilities.doctype.video.video.update_youtube_data because it was found in queue for erpnext.localhost
2025-05-02 19:08:12,783 ERROR scheduler Skipped queueing erpnext.erpnext_integrations.doctype.plaid_settings.plaid_settings.automatic_synchronization because it was found in queue for erpnext.localhost
2025-05-02 19:08:12,818 ERROR scheduler Skipped queueing frappe.email.doctype.email_account.email_account.notify_unreplied because it was found in queue for erpnext.localhost
2025-05-02 19:08:12,841 ERROR scheduler Skipped queueing frappe.desk.page.backups.backups.delete_downloadable_backups because it was found in queue for erpnext.localhost
2025-05-02 19:08:12,875 ERROR scheduler Skipped queueing erpnext.accounts.doctype.gl_entry.gl_entry.rename_gle_sle_docs because it was found in queue for erpnext.localhost
2025-05-02 19:08:12,910 ERROR scheduler Skipped queueing erpnext.stock.doctype.repost_item_valuation.repost_item_valuation.repost_entries because it was found in queue for erpnext.localhost
2025-05-02 19:08:12,980 ERROR scheduler Skipped queueing erpnext.projects.doctype.project.project.collect_project_status because it was found in queue for erpnext.localhost
2025-05-02 19:08:13,013 ERROR scheduler Skipped queueing frappe.automation.doctype.reminder.reminder.send_reminders because it was found in queue for erpnext.localhost
2025-05-02 19:08:13,036 ERROR scheduler Skipped queueing frappe.email.queue.flush because it was found in queue for erpnext.localhost
2025-05-02 19:08:13,066 ERROR scheduler Skipped queueing frappe.email.doctype.newsletter.newsletter.send_scheduled_email because it was found in queue for erpnext.localhost
2025-05-02 20:04:19,015 ERROR scheduler Skipped queueing frappe.automation.doctype.reminder.reminder.send_reminders because it was found in queue for erpnext.localhost
2025-05-02 22:04:23,146 ERROR scheduler Skipped queueing frappe.model.utils.link_count.update_link_count because it was found in queue for erpnext.localhost
2025-05-02 22:04:23,279 ERROR scheduler Skipped queueing frappe.email.doctype.email_account.email_account.notify_unreplied because it was found in queue for erpnext.localhost
2025-05-02 22:04:23,716 ERROR scheduler Skipped queueing frappe.desk.page.backups.backups.delete_downloadable_backups because it was found in queue for erpnext.localhost
2025-05-02 22:04:23,773 ERROR scheduler Skipped queueing frappe.oauth.delete_oauth2_data because it was found in queue for erpnext.localhost
2025-05-02 22:04:23,821 ERROR scheduler Skipped queueing erpnext.projects.doctype.project.project.collect_project_status because it was found in queue for erpnext.localhost
2025-05-02 22:04:23,884 ERROR scheduler Skipped queueing frappe.twofactor.delete_all_barcodes_for_users because it was found in queue for erpnext.localhost
2025-05-02 22:04:23,931 ERROR scheduler Skipped queueing frappe.email.doctype.newsletter.newsletter.send_scheduled_email because it was found in queue for erpnext.localhost
2025-05-02 22:04:23,999 ERROR scheduler Skipped queueing frappe.website.doctype.web_page.web_page.check_publish_status because it was found in queue for erpnext.localhost
2025-05-02 22:04:24,182 ERROR scheduler Skipped queueing erpnext.projects.doctype.project.project.hourly_reminder because it was found in queue for erpnext.localhost
2025-05-02 22:04:24,245 ERROR scheduler Skipped queueing frappe.email.queue.flush because it was found in queue for erpnext.localhost
2025-05-02 22:08:23,919 ERROR scheduler Skipped queueing erpnext.utilities.bulk_transaction.retry because it was found in queue for erpnext.localhost
2025-05-03 00:04:22,760 ERROR scheduler Skipped queueing erpnext.accounts.utils.auto_create_exchange_rate_revaluation_daily because it was found in queue for erpnext.localhost
2025-05-03 00:04:22,774 ERROR scheduler Skipped queueing frappe.email.doctype.email_account.email_account.notify_unreplied because it was found in queue for erpnext.localhost
2025-05-03 00:04:22,792 ERROR scheduler Skipped queueing frappe.desk.page.backups.backups.delete_downloadable_backups because it was found in queue for erpnext.localhost
2025-05-03 00:04:22,813 ERROR scheduler Skipped queueing erpnext.assets.doctype.asset.asset.update_maintenance_status because it was found in queue for erpnext.localhost
2025-05-03 00:04:22,840 ERROR scheduler Skipped queueing erpnext.projects.doctype.task.task.set_tasks_as_overdue because it was found in queue for erpnext.localhost
2025-05-03 00:04:22,929 ERROR scheduler Skipped queueing erpnext.crm.doctype.opportunity.opportunity.auto_close_opportunity because it was found in queue for erpnext.localhost
2025-05-03 00:04:23,017 ERROR scheduler Skipped queueing frappe.twofactor.delete_all_barcodes_for_users because it was found in queue for erpnext.localhost
2025-05-03 00:04:23,047 ERROR scheduler Skipped queueing erpnext.crm.doctype.email_campaign.email_campaign.set_email_campaign_status because it was found in queue for erpnext.localhost
2025-05-03 00:04:23,073 ERROR scheduler Skipped queueing erpnext.buying.doctype.supplier_scorecard.supplier_scorecard.refresh_scorecards because it was found in queue for erpnext.localhost
2025-05-03 00:04:23,102 ERROR scheduler Skipped queueing frappe.integrations.doctype.google_contacts.google_contacts.sync because it was found in queue for erpnext.localhost
2025-05-03 00:04:23,299 ERROR scheduler Skipped queueing frappe.email.doctype.notification.notification.trigger_daily_alerts because it was found in queue for erpnext.localhost
2025-05-03 00:04:23,325 ERROR scheduler Skipped queueing frappe.desk.notifications.clear_notifications because it was found in queue for erpnext.localhost
2025-05-03 00:04:23,346 ERROR scheduler Skipped queueing erpnext.assets.doctype.asset.asset.make_post_gl_entry because it was found in queue for erpnext.localhost
2025-05-03 00:04:23,411 ERROR scheduler Skipped queueing frappe.desk.form.document_follow.send_hourly_updates because it was found in queue for erpnext.localhost
2025-05-03 00:04:23,437 ERROR scheduler Skipped queueing frappe.automation.doctype.reminder.reminder.send_reminders because it was found in queue for erpnext.localhost
2025-05-03 00:04:23,459 ERROR scheduler Skipped queueing frappe.integrations.doctype.google_calendar.google_calendar.sync because it was found in queue for erpnext.localhost
2025-05-03 00:04:23,478 ERROR scheduler Skipped queueing frappe.email.doctype.notification.notification.trigger_offset_alerts because it was found in queue for erpnext.localhost
2025-05-03 00:04:23,497 ERROR scheduler Skipped queueing erpnext.manufacturing.doctype.bom_update_log.bom_update_log.resume_bom_cost_update_jobs because it was found in queue for erpnext.localhost
2025-05-03 00:04:23,512 ERROR scheduler Skipped queueing erpnext.crm.doctype.contract.contract.update_status_for_contracts because it was found in queue for erpnext.localhost
2025-05-03 00:04:23,526 ERROR scheduler Skipped queueing frappe.oauth.delete_oauth2_data because it was found in queue for erpnext.localhost
2025-05-03 00:04:23,541 ERROR scheduler Skipped queueing erpnext.utilities.doctype.video.video.update_youtube_data because it was found in queue for erpnext.localhost
2025-05-05 00:24:00,801 ERROR scheduler Skipped queueing frappe.twofactor.delete_all_barcodes_for_users because it was found in queue for erpnext.localhost
2025-05-05 00:24:00,835 ERROR scheduler Skipped queueing erpnext.projects.doctype.project.project.send_project_status_email_to_users because it was found in queue for erpnext.localhost
2025-05-05 00:24:00,861 ERROR scheduler Skipped queueing erpnext.assets.doctype.asset.asset.update_maintenance_status because it was found in queue for erpnext.localhost
2025-05-05 00:24:00,894 ERROR scheduler Skipped queueing frappe.integrations.doctype.google_calendar.google_calendar.sync because it was found in queue for erpnext.localhost
2025-05-05 00:24:00,923 ERROR scheduler Skipped queueing erpnext.setup.doctype.company.company.cache_companies_monthly_sales_history because it was found in queue for erpnext.localhost
2025-05-05 00:24:00,947 ERROR scheduler Skipped queueing frappe.email.doctype.newsletter.newsletter.send_scheduled_email because it was found in queue for erpnext.localhost
2025-05-05 00:24:00,977 ERROR scheduler Skipped queueing erpnext.assets.doctype.asset.asset.make_post_gl_entry because it was found in queue for erpnext.localhost
2025-05-05 00:24:00,999 ERROR scheduler Skipped queueing erpnext.manufacturing.doctype.bom_update_log.bom_update_log.resume_bom_cost_update_jobs because it was found in queue for erpnext.localhost
2025-05-05 00:24:01,025 ERROR scheduler Skipped queueing erpnext.crm.doctype.opportunity.opportunity.auto_close_opportunity because it was found in queue for erpnext.localhost
2025-05-05 00:24:01,050 ERROR scheduler Skipped queueing erpnext.assets.doctype.asset.depreciation.post_depreciation_entries because it was found in queue for erpnext.localhost
2025-05-05 00:24:01,080 ERROR scheduler Skipped queueing erpnext.stock.doctype.repost_item_valuation.repost_item_valuation.repost_entries because it was found in queue for erpnext.localhost
2025-05-05 00:24:01,118 ERROR scheduler Skipped queueing frappe.desk.notifications.clear_notifications because it was found in queue for erpnext.localhost
2025-05-05 00:24:01,154 ERROR scheduler Skipped queueing frappe.email.doctype.auto_email_report.auto_email_report.send_daily because it was found in queue for erpnext.localhost
2025-05-05 00:24:01,196 ERROR scheduler Skipped queueing erpnext.utilities.doctype.video.video.update_youtube_data because it was found in queue for erpnext.localhost
2025-05-05 00:24:01,233 ERROR scheduler Skipped queueing erpnext.projects.doctype.project.project.hourly_reminder because it was found in queue for erpnext.localhost
2025-05-05 00:24:01,261 ERROR scheduler Skipped queueing frappe.integrations.doctype.dropbox_settings.dropbox_settings.take_backups_daily because it was found in queue for erpnext.localhost
2025-05-05 00:24:01,290 ERROR scheduler Skipped queueing frappe.email.doctype.notification.notification.trigger_offset_alerts because it was found in queue for erpnext.localhost
2025-05-05 00:24:01,323 ERROR scheduler Skipped queueing erpnext.crm.utils.open_leads_opportunities_based_on_todays_event because it was found in queue for erpnext.localhost
2025-05-05 00:24:01,343 ERROR scheduler Skipped queueing erpnext.accounts.doctype.process_subscription.process_subscription.create_subscription_process because it was found in queue for erpnext.localhost
2025-05-05 00:24:01,369 ERROR scheduler Skipped queueing erpnext.controllers.accounts_controller.update_invoice_status because it was found in queue for erpnext.localhost
2025-05-05 00:24:01,393 ERROR scheduler Skipped queueing frappe.integrations.doctype.s3_backup_settings.s3_backup_settings.take_backups_daily because it was found in queue for erpnext.localhost
2025-05-05 00:24:01,414 ERROR scheduler Skipped queueing erpnext.accounts.doctype.fiscal_year.fiscal_year.auto_create_fiscal_year because it was found in queue for erpnext.localhost
2025-05-05 00:24:01,437 ERROR scheduler Skipped queueing erpnext.utilities.bulk_transaction.retry because it was found in queue for erpnext.localhost
2025-05-05 00:24:01,458 ERROR scheduler Skipped queueing frappe.email.doctype.notification.notification.trigger_daily_alerts because it was found in queue for erpnext.localhost
2025-05-05 00:24:01,485 ERROR scheduler Skipped queueing frappe.utils.global_search.sync_global_search because it was found in queue for erpnext.localhost
2025-05-05 00:24:01,518 ERROR scheduler Skipped queueing erpnext.crm.doctype.email_campaign.email_campaign.set_email_campaign_status because it was found in queue for erpnext.localhost
2025-05-05 00:24:01,554 ERROR scheduler Skipped queueing frappe.desk.page.backups.backups.delete_downloadable_backups because it was found in queue for erpnext.localhost
2025-05-05 00:24:01,632 ERROR scheduler Skipped queueing frappe.model.utils.user_settings.sync_user_settings because it was found in queue for erpnext.localhost
2025-05-05 00:24:01,662 ERROR scheduler Skipped queueing frappe.integrations.doctype.google_drive.google_drive.daily_backup because it was found in queue for erpnext.localhost
2025-05-05 00:24:01,698 ERROR scheduler Skipped queueing erpnext.manufacturing.doctype.bom_update_tool.bom_update_tool.auto_update_latest_price_in_all_boms because it was found in queue for erpnext.localhost
2025-05-05 00:24:01,720 ERROR scheduler Skipped queueing frappe.automation.doctype.reminder.reminder.send_reminders because it was found in queue for erpnext.localhost
2025-05-05 00:24:01,745 ERROR scheduler Skipped queueing erpnext.crm.doctype.email_campaign.email_campaign.send_email_to_leads_or_contacts because it was found in queue for erpnext.localhost
2025-05-05 00:24:01,768 ERROR scheduler Skipped queueing frappe.deferred_insert.save_to_db because it was found in queue for erpnext.localhost
2025-05-05 00:24:01,839 ERROR scheduler Skipped queueing erpnext.setup.doctype.email_digest.email_digest.send because it was found in queue for erpnext.localhost
2025-05-05 00:24:01,862 ERROR scheduler Skipped queueing erpnext.stock.doctype.serial_no.serial_no.update_maintenance_status because it was found in queue for erpnext.localhost
2025-05-05 00:24:01,886 ERROR scheduler Skipped queueing erpnext.support.doctype.service_level_agreement.service_level_agreement.check_agreement_status because it was found in queue for erpnext.localhost
2025-05-05 00:24:01,908 ERROR scheduler Skipped queueing erpnext.projects.doctype.project.project.project_status_update_reminder because it was found in queue for erpnext.localhost
2025-05-05 00:24:01,937 ERROR scheduler Skipped queueing erpnext.selling.doctype.quotation.quotation.set_expired_status because it was found in queue for erpnext.localhost
2025-05-05 00:24:01,970 ERROR scheduler Skipped queueing erpnext.assets.doctype.asset_maintenance_log.asset_maintenance_log.update_asset_maintenance_log_status because it was found in queue for erpnext.localhost
2025-05-05 00:28:01,263 ERROR scheduler Skipped queueing erpnext.utilities.bulk_transaction.retry because it was found in queue for erpnext.localhost
2025-05-05 00:28:01,300 ERROR scheduler Skipped queueing frappe.monitor.flush because it was found in queue for erpnext.localhost
2025-05-05 00:28:01,325 ERROR scheduler Skipped queueing erpnext.crm.utils.open_leads_opportunities_based_on_todays_event because it was found in queue for erpnext.localhost
2025-05-05 00:28:01,344 ERROR scheduler Skipped queueing erpnext.stock.doctype.repost_item_valuation.repost_item_valuation.repost_entries because it was found in queue for erpnext.localhost
2025-05-05 00:28:01,370 ERROR scheduler Skipped queueing erpnext.setup.doctype.email_digest.email_digest.send because it was found in queue for erpnext.localhost
2025-05-05 00:28:01,402 ERROR scheduler Skipped queueing erpnext.crm.doctype.email_campaign.email_campaign.send_email_to_leads_or_contacts because it was found in queue for erpnext.localhost
2025-05-05 00:28:01,428 ERROR scheduler Skipped queueing frappe.integrations.doctype.dropbox_settings.dropbox_settings.take_backups_daily because it was found in queue for erpnext.localhost
2025-05-05 00:28:01,453 ERROR scheduler Skipped queueing frappe.email.queue.flush because it was found in queue for erpnext.localhost
2025-05-05 00:28:01,484 ERROR scheduler Skipped queueing erpnext.manufacturing.doctype.bom_update_log.bom_update_log.resume_bom_cost_update_jobs because it was found in queue for erpnext.localhost
2025-05-05 00:28:01,515 ERROR scheduler Skipped queueing frappe.email.doctype.auto_email_report.auto_email_report.send_daily because it was found in queue for erpnext.localhost
2025-05-05 00:28:01,541 ERROR scheduler Skipped queueing erpnext.assets.doctype.asset.depreciation.post_depreciation_entries because it was found in queue for erpnext.localhost
2025-05-05 00:28:01,564 ERROR scheduler Skipped queueing frappe.integrations.doctype.google_drive.google_drive.daily_backup because it was found in queue for erpnext.localhost
2025-05-05 00:28:01,594 ERROR scheduler Skipped queueing erpnext.accounts.doctype.fiscal_year.fiscal_year.auto_create_fiscal_year because it was found in queue for erpnext.localhost
2025-05-05 00:28:01,622 ERROR scheduler Skipped queueing erpnext.support.doctype.service_level_agreement.service_level_agreement.check_agreement_status because it was found in queue for erpnext.localhost
2025-05-05 00:28:01,647 ERROR scheduler Skipped queueing frappe.utils.global_search.sync_global_search because it was found in queue for erpnext.localhost
2025-05-05 00:28:01,677 ERROR scheduler Skipped queueing erpnext.utilities.doctype.video.video.update_youtube_data because it was found in queue for erpnext.localhost
2025-05-05 00:28:01,704 ERROR scheduler Skipped queueing frappe.integrations.doctype.s3_backup_settings.s3_backup_settings.take_backups_daily because it was found in queue for erpnext.localhost
2025-05-05 00:28:01,731 ERROR scheduler Skipped queueing frappe.integrations.doctype.google_calendar.google_calendar.sync because it was found in queue for erpnext.localhost
2025-05-05 00:28:01,763 ERROR scheduler Skipped queueing erpnext.manufacturing.doctype.bom_update_tool.bom_update_tool.auto_update_latest_price_in_all_boms because it was found in queue for erpnext.localhost
2025-05-05 00:28:01,788 ERROR scheduler Skipped queueing erpnext.crm.doctype.opportunity.opportunity.auto_close_opportunity because it was found in queue for erpnext.localhost
2025-05-05 00:28:01,829 ERROR scheduler Skipped queueing erpnext.setup.doctype.company.company.cache_companies_monthly_sales_history because it was found in queue for erpnext.localhost
2025-05-05 00:28:01,863 ERROR scheduler Skipped queueing erpnext.accounts.doctype.process_subscription.process_subscription.create_subscription_process because it was found in queue for erpnext.localhost
